#
# A fatal error has been detected by the Java Runtime Environment:
#
#  SIGSEGV (0xb) at pc=0x00007f481049df37, pid=30089, tid=139948493784832
#
# JRE version: OpenJDK Runtime Environment (8.0_72-b15) (build 1.8.0_72-internal-b15)
# Java VM: OpenJDK 64-Bit Server VM (25.72-b15 mixed mode linux-amd64 compressed oops)
# Problematic frame:
# C  [libqtjambi.so.1+0x20f37]  qtjambishell_signals_cleanup(QtJambiSignalInfo*, int)+0x37
#
# Failed to write core dump. Core dumps have been disabled. To enable core dumping, try "ulimit -c unlimited" before starting Java again
#
# If you would like to submit a bug report, please visit:
#   http://bugreport.java.com/bugreport/crash.jsp
#

---------------  T H R E A D  ---------------

Current thread is native thread

siginfo: si_signo: 11 (SIGSEGV), si_code: 1 (SEGV_MAPERR), si_addr: 0x0000000000000000

Registers:
RAX=0x0000000000000000, RBX=0x00007f48446852b0, RCX=0x00007f48440f6e30, RDX=0x00007f4844000040
RSP=0x00007f484c423a00, RBP=0x0000000000000000, RSI=0x00007f4844077978, RDI=0x0000000000000000
R8 =0x000000000000ff00, R9 =0x00007f48440f6e90, R10=0x00007f484c423600, R11=0x00007f4810cd1b90
R12=0x00007f4844685320, R13=0x00007f4844426650, R14=0x00007f47b4003db0, R15=0x00007f4844431b30
RIP=0x00007f481049df37, EFLAGS=0x0000000000010206, CSGSFS=0x0000000000000033, ERR=0x0000000000000004
  TRAPNO=0x000000000000000e

Top of Stack: (sp=0x00007f484c423a00)
0x00007f484c423a00:   00007f4844431b30 00007f47b4003db0
0x00007f484c423a10:   00007f4844431b30 00007f47e0873070
0x00007f484c423a20:   0000000022150bc3 00007f4844431b30
0x00007f484c423a30:   00007f47b4003db0 00007f47e08730a9
0x00007f484c423a40:   00007f4844431b30 00007f4810de3940
0x00007f484c423a50:   0000000000000000 00007f484c423ae0
0x00007f484c423a60:   0000000000000000 00007f48442ff7e8
0x00007f484c423a70:   00007f48442ff980 00007f484c423a90
0x00007f484c423a80:   000000001807d129 00007f47e04865ed
0x00007f484c423a90:   00000000ffffffff 00007f484400a000
0x00007f484c423aa0:   00007f47e2f56fb8 00007f48442ed820
0x00007f484c423ab0:   00007f484c423be0 00007f48440032a0
0x00007f484c423ac0:   00007f48440032b0 00007f484c247dc9
0x00007f484c423ad0:   00007f484400a000 0000000032685b50
0x00007f484c423ae0:   0000000000000002 000000000000001e
0x00007f484c423af0:   00007f48442ffa78 00007f484c248816
0x00007f484c423b00:   00007f484c423bf0 00007f47e104d950
0x00007f484c423b10:   0000000000000000 00007f4844443fe0
0x00007f484c423b20:   00007f47b4003db0 00007f4844431b30
0x00007f484c423b30:   00007f4844426650 00007f47e310e273
0x00007f484c423b40:   0000000000000005 0000000000000000
0x00007f484c423b50:   00007f48442ed820 00007f47e2f56fb8
0x00007f484c423b60:   00007f4844431b30 00007f47b4003db0
0x00007f484c423b70:   00007f4844443fe0 00007f484c254515
0x00007f484c423b80:   00007f484466c2d0 0000000000000001
0x00007f484c423b90:   00007f47b4003db0 00007f4844431b30
0x00007f484c423ba0:   00007f47b4003db0 00007f4844443fe0
0x00007f484c423bb0:   00007f4844426650 00007f47b4003db0
0x00007f484c423bc0:   00007f4844431b30 00007f47e310928c
0x00007f484c423bd0:   0000000100000005 00007f4844431b30
0x00007f484c423be0:   00007f4844431b30 00007f4844431b30
0x00007f484c423bf0:   00007f4844426650 00007f47e310f84a 

Instructions: (pc=0x00007f481049df37)
0x00007f481049df17:   24 ff 48 89 c5 48 c1 e6 04 4c 8d 64 33 10 0f 1f
0x00007f481049df27:   00 48 83 7b 08 00 74 24 48 8b 33 48 85 f6 74 14
0x00007f481049df37:   48 8b 45 00 48 89 ef ff 90 18 07 00 00 48 c7 03
0x00007f481049df47:   00 00 00 00 48 c7 43 08 00 00 00 00 48 83 c3 10 

Register to memory mapping:

RAX=0x0000000000000000 is an unknown value
RBX=0x00007f48446852b0 is an unknown value
RCX=0x00007f48440f6e30 is an unknown value
RDX=0x00007f4844000040 is an unknown value
RSP=0x00007f484c423a00 is an unknown value
RBP=0x0000000000000000 is an unknown value
RSI=0x00007f4844077978 is a weak global jni handle
RDI=0x0000000000000000 is an unknown value
R8 =0x000000000000ff00 is an unknown value
R9 =0x00007f48440f6e90 is an unknown value
R10=0x00007f484c423600 is an unknown value
R11=0x00007f4810cd1b90: _ZNK10QByteArray6isNullEv+0 in /tmp/QtJambi_xy_amd64_4.8.7_gcc-20150613-2146/lib/libQtCore.so.4 at 0x00007f4810c43000
R12=0x00007f4844685320 is an unknown value
R13=0x00007f4844426650 is an unknown value
R14=0x00007f47b4003db0 is an unknown value
R15=0x00007f4844431b30 is an unknown value


Stack: [0x00007f484c324000,0x00007f484c425000],  sp=0x00007f484c423a00,  free space=1022k
Native frames: (J=compiled Java code, j=interpreted, Vv=VM code, C=native code)
C  [libqtjambi.so.1+0x20f37]  qtjambishell_signals_cleanup(QtJambiSignalInfo*, int)+0x37

[error occurred during error reporting (printing native stack), id 0xb]


---------------  P R O C E S S  ---------------

VM state:at safepoint (shutting down)

VM Mutex/Monitor currently owned by a thread:  ([mutex/lock_event])
[0x00007f48440064b0] Threads_lock - owner thread: 0x00007f484407f800

Heap:
 PSYoungGen      total 36864K, used 1270K [0x00000000d6d80000, 0x00000000d9680000, 0x0000000100000000)
  eden space 31744K, 4% used [0x00000000d6d80000,0x00000000d6ebd8c0,0x00000000d8c80000)
  from space 5120K, 0% used [0x00000000d9180000,0x00000000d9180000,0x00000000d9680000)
  to   space 5120K, 0% used [0x00000000d8c80000,0x00000000d8c80000,0x00000000d9180000)
 ParOldGen       total 84992K, used 682K [0x0000000084800000, 0x0000000089b00000, 0x00000000d6d80000)
  object space 84992K, 0% used [0x0000000084800000,0x00000000848aaac8,0x0000000089b00000)
 Metaspace       used 5459K, capacity 5712K, committed 6016K, reserved 1056768K
  class space    used 577K, capacity 588K, committed 640K, reserved 1048576K

Card table byte_map: [0x00007f4848701000,0x00007f4848ade000] byte_map_base: 0x00007f48482dd000

Marking Bits: (ParMarkBitMap*) 0x00007f484b614080
 Begin Bits: [0x00007f4814240000, 0x00007f4816120000)
 End Bits:   [0x00007f4816120000, 0x00007f4818000000)

Polling page: 0x00007f484c45d000

CodeCache: size=245760Kb used=1559Kb max_used=1559Kb free=244200Kb
 bounds [0x00007f4835000000, 0x00007f4835270000, 0x00007f4844000000]
 total_blobs=520 nmethods=240 adapters=195
 compilation: enabled

Compilation events (10 events):
Event: 0,307 Thread 0x00007f48440be800  235   !   3       java.lang.ref.ReferenceQueue::enqueue (119 bytes)
Event: 0,307 Thread 0x00007f48440be800 nmethod 235 0x00007f4835183a10 code [0x00007f4835183bc0, 0x00007f4835184328]
Event: 0,307 Thread 0x00007f48440be800  236   !   3       java.lang.ref.Finalizer::add (41 bytes)
Event: 0,307 Thread 0x00007f48440be800 nmethod 236 0x00007f4835184510 code [0x00007f4835184680, 0x00007f4835184a30]
Event: 0,307 Thread 0x00007f48440be800  238       3       java.net.URLStreamHandler::setURL (40 bytes)
Event: 0,307 Thread 0x00007f48440be800 nmethod 238 0x00007f4835184b50 code [0x00007f4835184ce0, 0x00007f48351850d8]
Event: 0,307 Thread 0x00007f48440be800  239   !   3       java.net.URL::set (114 bytes)
Event: 0,308 Thread 0x00007f48440be800 nmethod 239 0x00007f4835185290 code [0x00007f4835185480, 0x00007f4835185fb8]
Event: 0,308 Thread 0x00007f48440be800  240       1       java.util.jar.Manifest::getMainAttributes (5 bytes)
Event: 0,308 Thread 0x00007f48440be800 nmethod 240 0x00007f483517f4d0 code [0x00007f483517f620, 0x00007f483517f730]

GC Heap History (8 events):
Event: 0,291 GC heap before
{Heap before GC invocations=1 (full 0):
 PSYoungGen      total 36864K, used 7795K [0x00000000d6d80000, 0x00000000d9680000, 0x0000000100000000)
  eden space 31744K, 24% used [0x00000000d6d80000,0x00000000d751cf70,0x00000000d8c80000)
  from space 5120K, 0% used [0x00000000d9180000,0x00000000d9180000,0x00000000d9680000)
  to   space 5120K, 0% used [0x00000000d8c80000,0x00000000d8c80000,0x00000000d9180000)
 ParOldGen       total 84992K, used 0K [0x0000000084800000, 0x0000000089b00000, 0x00000000d6d80000)
  object space 84992K, 0% used [0x0000000084800000,0x0000000084800000,0x0000000089b00000)
 Metaspace       used 5385K, capacity 5648K, committed 5760K, reserved 1056768K
  class space    used 569K, capacity 588K, committed 640K, reserved 1048576K
Event: 0,294 GC heap after
Heap after GC invocations=1 (full 0):
 PSYoungGen      total 36864K, used 1474K [0x00000000d6d80000, 0x00000000d9680000, 0x0000000100000000)
  eden space 31744K, 0% used [0x00000000d6d80000,0x00000000d6d80000,0x00000000d8c80000)
  from space 5120K, 28% used [0x00000000d8c80000,0x00000000d8df0b50,0x00000000d9180000)
  to   space 5120K, 0% used [0x00000000d9180000,0x00000000d9180000,0x00000000d9680000)
 ParOldGen       total 84992K, used 72K [0x0000000084800000, 0x0000000089b00000, 0x00000000d6d80000)
  object space 84992K, 0% used [0x0000000084800000,0x0000000084812010,0x0000000089b00000)
 Metaspace       used 5385K, capacity 5648K, committed 5760K, reserved 1056768K
  class space    used 569K, capacity 588K, committed 640K, reserved 1048576K
}
Event: 0,294 GC heap before
{Heap before GC invocations=2 (full 1):
 PSYoungGen      total 36864K, used 1474K [0x00000000d6d80000, 0x00000000d9680000, 0x0000000100000000)
  eden space 31744K, 0% used [0x00000000d6d80000,0x00000000d6d80000,0x00000000d8c80000)
  from space 5120K, 28% used [0x00000000d8c80000,0x00000000d8df0b50,0x00000000d9180000)
  to   space 5120K, 0% used [0x00000000d9180000,0x00000000d9180000,0x00000000d9680000)
 ParOldGen       total 84992K, used 72K [0x0000000084800000, 0x0000000089b00000, 0x00000000d6d80000)
  object space 84992K, 0% used [0x0000000084800000,0x0000000084812010,0x0000000089b00000)
 Metaspace       used 5385K, capacity 5648K, committed 5760K, reserved 1056768K
  class space    used 569K, capacity 588K, committed 640K, reserved 1048576K
Event: 0,305 GC heap after
Heap after GC invocations=2 (full 1):
 PSYoungGen      total 36864K, used 0K [0x00000000d6d80000, 0x00000000d9680000, 0x0000000100000000)
  eden space 31744K, 0% used [0x00000000d6d80000,0x00000000d6d80000,0x00000000d8c80000)
  from space 5120K, 0% used [0x00000000d8c80000,0x00000000d8c80000,0x00000000d9180000)
  to   space 5120K, 0% used [0x00000000d9180000,0x00000000d9180000,0x00000000d9680000)
 ParOldGen       total 84992K, used 1307K [0x0000000084800000, 0x0000000089b00000, 0x00000000d6d80000)
  object space 84992K, 1% used [0x0000000084800000,0x0000000084946ca8,0x0000000089b00000)
 Metaspace       used 5385K, capacity 5648K, committed 5760K, reserved 1056768K
  class space    used 569K, capacity 588K, committed 640K, reserved 1048576K
}
Event: 0,308 GC heap before
{Heap before GC invocations=3 (full 1):
 PSYoungGen      total 36864K, used 2751K [0x00000000d6d80000, 0x00000000d9680000, 0x0000000100000000)
  eden space 31744K, 8% used [0x00000000d6d80000,0x00000000d702fd48,0x00000000d8c80000)
  from space 5120K, 0% used [0x00000000d8c80000,0x00000000d8c80000,0x00000000d9180000)
  to   space 5120K, 0% used [0x00000000d9180000,0x00000000d9180000,0x00000000d9680000)
 ParOldGen       total 84992K, used 1307K [0x0000000084800000, 0x0000000089b00000, 0x00000000d6d80000)
  object space 84992K, 1% used [0x0000000084800000,0x0000000084946ca8,0x0000000089b00000)
 Metaspace       used 5459K, capacity 5712K, committed 6016K, reserved 1056768K
  class space    used 577K, capacity 588K, committed 640K, reserved 1048576K
Event: 0,309 GC heap after
Heap after GC invocations=3 (full 1):
 PSYoungGen      total 36864K, used 192K [0x00000000d6d80000, 0x00000000d9680000, 0x0000000100000000)
  eden space 31744K, 0% used [0x00000000d6d80000,0x00000000d6d80000,0x00000000d8c80000)
  from space 5120K, 3% used [0x00000000d9180000,0x00000000d91b0000,0x00000000d9680000)
  to   space 5120K, 0% used [0x00000000d8c80000,0x00000000d8c80000,0x00000000d9180000)
 ParOldGen       total 84992K, used 1315K [0x0000000084800000, 0x0000000089b00000, 0x00000000d6d80000)
  object space 84992K, 1% used [0x0000000084800000,0x0000000084948ca8,0x0000000089b00000)
 Metaspace       used 5459K, capacity 5712K, committed 6016K, reserved 1056768K
  class space    used 577K, capacity 588K, committed 640K, reserved 1048576K
}
Event: 0,309 GC heap before
{Heap before GC invocations=4 (full 2):
 PSYoungGen      total 36864K, used 192K [0x00000000d6d80000, 0x00000000d9680000, 0x0000000100000000)
  eden space 31744K, 0% used [0x00000000d6d80000,0x00000000d6d80000,0x00000000d8c80000)
  from space 5120K, 3% used [0x00000000d9180000,0x00000000d91b0000,0x00000000d9680000)
  to   space 5120K, 0% used [0x00000000d8c80000,0x00000000d8c80000,0x00000000d9180000)
 ParOldGen       total 84992K, used 1315K [0x0000000084800000, 0x0000000089b00000, 0x00000000d6d80000)
  object space 84992K, 1% used [0x0000000084800000,0x0000000084948ca8,0x0000000089b00000)
 Metaspace       used 5459K, capacity 5712K, committed 6016K, reserved 1056768K
  class space    used 577K, capacity 588K, committed 640K, reserved 1048576K
Event: 0,318 GC heap after
Heap after GC invocations=4 (full 2):
 PSYoungGen      total 36864K, used 0K [0x00000000d6d80000, 0x00000000d9680000, 0x0000000100000000)
  eden space 31744K, 0% used [0x00000000d6d80000,0x00000000d6d80000,0x00000000d8c80000)
  from space 5120K, 0% used [0x00000000d9180000,0x00000000d9180000,0x00000000d9680000)
  to   space 5120K, 0% used [0x00000000d8c80000,0x00000000d8c80000,0x00000000d9180000)
 ParOldGen       total 84992K, used 682K [0x0000000084800000, 0x0000000089b00000, 0x00000000d6d80000)
  object space 84992K, 0% used [0x0000000084800000,0x00000000848aaac8,0x0000000089b00000)
 Metaspace       used 5459K, capacity 5712K, committed 6016K, reserved 1056768K
  class space    used 577K, capacity 588K, committed 640K, reserved 1048576K
}

Deoptimization events (1 events):
Event: 0,131 Thread 0x00007f484400a000 Uncommon trap: reason=unstable_if action=reinterpret pc=0x00007f4835134304 method=java.lang.String.indexOf(II)I @ 49

Internal exceptions (10 events):
Event: 0,090 Thread 0x00007f484400a000 Exception <a 'java/security/PrivilegedActionException'> (0x00000000d6f4bb18) thrown at [/build/openjdk-8-YNUxN3/openjdk-8-8u72-b15/src/hotspot/src/share/vm/prims/jvm.cpp, line 1386]
Event: 0,090 Thread 0x00007f484400a000 Exception <a 'java/security/PrivilegedActionException'> (0x00000000d6f4bd28) thrown at [/build/openjdk-8-YNUxN3/openjdk-8-8u72-b15/src/hotspot/src/share/vm/prims/jvm.cpp, line 1386]
Event: 0,090 Thread 0x00007f484400a000 Exception <a 'java/security/PrivilegedActionException'> (0x00000000d6f4dd90) thrown at [/build/openjdk-8-YNUxN3/openjdk-8-8u72-b15/src/hotspot/src/share/vm/prims/jvm.cpp, line 1386]
Event: 0,090 Thread 0x00007f484400a000 Exception <a 'java/security/PrivilegedActionException'> (0x00000000d6f4dfa0) thrown at [/build/openjdk-8-YNUxN3/openjdk-8-8u72-b15/src/hotspot/src/share/vm/prims/jvm.cpp, line 1386]
Event: 0,090 Thread 0x00007f484400a000 Exception <a 'java/security/PrivilegedActionException'> (0x00000000d6f4ea70) thrown at [/build/openjdk-8-YNUxN3/openjdk-8-8u72-b15/src/hotspot/src/share/vm/prims/jvm.cpp, line 1386]
Event: 0,090 Thread 0x00007f484400a000 Exception <a 'java/security/PrivilegedActionException'> (0x00000000d6f4ec80) thrown at [/build/openjdk-8-YNUxN3/openjdk-8-8u72-b15/src/hotspot/src/share/vm/prims/jvm.cpp, line 1386]
Event: 0,275 Thread 0x00007f484400a000 Exception <a 'java/lang/ArrayIndexOutOfBoundsException'> (0x00000000d733ea48) thrown at [/build/openjdk-8-YNUxN3/openjdk-8-8u72-b15/src/hotspot/src/share/vm/runtime/sharedRuntime.cpp, line 605]
Event: 0,276 Thread 0x00007f484400a000 Exception <a 'java/lang/ArrayIndexOutOfBoundsException'> (0x00000000d733f8f0) thrown at [/build/openjdk-8-YNUxN3/openjdk-8-8u72-b15/src/hotspot/src/share/vm/runtime/sharedRuntime.cpp, line 605]
Event: 0,277 Thread 0x00007f484400a000 Exception <a 'java/lang/ArrayIndexOutOfBoundsException'> (0x00000000d734beb0) thrown at [/build/openjdk-8-YNUxN3/openjdk-8-8u72-b15/src/hotspot/src/share/vm/runtime/sharedRuntime.cpp, line 605]
Event: 0,308 Thread 0x00007f48442ac000 Exception <a 'java/lang/InterruptedException': sleep interrupted> (0x00000000d6f91200) thrown at [/build/openjdk-8-YNUxN3/openjdk-8-8u72-b15/src/hotspot/src/share/vm/prims/jvm.cpp, line 3215]

Events (10 events):
Event: 0,307 loading class java/util/concurrent/locks/ReentrantReadWriteLock$ReadLock done
Event: 0,307 loading class java/util/concurrent/locks/ReentrantReadWriteLock$WriteLock
Event: 0,307 loading class java/util/concurrent/locks/ReentrantReadWriteLock$WriteLock done
Event: 0,308 Thread 0x00007f48442ac000 Thread exited: 0x00007f48442ac000
Event: 0,308 Executing VM operation: ParallelGCSystemGC
Event: 0,318 Executing VM operation: ParallelGCSystemGC done
Event: 0,318 Thread 0x00007f47b4014800 Thread added: 0x00007f47b4014800
Event: 0,318 Thread 0x00007f47b4014800 Thread exited: 0x00007f47b4014800
Event: 0,318 Thread 0x00007f484468d800 Thread exited: 0x00007f484468d800
Event: 0,318 Thread 0x00007f484400a000 Thread exited: 0x00007f484400a000


Dynamic libraries:
00400000-00401000 r-xp 00000000 08:05 2002667                            /usr/lib/jvm/java-8-openjdk-amd64/jre/bin/java
00600000-00601000 r--p 00000000 08:05 2002667                            /usr/lib/jvm/java-8-openjdk-amd64/jre/bin/java
00601000-00602000 rw-p 00001000 08:05 2002667                            /usr/lib/jvm/java-8-openjdk-amd64/jre/bin/java
0247c000-0249d000 rw-p 00000000 00:00 0                                  [heap]
84800000-89b00000 rw-p 00000000 00:00 0 
89b00000-d6d80000 ---p 00000000 00:00 0 
d6d80000-d9680000 rw-p 00000000 00:00 0 
d9680000-100000000 ---p 00000000 00:00 0 
100000000-1000a0000 rw-p 00000000 00:00 0 
1000a0000-140000000 ---p 00000000 00:00 0 
7f47b4000000-7f47b4036000 rw-p 00000000 00:00 0 
7f47b4036000-7f47b8000000 ---p 00000000 00:00 0 
7f47b8000000-7f47b8021000 rw-p 00000000 00:00 0 
7f47b8021000-7f47bc000000 ---p 00000000 00:00 0 
7f47bc000000-7f47bc022000 rw-p 00000000 00:00 0 
7f47bc022000-7f47c0000000 ---p 00000000 00:00 0 
7f47c0000000-7f47c0022000 rw-p 00000000 00:00 0 
7f47c0022000-7f47c4000000 ---p 00000000 00:00 0 
7f47c4000000-7f47c4021000 rw-p 00000000 00:00 0 
7f47c4021000-7f47c8000000 ---p 00000000 00:00 0 
7f47c8000000-7f47c8022000 rw-p 00000000 00:00 0 
7f47c8022000-7f47cc000000 ---p 00000000 00:00 0 
7f47cc9ab000-7f47cc9ae000 ---p 00000000 00:00 0 
7f47cc9ae000-7f47ccaac000 rw-p 00000000 00:00 0 
7f47ccaac000-7f47ccaaf000 ---p 00000000 00:00 0 
7f47ccaaf000-7f47ccbad000 rw-p 00000000 00:00 0 
7f47ccbad000-7f47ccbae000 ---p 00000000 00:00 0 
7f47ccbae000-7f47cd3ae000 rw-p 00000000 00:00 0                          [stack:30118]
7f47cd3ae000-7f47cd3af000 ---p 00000000 00:00 0 
7f47cd3af000-7f47cdbaf000 rw-p 00000000 00:00 0                          [stack:30117]
7f47cdbaf000-7f47cdbb0000 ---p 00000000 00:00 0 
7f47cdbb0000-7f47ce3b0000 rw-p 00000000 00:00 0                          [stack:30116]
7f47ce3b0000-7f47ce3b8000 r-xp 00000000 08:05 266642                     /lib/x86_64-linux-gnu/libnih-dbus.so.1.0.0
7f47ce3b8000-7f47ce5b8000 ---p 00008000 08:05 266642                     /lib/x86_64-linux-gnu/libnih-dbus.so.1.0.0
7f47ce5b8000-7f47ce5b9000 r--p 00008000 08:05 266642                     /lib/x86_64-linux-gnu/libnih-dbus.so.1.0.0
7f47ce5b9000-7f47ce5ba000 rw-p 00009000 08:05 266642                     /lib/x86_64-linux-gnu/libnih-dbus.so.1.0.0
7f47ce5ba000-7f47ce5d1000 r-xp 00000000 08:05 266644                     /lib/x86_64-linux-gnu/libnih.so.1.0.0
7f47ce5d1000-7f47ce7d0000 ---p 00017000 08:05 266644                     /lib/x86_64-linux-gnu/libnih.so.1.0.0
7f47ce7d0000-7f47ce7d1000 r--p 00016000 08:05 266644                     /lib/x86_64-linux-gnu/libnih.so.1.0.0
7f47ce7d1000-7f47ce7d2000 rw-p 00017000 08:05 266644                     /lib/x86_64-linux-gnu/libnih.so.1.0.0
7f47ce7d2000-7f47ce7eb000 r-xp 00000000 08:05 266694                     /lib/x86_64-linux-gnu/libcgmanager.so.0.0.0
7f47ce7eb000-7f47ce9ea000 ---p 00019000 08:05 266694                     /lib/x86_64-linux-gnu/libcgmanager.so.0.0.0
7f47ce9ea000-7f47ce9ec000 r--p 00018000 08:05 266694                     /lib/x86_64-linux-gnu/libcgmanager.so.0.0.0
7f47ce9ec000-7f47ce9ed000 rw-p 0001a000 08:05 266694                     /lib/x86_64-linux-gnu/libcgmanager.so.0.0.0
7f47ce9ed000-7f47ce9fd000 r-xp 00000000 08:05 291611                     /lib/x86_64-linux-gnu/libudev.so.1.3.5
7f47ce9fd000-7f47cebfc000 ---p 00010000 08:05 291611                     /lib/x86_64-linux-gnu/libudev.so.1.3.5
7f47cebfc000-7f47cebfd000 r--p 0000f000 08:05 291611                     /lib/x86_64-linux-gnu/libudev.so.1.3.5
7f47cebfd000-7f47cebfe000 rw-p 00010000 08:05 291611                     /lib/x86_64-linux-gnu/libudev.so.1.3.5
7f47cebfe000-7f47cec32000 r-xp 00000000 08:05 2229085                    /usr/lib/x86_64-linux-gnu/gvfs/libgvfscommon.so
7f47cec32000-7f47cee32000 ---p 00034000 08:05 2229085                    /usr/lib/x86_64-linux-gnu/gvfs/libgvfscommon.so
7f47cee32000-7f47cee37000 r--p 00034000 08:05 2229085                    /usr/lib/x86_64-linux-gnu/gvfs/libgvfscommon.so
7f47cee37000-7f47cee38000 rw-p 00039000 08:05 2229085                    /usr/lib/x86_64-linux-gnu/gvfs/libgvfscommon.so
7f47cee38000-7f47cee67000 r-xp 00000000 08:05 2229086                    /usr/lib/x86_64-linux-gnu/gio/modules/libgvfsdbus.so
7f47cee67000-7f47cf067000 ---p 0002f000 08:05 2229086                    /usr/lib/x86_64-linux-gnu/gio/modules/libgvfsdbus.so
7f47cf067000-7f47cf068000 r--p 0002f000 08:05 2229086                    /usr/lib/x86_64-linux-gnu/gio/modules/libgvfsdbus.so
7f47cf068000-7f47cf069000 rw-p 00030000 08:05 2229086                    /usr/lib/x86_64-linux-gnu/gio/modules/libgvfsdbus.so
7f47cf069000-7f47cf06a000 rw-p 00000000 00:00 0 
7f47cf06a000-7f47cf0c3000 r-xp 00000000 08:05 1966096                    /usr/lib/x86_64-linux-gnu/libibus-1.0.so.5.0.505
7f47cf0c3000-7f47cf2c3000 ---p 00059000 08:05 1966096                    /usr/lib/x86_64-linux-gnu/libibus-1.0.so.5.0.505
7f47cf2c3000-7f47cf2c5000 r--p 00059000 08:05 1966096                    /usr/lib/x86_64-linux-gnu/libibus-1.0.so.5.0.505
7f47cf2c5000-7f47cf2c6000 rw-p 0005b000 08:05 1966096                    /usr/lib/x86_64-linux-gnu/libibus-1.0.so.5.0.505
7f47cf2c6000-7f47cf2c7000 rw-p 00000000 00:00 0 
7f47cf2fb000-7f47cf301000 r-xp 00000000 08:05 2272368                    /usr/lib/x86_64-linux-gnu/gtk-2.0/2.10.0/immodules/im-ibus.so
7f47cf301000-7f47cf501000 ---p 00006000 08:05 2272368                    /usr/lib/x86_64-linux-gnu/gtk-2.0/2.10.0/immodules/im-ibus.so
7f47cf501000-7f47cf502000 r--p 00006000 08:05 2272368                    /usr/lib/x86_64-linux-gnu/gtk-2.0/2.10.0/immodules/im-ibus.so
7f47cf502000-7f47cf503000 rw-p 00007000 08:05 2272368                    /usr/lib/x86_64-linux-gnu/gtk-2.0/2.10.0/immodules/im-ibus.so
7f47cf503000-7f47cf507000 r-xp 00000000 08:05 266613                     /lib/x86_64-linux-gnu/libgpg-error.so.0.10.0
7f47cf507000-7f47cf706000 ---p 00004000 08:05 266613                     /lib/x86_64-linux-gnu/libgpg-error.so.0.10.0
7f47cf706000-7f47cf707000 r--p 00003000 08:05 266613                     /lib/x86_64-linux-gnu/libgpg-error.so.0.10.0
7f47cf707000-7f47cf708000 rw-p 00004000 08:05 266613                     /lib/x86_64-linux-gnu/libgpg-error.so.0.10.0
7f47cf708000-7f47cf743000 r-xp 00000000 08:05 1976261                    /usr/lib/x86_64-linux-gnu/libp11-kit.so.0.0.0
7f47cf743000-7f47cf942000 ---p 0003b000 08:05 1976261                    /usr/lib/x86_64-linux-gnu/libp11-kit.so.0.0.0
7f47cf942000-7f47cf948000 r--p 0003a000 08:05 1976261                    /usr/lib/x86_64-linux-gnu/libp11-kit.so.0.0.0
7f47cf948000-7f47cf94a000 rw-p 00040000 08:05 1976261                    /usr/lib/x86_64-linux-gnu/libp11-kit.so.0.0.0
7f47cf94a000-7f47cf95c000 r-xp 00000000 08:05 1976444                    /usr/lib/x86_64-linux-gnu/libtasn1.so.6.2.0
7f47cf95c000-7f47cfb5c000 ---p 00012000 08:05 1976444                    /usr/lib/x86_64-linux-gnu/libtasn1.so.6.2.0
7f47cfb5c000-7f47cfb5d000 r--p 00012000 08:05 1976444                    /usr/lib/x86_64-linux-gnu/libtasn1.so.6.2.0
7f47cfb5d000-7f47cfb5e000 rw-p 00013000 08:05 1976444                    /usr/lib/x86_64-linux-gnu/libtasn1.so.6.2.0
7f47cfb5e000-7f47cfbda000 r-xp 00000000 08:05 262315                     /lib/x86_64-linux-gnu/libgcrypt.so.11.8.2
7f47cfbda000-7f47cfdda000 ---p 0007c000 08:05 262315                     /lib/x86_64-linux-gnu/libgcrypt.so.11.8.2
7f47cfdda000-7f47cfddb000 r--p 0007c000 08:05 262315                     /lib/x86_64-linux-gnu/libgcrypt.so.11.8.2
7f47cfddb000-7f47cfdde000 rw-p 0007d000 08:05 262315                     /lib/x86_64-linux-gnu/libgcrypt.so.11.8.2
7f47cfdde000-7f47cfdff000 r-xp 00000000 08:05 266627                     /lib/x86_64-linux-gnu/liblzma.so.5.0.0
7f47cfdff000-7f47cfffe000 ---p 00021000 08:05 266627                     /lib/x86_64-linux-gnu/liblzma.so.5.0.0
7f47cfffe000-7f47cffff000 r--p 00020000 08:05 266627                     /lib/x86_64-linux-gnu/liblzma.so.5.0.0
7f47cffff000-7f47d0000000 rw-p 00021000 08:05 266627                     /lib/x86_64-linux-gnu/liblzma.so.5.0.0
7f47d0000000-7f47d0022000 rw-p 00000000 00:00 0 
7f47d0022000-7f47d4000000 ---p 00000000 00:00 0 
7f47d4002000-7f47d4004000 r-xp 00000000 08:05 291629                     /lib/x86_64-linux-gnu/libutil-2.19.so
7f47d4004000-7f47d4203000 ---p 00002000 08:05 291629                     /lib/x86_64-linux-gnu/libutil-2.19.so
7f47d4203000-7f47d4204000 r--p 00001000 08:05 291629                     /lib/x86_64-linux-gnu/libutil-2.19.so
7f47d4204000-7f47d4205000 rw-p 00002000 08:05 291629                     /lib/x86_64-linux-gnu/libutil-2.19.so
7f47d4205000-7f47d4214000 r-xp 00000000 08:05 1975638                    /usr/lib/x86_64-linux-gnu/libavahi-client.so.3.2.9
7f47d4214000-7f47d4414000 ---p 0000f000 08:05 1975638                    /usr/lib/x86_64-linux-gnu/libavahi-client.so.3.2.9
7f47d4414000-7f47d4415000 r--p 0000f000 08:05 1975638                    /usr/lib/x86_64-linux-gnu/libavahi-client.so.3.2.9
7f47d4415000-7f47d4416000 rw-p 00010000 08:05 1975638                    /usr/lib/x86_64-linux-gnu/libavahi-client.so.3.2.9
7f47d4416000-7f47d4421000 r-xp 00000000 08:05 1975640                    /usr/lib/x86_64-linux-gnu/libavahi-common.so.3.5.3
7f47d4421000-7f47d4620000 ---p 0000b000 08:05 1975640                    /usr/lib/x86_64-linux-gnu/libavahi-common.so.3.5.3
7f47d4620000-7f47d4621000 r--p 0000a000 08:05 1975640                    /usr/lib/x86_64-linux-gnu/libavahi-common.so.3.5.3
7f47d4621000-7f47d4622000 rw-p 0000b000 08:05 1975640                    /usr/lib/x86_64-linux-gnu/libavahi-common.so.3.5.3
7f47d4622000-7f47d4625000 r-xp 00000000 08:05 1975644                    /usr/lib/x86_64-linux-gnu/libavahi-glib.so.1.0.2
7f47d4625000-7f47d4824000 ---p 00003000 08:05 1975644                    /usr/lib/x86_64-linux-gnu/libavahi-glib.so.1.0.2
7f47d4824000-7f47d4825000 r--p 00002000 08:05 1975644                    /usr/lib/x86_64-linux-gnu/libavahi-glib.so.1.0.2
7f47d4825000-7f47d4826000 rw-p 00003000 08:05 1975644                    /usr/lib/x86_64-linux-gnu/libavahi-glib.so.1.0.2
7f47d4826000-7f47d48dd000 r-xp 00000000 08:05 2041362                    /usr/lib/x86_64-linux-gnu/libgnutls.so.26.22.6
7f47d48dd000-7f47d4adc000 ---p 000b7000 08:05 2041362                    /usr/lib/x86_64-linux-gnu/libgnutls.so.26.22.6
7f47d4adc000-7f47d4ae2000 r--p 000b6000 08:05 2041362                    /usr/lib/x86_64-linux-gnu/libgnutls.so.26.22.6
7f47d4ae2000-7f47d4ae3000 rw-p 000bc000 08:05 2041362                    /usr/lib/x86_64-linux-gnu/libgnutls.so.26.22.6
7f47d4ae3000-7f47d4ae4000 rw-p 00000000 00:00 0 
7f47d4ae4000-7f47d4c40000 r-xp 00000000 08:05 1971864                    /usr/lib/x86_64-linux-gnu/libxml2.so.2.9.1
7f47d4c40000-7f47d4e40000 ---p 0015c000 08:05 1971864                    /usr/lib/x86_64-linux-gnu/libxml2.so.2.9.1
7f47d4e40000-7f47d4e48000 r--p 0015c000 08:05 1971864                    /usr/lib/x86_64-linux-gnu/libxml2.so.2.9.1
7f47d4e48000-7f47d4e4a000 rw-p 00164000 08:05 1971864                    /usr/lib/x86_64-linux-gnu/libxml2.so.2.9.1
7f47d4e4a000-7f47d4e4b000 rw-p 00000000 00:00 0 
7f47d4e4b000-7f47d4eae000 r-xp 00000000 08:05 2002725                    /usr/lib/x86_64-linux-gnu/libgnomevfs-2.so.0.2400.4
7f47d4eae000-7f47d50ad000 ---p 00063000 08:05 2002725                    /usr/lib/x86_64-linux-gnu/libgnomevfs-2.so.0.2400.4
7f47d50ad000-7f47d50b0000 r--p 00062000 08:05 2002725                    /usr/lib/x86_64-linux-gnu/libgnomevfs-2.so.0.2400.4
7f47d50b0000-7f47d50b2000 rw-p 00065000 08:05 2002725                    /usr/lib/x86_64-linux-gnu/libgnomevfs-2.so.0.2400.4
7f47d50b2000-7f47d50b3000 rw-p 00000000 00:00 0 
7f47d50b3000-7f47d50b4000 ---p 00000000 00:00 0 
7f47d50b4000-7f47d58b4000 rw-p 00000000 00:00 0                          [stack:30115]
7f47d58b4000-7f47d58b5000 ---p 00000000 00:00 0 
7f47d58b5000-7f47d60b5000 rw-p 00000000 00:00 0                          [stack:30114]
7f47d60b5000-7f47d60c0000 r-xp 00000000 08:05 2230747                    /usr/lib/x86_64-linux-gnu/gio/modules/libdconfsettings.so
7f47d60c0000-7f47d62c0000 ---p 0000b000 08:05 2230747                    /usr/lib/x86_64-linux-gnu/gio/modules/libdconfsettings.so
7f47d62c0000-7f47d62c1000 r--p 0000b000 08:05 2230747                    /usr/lib/x86_64-linux-gnu/gio/modules/libdconfsettings.so
7f47d62c1000-7f47d62c2000 rw-p 0000c000 08:05 2230747                    /usr/lib/x86_64-linux-gnu/gio/modules/libdconfsettings.so
7f47d62c2000-7f47d62c9000 r-xp 00000000 08:05 1976253                    /usr/lib/x86_64-linux-gnu/libogg.so.0.8.1
7f47d62c9000-7f47d64c9000 ---p 00007000 08:05 1976253                    /usr/lib/x86_64-linux-gnu/libogg.so.0.8.1
7f47d64c9000-7f47d64ca000 r--p 00007000 08:05 1976253                    /usr/lib/x86_64-linux-gnu/libogg.so.0.8.1
7f47d64ca000-7f47d64cb000 rw-p 00008000 08:05 1976253                    /usr/lib/x86_64-linux-gnu/libogg.so.0.8.1
7f47d64cb000-7f47d64f7000 r-xp 00000000 08:05 1976527                    /usr/lib/x86_64-linux-gnu/libvorbis.so.0.4.5
7f47d64f7000-7f47d66f6000 ---p 0002c000 08:05 1976527                    /usr/lib/x86_64-linux-gnu/libvorbis.so.0.4.5
7f47d66f6000-7f47d66f7000 r--p 0002b000 08:05 1976527                    /usr/lib/x86_64-linux-gnu/libvorbis.so.0.4.5
7f47d66f7000-7f47d66f8000 rw-p 0002c000 08:05 1976527                    /usr/lib/x86_64-linux-gnu/libvorbis.so.0.4.5
7f47d66f8000-7f47d6701000 r-xp 00000000 08:05 1976159                    /usr/lib/x86_64-linux-gnu/libltdl.so.7.3.0
7f47d6701000-7f47d6900000 ---p 00009000 08:05 1976159                    /usr/lib/x86_64-linux-gnu/libltdl.so.7.3.0
7f47d6900000-7f47d6901000 r--p 00008000 08:05 1976159                    /usr/lib/x86_64-linux-gnu/libltdl.so.7.3.0
7f47d6901000-7f47d6902000 rw-p 00009000 08:05 1976159                    /usr/lib/x86_64-linux-gnu/libltdl.so.7.3.0
7f47d6902000-7f47d6913000 r-xp 00000000 08:05 1976448                    /usr/lib/x86_64-linux-gnu/libtdb.so.1.2.12
7f47d6913000-7f47d6b12000 ---p 00011000 08:05 1976448                    /usr/lib/x86_64-linux-gnu/libtdb.so.1.2.12
7f47d6b12000-7f47d6b13000 r--p 00010000 08:05 1976448                    /usr/lib/x86_64-linux-gnu/libtdb.so.1.2.12
7f47d6b13000-7f47d6b14000 rw-p 00011000 08:05 1976448                    /usr/lib/x86_64-linux-gnu/libtdb.so.1.2.12
7f47d6b14000-7f47d6b1b000 r-xp 00000000 08:05 1976531                    /usr/lib/x86_64-linux-gnu/libvorbisfile.so.3.3.4
7f47d6b1b000-7f47d6d1a000 ---p 00007000 08:05 1976531                    /usr/lib/x86_64-linux-gnu/libvorbisfile.so.3.3.4
7f47d6d1a000-7f47d6d1b000 r--p 00006000 08:05 1976531                    /usr/lib/x86_64-linux-gnu/libvorbisfile.so.3.3.4
7f47d6d1b000-7f47d6d1c000 rw-p 00007000 08:05 1976531                    /usr/lib/x86_64-linux-gnu/libvorbisfile.so.3.3.4
7f47d6d1c000-7f47d6d2b000 r-xp 00000000 08:05 1975673                    /usr/lib/x86_64-linux-gnu/libcanberra.so.0.2.5
7f47d6d2b000-7f47d6f2a000 ---p 0000f000 08:05 1975673                    /usr/lib/x86_64-linux-gnu/libcanberra.so.0.2.5
7f47d6f2a000-7f47d6f2b000 r--p 0000e000 08:05 1975673                    /usr/lib/x86_64-linux-gnu/libcanberra.so.0.2.5
7f47d6f2b000-7f47d6f2c000 rw-p 0000f000 08:05 1975673                    /usr/lib/x86_64-linux-gnu/libcanberra.so.0.2.5
7f47d6f2c000-7f47d6f30000 r-xp 00000000 08:05 1975669                    /usr/lib/x86_64-linux-gnu/libcanberra-gtk.so.0.1.9
7f47d6f30000-7f47d712f000 ---p 00004000 08:05 1975669                    /usr/lib/x86_64-linux-gnu/libcanberra-gtk.so.0.1.9
7f47d712f000-7f47d7130000 r--p 00003000 08:05 1975669                    /usr/lib/x86_64-linux-gnu/libcanberra-gtk.so.0.1.9
7f47d7130000-7f47d7131000 rw-p 00004000 08:05 1975669                    /usr/lib/x86_64-linux-gnu/libcanberra-gtk.so.0.1.9
7f47d7131000-7f47d7136000 r-xp 00000000 08:05 2231002                    /usr/lib/x86_64-linux-gnu/gtk-2.0/modules/libcanberra-gtk-module.so
7f47d7136000-7f47d7335000 ---p 00005000 08:05 2231002                    /usr/lib/x86_64-linux-gnu/gtk-2.0/modules/libcanberra-gtk-module.so
7f47d7335000-7f47d7336000 r--p 00004000 08:05 2231002                    /usr/lib/x86_64-linux-gnu/gtk-2.0/modules/libcanberra-gtk-module.so
7f47d7336000-7f47d7337000 rw-p 00005000 08:05 2231002                    /usr/lib/x86_64-linux-gnu/gtk-2.0/modules/libcanberra-gtk-module.so
7f47d7337000-7f47d7366000 r-xp 00000000 08:05 2230984                    /usr/lib/x86_64-linux-gnu/gtk-2.0/2.10.0/engines/libmurrine.so
7f47d7366000-7f47d7566000 ---p 0002f000 08:05 2230984                    /usr/lib/x86_64-linux-gnu/gtk-2.0/2.10.0/engines/libmurrine.so
7f47d7566000-7f47d7567000 r--p 0002f000 08:05 2230984                    /usr/lib/x86_64-linux-gnu/gtk-2.0/2.10.0/engines/libmurrine.so
7f47d7567000-7f47d7568000 rw-p 00030000 08:05 2230984                    /usr/lib/x86_64-linux-gnu/gtk-2.0/2.10.0/engines/libmurrine.so
7f47d7568000-7f47d7578000 r-xp 00000000 08:05 1976497                    /usr/lib/x86_64-linux-gnu/libunity-gtk2-parser.so.0.0.0
7f47d7578000-7f47d7777000 ---p 00010000 08:05 1976497                    /usr/lib/x86_64-linux-gnu/libunity-gtk2-parser.so.0.0.0
7f47d7777000-7f47d7778000 r--p 0000f000 08:05 1976497                    /usr/lib/x86_64-linux-gnu/libunity-gtk2-parser.so.0.0.0
7f47d7778000-7f47d7779000 rw-p 00010000 08:05 1976497                    /usr/lib/x86_64-linux-gnu/libunity-gtk2-parser.so.0.0.0
7f47d7779000-7f47d777e000 r-xp 00000000 08:05 2231006                    /usr/lib/x86_64-linux-gnu/gtk-2.0/modules/libunity-gtk-module.so
7f47d777e000-7f47d797d000 ---p 00005000 08:05 2231006                    /usr/lib/x86_64-linux-gnu/gtk-2.0/modules/libunity-gtk-module.so
7f47d797d000-7f47d797e000 r--p 00004000 08:05 2231006                    /usr/lib/x86_64-linux-gnu/gtk-2.0/modules/libunity-gtk-module.so
7f47d797e000-7f47d797f000 rw-p 00005000 08:05 2231006                    /usr/lib/x86_64-linux-gnu/gtk-2.0/modules/libunity-gtk-module.so
7f47d797f000-7f47d7990000 r-xp 00000000 08:05 2231005                    /usr/lib/x86_64-linux-gnu/gtk-2.0/modules/liboverlay-scrollbar.so
7f47d7990000-7f47d7b8f000 ---p 00011000 08:05 2231005                    /usr/lib/x86_64-linux-gnu/gtk-2.0/modules/liboverlay-scrollbar.so
7f47d7b8f000-7f47d7b90000 r--p 00010000 08:05 2231005                    /usr/lib/x86_64-linux-gnu/gtk-2.0/modules/liboverlay-scrollbar.so
7f47d7b90000-7f47d7b91000 rw-p 00011000 08:05 2231005                    /usr/lib/x86_64-linux-gnu/gtk-2.0/modules/liboverlay-scrollbar.so
7f47d7b91000-7f47d7b97000 r-xp 00000000 08:05 1975737                    /usr/lib/x86_64-linux-gnu/libdatrie.so.1.3.1
7f47d7b97000-7f47d7d96000 ---p 00006000 08:05 1975737                    /usr/lib/x86_64-linux-gnu/libdatrie.so.1.3.1
7f47d7d96000-7f47d7d97000 r--p 00005000 08:05 1975737                    /usr/lib/x86_64-linux-gnu/libdatrie.so.1.3.1
7f47d7d97000-7f47d7d98000 rw-p 00006000 08:05 1975737                    /usr/lib/x86_64-linux-gnu/libdatrie.so.1.3.1
7f47d7d98000-7f47d7dbc000 r-xp 00000000 08:05 1967217                    /usr/lib/x86_64-linux-gnu/libgraphite2.so.3.0.1
7f47d7dbc000-7f47d7fbb000 ---p 00024000 08:05 1967217                    /usr/lib/x86_64-linux-gnu/libgraphite2.so.3.0.1
7f47d7fbb000-7f47d7fbd000 r--p 00023000 08:05 1967217                    /usr/lib/x86_64-linux-gnu/libgraphite2.so.3.0.1
7f47d7fbd000-7f47d7fbe000 rw-p 00025000 08:05 1967217                    /usr/lib/x86_64-linux-gnu/libgraphite2.so.3.0.1
7f47d7fbe000-7f47d7fc6000 r-xp 00000000 08:05 1976460                    /usr/lib/x86_64-linux-gnu/libthai.so.0.2.0
7f47d7fc6000-7f47d81c5000 ---p 00008000 08:05 1976460                    /usr/lib/x86_64-linux-gnu/libthai.so.0.2.0
7f47d81c5000-7f47d81c6000 r--p 00007000 08:05 1976460                    /usr/lib/x86_64-linux-gnu/libthai.so.0.2.0
7f47d81c6000-7f47d81c7000 rw-p 00008000 08:05 1976460                    /usr/lib/x86_64-linux-gnu/libthai.so.0.2.0
7f47d81c7000-7f47d821a000 r-xp 00000000 08:05 1976076                    /usr/lib/x86_64-linux-gnu/libharfbuzz.so.0.927.0
7f47d821a000-7f47d841a000 ---p 00053000 08:05 1976076                    /usr/lib/x86_64-linux-gnu/libharfbuzz.so.0.927.0
7f47d841a000-7f47d841b000 r--p 00053000 08:05 1976076                    /usr/lib/x86_64-linux-gnu/libharfbuzz.so.0.927.0
7f47d841b000-7f47d841c000 rw-p 00054000 08:05 1976076                    /usr/lib/x86_64-linux-gnu/libharfbuzz.so.0.927.0
7f47d841c000-7f47d8424000 r-xp 00000000 08:05 1976586                    /usr/lib/x86_64-linux-gnu/libxcb-render.so.0.0.0
7f47d8424000-7f47d8623000 ---p 00008000 08:05 1976586                    /usr/lib/x86_64-linux-gnu/libxcb-render.so.0.0.0
7f47d8623000-7f47d8624000 r--p 00007000 08:05 1976586                    /usr/lib/x86_64-linux-gnu/libxcb-render.so.0.0.0
7f47d8624000-7f47d8625000 rw-p 00008000 08:05 1976586                    /usr/lib/x86_64-linux-gnu/libxcb-render.so.0.0.0
7f47d8625000-7f47d8627000 r-xp 00000000 08:05 1976590                    /usr/lib/x86_64-linux-gnu/libxcb-shm.so.0.0.0
7f47d8627000-7f47d8826000 ---p 00002000 08:05 1976590                    /usr/lib/x86_64-linux-gnu/libxcb-shm.so.0.0.0
7f47d8826000-7f47d8827000 r--p 00001000 08:05 1976590                    /usr/lib/x86_64-linux-gnu/libxcb-shm.so.0.0.0
7f47d8827000-7f47d8828000 rw-p 00002000 08:05 1976590                    /usr/lib/x86_64-linux-gnu/libxcb-shm.so.0.0.0
7f47d8828000-7f47d88c8000 r-xp 00000000 08:05 1967035                    /usr/lib/x86_64-linux-gnu/libpixman-1.so.0.30.2
7f47d88c8000-7f47d8ac8000 ---p 000a0000 08:05 1967035                    /usr/lib/x86_64-linux-gnu/libpixman-1.so.0.30.2
7f47d8ac8000-7f47d8acf000 r--p 000a0000 08:05 1967035                    /usr/lib/x86_64-linux-gnu/libpixman-1.so.0.30.2
7f47d8acf000-7f47d8ad0000 rw-p 000a7000 08:05 1967035                    /usr/lib/x86_64-linux-gnu/libpixman-1.so.0.30.2
7f47d8ad0000-7f47d8ad2000 r-xp 00000000 08:05 1975543                    /usr/lib/x86_64-linux-gnu/libXdamage.so.1.1.0
7f47d8ad2000-7f47d8cd1000 ---p 00002000 08:05 1975543                    /usr/lib/x86_64-linux-gnu/libXdamage.so.1.1.0
7f47d8cd1000-7f47d8cd2000 r--p 00001000 08:05 1975543                    /usr/lib/x86_64-linux-gnu/libXdamage.so.1.1.0
7f47d8cd2000-7f47d8cd3000 rw-p 00002000 08:05 1975543                    /usr/lib/x86_64-linux-gnu/libXdamage.so.1.1.0
7f47d8cd3000-7f47d8cd5000 r-xp 00000000 08:05 1975539                    /usr/lib/x86_64-linux-gnu/libXcomposite.so.1.0.0
7f47d8cd5000-7f47d8ed4000 ---p 00002000 08:05 1975539                    /usr/lib/x86_64-linux-gnu/libXcomposite.so.1.0.0
7f47d8ed4000-7f47d8ed5000 r--p 00001000 08:05 1975539                    /usr/lib/x86_64-linux-gnu/libXcomposite.so.1.0.0
7f47d8ed5000-7f47d8ed6000 rw-p 00002000 08:05 1975539                    /usr/lib/x86_64-linux-gnu/libXcomposite.so.1.0.0
7f47d8ed6000-7f47d8f20000 r-xp 00000000 08:05 1976269                    /usr/lib/x86_64-linux-gnu/libpango-1.0.so.0.3600.3
7f47d8f20000-7f47d9120000 ---p 0004a000 08:05 1976269                    /usr/lib/x86_64-linux-gnu/libpango-1.0.so.0.3600.3
7f47d9120000-7f47d9122000 r--p 0004a000 08:05 1976269                    /usr/lib/x86_64-linux-gnu/libpango-1.0.so.0.3600.3
7f47d9122000-7f47d9123000 rw-p 0004c000 08:05 1976269                    /usr/lib/x86_64-linux-gnu/libpango-1.0.so.0.3600.3
7f47d9123000-7f47d9137000 r-xp 00000000 08:05 1976273                    /usr/lib/x86_64-linux-gnu/libpangoft2-1.0.so.0.3600.3
7f47d9137000-7f47d9336000 ---p 00014000 08:05 1976273                    /usr/lib/x86_64-linux-gnu/libpangoft2-1.0.so.0.3600.3
7f47d9336000-7f47d9337000 r--p 00013000 08:05 1976273                    /usr/lib/x86_64-linux-gnu/libpangoft2-1.0.so.0.3600.3
7f47d9337000-7f47d9338000 rw-p 00014000 08:05 1976273                    /usr/lib/x86_64-linux-gnu/libpangoft2-1.0.so.0.3600.3
7f47d9338000-7f47d9358000 r-xp 00000000 08:05 1974780                    /usr/lib/x86_64-linux-gnu/libgdk_pixbuf-2.0.so.0.3000.7
7f47d9358000-7f47d9557000 ---p 00020000 08:05 1974780                    /usr/lib/x86_64-linux-gnu/libgdk_pixbuf-2.0.so.0.3000.7
7f47d9557000-7f47d9558000 r--p 0001f000 08:05 1974780                    /usr/lib/x86_64-linux-gnu/libgdk_pixbuf-2.0.so.0.3000.7
7f47d9558000-7f47d9559000 rw-p 00020000 08:05 1974780                    /usr/lib/x86_64-linux-gnu/libgdk_pixbuf-2.0.so.0.3000.7
7f47d9559000-7f47d965f000 r-xp 00000000 08:05 1975665                    /usr/lib/x86_64-linux-gnu/libcairo.so.2.11301.0
7f47d965f000-7f47d985e000 ---p 00106000 08:05 1975665                    /usr/lib/x86_64-linux-gnu/libcairo.so.2.11301.0
7f47d985e000-7f47d9861000 r--p 00105000 08:05 1975665                    /usr/lib/x86_64-linux-gnu/libcairo.so.2.11301.0
7f47d9861000-7f47d9862000 rw-p 00108000 08:05 1975665                    /usr/lib/x86_64-linux-gnu/libcairo.so.2.11301.0
7f47d9862000-7f47d9864000 rw-p 00000000 00:00 0 
7f47d9864000-7f47d9883000 r-xp 00000000 08:05 1975626                    /usr/lib/x86_64-linux-gnu/libatk-1.0.so.0.21009.1
7f47d9883000-7f47d9a83000 ---p 0001f000 08:05 1975626                    /usr/lib/x86_64-linux-gnu/libatk-1.0.so.0.21009.1
7f47d9a83000-7f47d9a85000 r--p 0001f000 08:05 1975626                    /usr/lib/x86_64-linux-gnu/libatk-1.0.so.0.21009.1
7f47d9a85000-7f47d9a86000 rw-p 00021000 08:05 1975626                    /usr/lib/x86_64-linux-gnu/libatk-1.0.so.0.21009.1
7f47d9a86000-7f47d9a91000 r-xp 00000000 08:05 1976271                    /usr/lib/x86_64-linux-gnu/libpangocairo-1.0.so.0.3600.3
7f47d9a91000-7f47d9c91000 ---p 0000b000 08:05 1976271                    /usr/lib/x86_64-linux-gnu/libpangocairo-1.0.so.0.3600.3
7f47d9c91000-7f47d9c92000 r--p 0000b000 08:05 1976271                    /usr/lib/x86_64-linux-gnu/libpangocairo-1.0.so.0.3600.3
7f47d9c92000-7f47d9c93000 rw-p 0000c000 08:05 1976271                    /usr/lib/x86_64-linux-gnu/libpangocairo-1.0.so.0.3600.3
7f47d9c93000-7f47d9d40000 r-xp 00000000 08:05 1966562                    /usr/lib/x86_64-linux-gnu/libgdk-x11-2.0.so.0.2400.23
7f47d9d40000-7f47d9f40000 ---p 000ad000 08:05 1966562                    /usr/lib/x86_64-linux-gnu/libgdk-x11-2.0.so.0.2400.23
7f47d9f40000-7f47d9f44000 r--p 000ad000 08:05 1966562                    /usr/lib/x86_64-linux-gnu/libgdk-x11-2.0.so.0.2400.23
7f47d9f44000-7f47d9f46000 rw-p 000b1000 08:05 1966562                    /usr/lib/x86_64-linux-gnu/libgdk-x11-2.0.so.0.2400.23
7f47d9f46000-7f47da376000 r-xp 00000000 08:05 1974789                    /usr/lib/x86_64-linux-gnu/libgtk-x11-2.0.so.0.2400.23
7f47da376000-7f47da575000 ---p 00430000 08:05 1974789                    /usr/lib/x86_64-linux-gnu/libgtk-x11-2.0.so.0.2400.23
7f47da575000-7f47da57c000 r--p 0042f000 08:05 1974789                    /usr/lib/x86_64-linux-gnu/libgtk-x11-2.0.so.0.2400.23
7f47da57c000-7f47da580000 rw-p 00436000 08:05 1974789                    /usr/lib/x86_64-linux-gnu/libgtk-x11-2.0.so.0.2400.23
7f47da580000-7f47da583000 rw-p 00000000 00:00 0 
7f47da583000-7f47da59a000 r-xp 00000000 08:05 262311                     /lib/x86_64-linux-gnu/libresolv-2.19.so
7f47da59a000-7f47da79a000 ---p 00017000 08:05 262311                     /lib/x86_64-linux-gnu/libresolv-2.19.so
7f47da79a000-7f47da79b000 r--p 00017000 08:05 262311                     /lib/x86_64-linux-gnu/libresolv-2.19.so
7f47da79b000-7f47da79c000 rw-p 00018000 08:05 262311                     /lib/x86_64-linux-gnu/libresolv-2.19.so
7f47da79c000-7f47da79e000 rw-p 00000000 00:00 0 
7f47da79e000-7f47da7be000 r-xp 00000000 08:05 266710                     /lib/x86_64-linux-gnu/libselinux.so.1
7f47da7be000-7f47da9bd000 ---p 00020000 08:05 266710                     /lib/x86_64-linux-gnu/libselinux.so.1
7f47da9bd000-7f47da9be000 r--p 0001f000 08:05 266710                     /lib/x86_64-linux-gnu/libselinux.so.1
7f47da9be000-7f47da9bf000 rw-p 00020000 08:05 266710                     /lib/x86_64-linux-gnu/libselinux.so.1
7f47da9bf000-7f47da9c1000 rw-p 00000000 00:00 0 
7f47da9c1000-7f47dab2d000 r-xp 00000000 08:05 1975917                    /usr/lib/x86_64-linux-gnu/libgio-2.0.so.0.4002.0
7f47dab2d000-7f47dad2c000 ---p 0016c000 08:05 1975917                    /usr/lib/x86_64-linux-gnu/libgio-2.0.so.0.4002.0
7f47dad2c000-7f47dad30000 r--p 0016b000 08:05 1975917                    /usr/lib/x86_64-linux-gnu/libgio-2.0.so.0.4002.0
7f47dad30000-7f47dad32000 rw-p 0016f000 08:05 1975917                    /usr/lib/x86_64-linux-gnu/libgio-2.0.so.0.4002.0
7f47dad32000-7f47dad34000 rw-p 00000000 00:00 0 
7f47dad34000-7f47dad78000 r-xp 00000000 08:05 266594                     /lib/x86_64-linux-gnu/libdbus-1.so.3.7.6
7f47dad78000-7f47daf77000 ---p 00044000 08:05 266594                     /lib/x86_64-linux-gnu/libdbus-1.so.3.7.6
7f47daf77000-7f47daf78000 r--p 00043000 08:05 266594                     /lib/x86_64-linux-gnu/libdbus-1.so.3.7.6
7f47daf78000-7f47daf79000 rw-p 00044000 08:05 266594                     /lib/x86_64-linux-gnu/libdbus-1.so.3.7.6
7f47daf79000-7f47daf9e000 r-xp 00000000 08:05 1975740                    /usr/lib/x86_64-linux-gnu/libdbus-glib-1.so.2.2.2
7f47daf9e000-7f47db19e000 ---p 00025000 08:05 1975740                    /usr/lib/x86_64-linux-gnu/libdbus-glib-1.so.2.2.2
7f47db19e000-7f47db19f000 r--p 00025000 08:05 1975740                    /usr/lib/x86_64-linux-gnu/libdbus-glib-1.so.2.2.2
7f47db19f000-7f47db1a0000 rw-p 00026000 08:05 1975740                    /usr/lib/x86_64-linux-gnu/libdbus-glib-1.so.2.2.2
7f47db1a0000-7f47db1a3000 r-xp 00000000 08:05 1975929                    /usr/lib/x86_64-linux-gnu/libgmodule-2.0.so.0.4002.0
7f47db1a3000-7f47db3a2000 ---p 00003000 08:05 1975929                    /usr/lib/x86_64-linux-gnu/libgmodule-2.0.so.0.4002.0
7f47db3a2000-7f47db3a3000 r--p 00002000 08:05 1975929                    /usr/lib/x86_64-linux-gnu/libgmodule-2.0.so.0.4002.0
7f47db3a3000-7f47db3a4000 rw-p 00003000 08:05 1975929                    /usr/lib/x86_64-linux-gnu/libgmodule-2.0.so.0.4002.0
7f47db3a4000-7f47db3d2000 r-xp 00000000 08:05 1975877                    /usr/lib/x86_64-linux-gnu/libgconf-2.so.4.1.5
7f47db3d2000-7f47db5d1000 ---p 0002e000 08:05 1975877                    /usr/lib/x86_64-linux-gnu/libgconf-2.so.4.1.5
7f47db5d1000-7f47db5d2000 r--p 0002d000 08:05 1975877                    /usr/lib/x86_64-linux-gnu/libgconf-2.so.4.1.5
7f47db5d2000-7f47db5d3000 rw-p 0002e000 08:05 1975877                    /usr/lib/x86_64-linux-gnu/libgconf-2.so.4.1.5
7f47db5d3000-7f47db5e2000 r-xp 00000000 08:05 1975555                    /usr/lib/x86_64-linux-gnu/libXi.so.6.1.0
7f47db5e2000-7f47db7e1000 ---p 0000f000 08:05 1975555                    /usr/lib/x86_64-linux-gnu/libXi.so.6.1.0
7f47db7e1000-7f47db7e2000 r--p 0000e000 08:05 1975555                    /usr/lib/x86_64-linux-gnu/libXi.so.6.1.0
7f47db7e2000-7f47db7e3000 rw-p 0000f000 08:05 1975555                    /usr/lib/x86_64-linux-gnu/libXi.so.6.1.0
7f47db7e3000-7f47db7e5000 r-xp 00000000 08:05 1975557                    /usr/lib/x86_64-linux-gnu/libXinerama.so.1.0.0
7f47db7e5000-7f47db9e4000 ---p 00002000 08:05 1975557                    /usr/lib/x86_64-linux-gnu/libXinerama.so.1.0.0
7f47db9e4000-7f47db9e5000 r--p 00001000 08:05 1975557                    /usr/lib/x86_64-linux-gnu/libXinerama.so.1.0.0
7f47db9e5000-7f47db9e6000 rw-p 00002000 08:05 1975557                    /usr/lib/x86_64-linux-gnu/libXinerama.so.1.0.0
7f47db9e6000-7f47db9ef000 r-xp 00000000 08:05 1975541                    /usr/lib/x86_64-linux-gnu/libXcursor.so.1.0.2
7f47db9ef000-7f47dbbee000 ---p 00009000 08:05 1975541                    /usr/lib/x86_64-linux-gnu/libXcursor.so.1.0.2
7f47dbbee000-7f47dbbef000 r--p 00008000 08:05 1975541                    /usr/lib/x86_64-linux-gnu/libXcursor.so.1.0.2
7f47dbbef000-7f47dbbf0000 rw-p 00009000 08:05 1975541                    /usr/lib/x86_64-linux-gnu/libXcursor.so.1.0.2
7f47dbbf0000-7f47dbbf5000 r-xp 00000000 08:05 1975549                    /usr/lib/x86_64-linux-gnu/libXfixes.so.3.1.0
7f47dbbf5000-7f47dbdf4000 ---p 00005000 08:05 1975549                    /usr/lib/x86_64-linux-gnu/libXfixes.so.3.1.0
7f47dbdf4000-7f47dbdf5000 r--p 00004000 08:05 1975549                    /usr/lib/x86_64-linux-gnu/libXfixes.so.3.1.0
7f47dbdf5000-7f47dbdf6000 rw-p 00005000 08:05 1975549                    /usr/lib/x86_64-linux-gnu/libXfixes.so.3.1.0
7f47dbdf6000-7f47dbdff000 r-xp 00000000 08:05 1975567                    /usr/lib/x86_64-linux-gnu/libXrandr.so.2.2.0
7f47dbdff000-7f47dbffe000 ---p 00009000 08:05 1975567                    /usr/lib/x86_64-linux-gnu/libXrandr.so.2.2.0
7f47dbffe000-7f47dbfff000 r--p 00008000 08:05 1975567                    /usr/lib/x86_64-linux-gnu/libXrandr.so.2.2.0
7f47dbfff000-7f47dc000000 rw-p 00009000 08:05 1975567                    /usr/lib/x86_64-linux-gnu/libXrandr.so.2.2.0
7f47dc000000-7f47dc021000 rw-p 00000000 00:00 0 
7f47dc021000-7f47e0000000 ---p 00000000 00:00 0 
7f47e0013000-7f47e0065000 r--p 00000000 08:05 2755111                    /usr/share/fonts/truetype/dejavu/DejaVuSansMono.ttf
7f47e0065000-7f47e00bc000 r--p 00000000 08:05 2755274                    /usr/share/fonts/truetype/ubuntu-font-family/Ubuntu-R.ttf
7f47e00bc000-7f47e00fd000 r--p 00000000 08:05 2365784                    /usr/share/glib-2.0/schemas/gschemas.compiled
7f47e00fd000-7f47e0117000 r--p 00000000 08:05 2375351                    /usr/share/locale-langpack/de/LC_MESSAGES/glib20.mo
7f47e0117000-7f47e011a000 r-xp 00000000 08:05 2272458                    /usr/lib/x86_64-linux-gnu/gconv/UTF-16.so
7f47e011a000-7f47e0319000 ---p 00003000 08:05 2272458                    /usr/lib/x86_64-linux-gnu/gconv/UTF-16.so
7f47e0319000-7f47e031a000 r--p 00002000 08:05 2272458                    /usr/lib/x86_64-linux-gnu/gconv/UTF-16.so
7f47e031a000-7f47e031b000 rw-p 00003000 08:05 2272458                    /usr/lib/x86_64-linux-gnu/gconv/UTF-16.so
7f47e031b000-7f47e0e22000 r-xp 00000000 08:05 1441888                    /tmp/QtJambi_xy_amd64_4.8.7_gcc-20150613-2146/lib/libcom_trolltech_qt_gui.so.1
7f47e0e22000-7f47e1021000 ---p 00b07000 08:05 1441888                    /tmp/QtJambi_xy_amd64_4.8.7_gcc-20150613-2146/lib/libcom_trolltech_qt_gui.so.1
7f47e1021000-7f47e1047000 r--p 00b06000 08:05 1441888                    /tmp/QtJambi_xy_amd64_4.8.7_gcc-20150613-2146/lib/libcom_trolltech_qt_gui.so.1
7f47e1047000-7f47e107c000 rw-p 00b2c000 08:05 1441888                    /tmp/QtJambi_xy_amd64_4.8.7_gcc-20150613-2146/lib/libcom_trolltech_qt_gui.so.1
7f47e107c000-7f47e1083000 rw-p 00000000 00:00 0 
7f47e1083000-7f47e1088000 r-xp 00000000 08:05 1975545                    /usr/lib/x86_64-linux-gnu/libXdmcp.so.6.0.0
7f47e1088000-7f47e1287000 ---p 00005000 08:05 1975545                    /usr/lib/x86_64-linux-gnu/libXdmcp.so.6.0.0
7f47e1287000-7f47e1288000 r--p 00004000 08:05 1975545                    /usr/lib/x86_64-linux-gnu/libXdmcp.so.6.0.0
7f47e1288000-7f47e1289000 rw-p 00005000 08:05 1975545                    /usr/lib/x86_64-linux-gnu/libXdmcp.so.6.0.0
7f47e1289000-7f47e128b000 r-xp 00000000 08:05 1975534                    /usr/lib/x86_64-linux-gnu/libXau.so.6.0.0
7f47e128b000-7f47e148b000 ---p 00002000 08:05 1975534                    /usr/lib/x86_64-linux-gnu/libXau.so.6.0.0
7f47e148b000-7f47e148c000 r--p 00002000 08:05 1975534                    /usr/lib/x86_64-linux-gnu/libXau.so.6.0.0
7f47e148c000-7f47e148d000 rw-p 00003000 08:05 1975534                    /usr/lib/x86_64-linux-gnu/libXau.so.6.0.0
7f47e148d000-7f47e14aa000 r-xp 00000000 08:05 1976600                    /usr/lib/x86_64-linux-gnu/libxcb.so.1.1.0
7f47e14aa000-7f47e16aa000 ---p 0001d000 08:05 1976600                    /usr/lib/x86_64-linux-gnu/libxcb.so.1.1.0
7f47e16aa000-7f47e16ab000 r--p 0001d000 08:05 1976600                    /usr/lib/x86_64-linux-gnu/libxcb.so.1.1.0
7f47e16ab000-7f47e16ac000 rw-p 0001e000 08:05 1976600                    /usr/lib/x86_64-linux-gnu/libxcb.so.1.1.0
7f47e16ac000-7f47e16d3000 r-xp 00000000 08:05 266714                     /lib/x86_64-linux-gnu/libexpat.so.1.6.0
7f47e16d3000-7f47e18d3000 ---p 00027000 08:05 266714                     /lib/x86_64-linux-gnu/libexpat.so.1.6.0
7f47e18d3000-7f47e18d5000 r--p 00027000 08:05 266714                     /lib/x86_64-linux-gnu/libexpat.so.1.6.0
7f47e18d5000-7f47e18d6000 rw-p 00029000 08:05 266714                     /lib/x86_64-linux-gnu/libexpat.so.1.6.0
7f47e18d6000-7f47e18da000 r-xp 00000000 08:05 266599                     /lib/x86_64-linux-gnu/libuuid.so.1.3.0
7f47e18da000-7f47e1ad9000 ---p 00004000 08:05 266599                     /lib/x86_64-linux-gnu/libuuid.so.1.3.0
7f47e1ad9000-7f47e1ada000 r--p 00003000 08:05 266599                     /lib/x86_64-linux-gnu/libuuid.so.1.3.0
7f47e1ada000-7f47e1adb000 rw-p 00004000 08:05 266599                     /lib/x86_64-linux-gnu/libuuid.so.1.3.0
7f47e1adb000-7f47e1ae2000 r-xp 00000000 08:05 1966620                    /usr/lib/x86_64-linux-gnu/libffi.so.6.0.1
7f47e1ae2000-7f47e1ce1000 ---p 00007000 08:05 1966620                    /usr/lib/x86_64-linux-gnu/libffi.so.6.0.1
7f47e1ce1000-7f47e1ce2000 r--p 00006000 08:05 1966620                    /usr/lib/x86_64-linux-gnu/libffi.so.6.0.1
7f47e1ce2000-7f47e1ce3000 rw-p 00007000 08:05 1966620                    /usr/lib/x86_64-linux-gnu/libffi.so.6.0.1
7f47e1ce3000-7f47e1d08000 r-xp 00000000 08:05 262316                     /lib/x86_64-linux-gnu/libpng12.so.0.50.0
7f47e1d08000-7f47e1f07000 ---p 00025000 08:05 262316                     /lib/x86_64-linux-gnu/libpng12.so.0.50.0
7f47e1f07000-7f47e1f08000 r--p 00024000 08:05 262316                     /lib/x86_64-linux-gnu/libpng12.so.0.50.0
7f47e1f08000-7f47e1f09000 rw-p 00025000 08:05 262316                     /lib/x86_64-linux-gnu/libpng12.so.0.50.0
7f47e1f09000-7f47e2039000 r-xp 00000000 08:05 1975530                    /usr/lib/x86_64-linux-gnu/libX11.so.6.3.0
7f47e2039000-7f47e2239000 ---p 00130000 08:05 1975530                    /usr/lib/x86_64-linux-gnu/libX11.so.6.3.0
7f47e2239000-7f47e223a000 r--p 00130000 08:05 1975530                    /usr/lib/x86_64-linux-gnu/libX11.so.6.3.0
7f47e223a000-7f47e223e000 rw-p 00131000 08:05 1975530                    /usr/lib/x86_64-linux-gnu/libX11.so.6.3.0
7f47e223e000-7f47e224f000 r-xp 00000000 08:05 1975547                    /usr/lib/x86_64-linux-gnu/libXext.so.6.4.0
7f47e224f000-7f47e244e000 ---p 00011000 08:05 1975547                    /usr/lib/x86_64-linux-gnu/libXext.so.6.4.0
7f47e244e000-7f47e244f000 r--p 00010000 08:05 1975547                    /usr/lib/x86_64-linux-gnu/libXext.so.6.4.0
7f47e244f000-7f47e2450000 rw-p 00011000 08:05 1975547                    /usr/lib/x86_64-linux-gnu/libXext.so.6.4.0
7f47e2450000-7f47e248a000 r-xp 00000000 08:05 1975830                    /usr/lib/x86_64-linux-gnu/libfontconfig.so.1.8.0
7f47e248a000-7f47e2689000 ---p 0003a000 08:05 1975830                    /usr/lib/x86_64-linux-gnu/libfontconfig.so.1.8.0
7f47e2689000-7f47e268b000 r--p 00039000 08:05 1975830                    /usr/lib/x86_64-linux-gnu/libfontconfig.so.1.8.0
7f47e268b000-7f47e268c000 rw-p 0003b000 08:05 1975830                    /usr/lib/x86_64-linux-gnu/libfontconfig.so.1.8.0
7f47e268c000-7f47e2695000 r-xp 00000000 08:05 1975569                    /usr/lib/x86_64-linux-gnu/libXrender.so.1.3.0
7f47e2695000-7f47e2894000 ---p 00009000 08:05 1975569                    /usr/lib/x86_64-linux-gnu/libXrender.so.1.3.0
7f47e2894000-7f47e2895000 r--p 00008000 08:05 1975569                    /usr/lib/x86_64-linux-gnu/libXrender.so.1.3.0
7f47e2895000-7f47e2896000 rw-p 00009000 08:05 1975569                    /usr/lib/x86_64-linux-gnu/libXrender.so.1.3.0
7f47e2896000-7f47e28ad000 r-xp 00000000 08:05 1975404                    /usr/lib/x86_64-linux-gnu/libICE.so.6.3.0
7f47e28ad000-7f47e2aac000 ---p 00017000 08:05 1975404                    /usr/lib/x86_64-linux-gnu/libICE.so.6.3.0
7f47e2aac000-7f47e2aad000 r--p 00016000 08:05 1975404                    /usr/lib/x86_64-linux-gnu/libICE.so.6.3.0
7f47e2aad000-7f47e2aae000 rw-p 00017000 08:05 1975404                    /usr/lib/x86_64-linux-gnu/libICE.so.6.3.0
7f47e2aae000-7f47e2ab2000 rw-p 00000000 00:00 0 
7f47e2ab2000-7f47e2ab9000 r-xp 00000000 08:05 1975526                    /usr/lib/x86_64-linux-gnu/libSM.so.6.0.1
7f47e2ab9000-7f47e2cb8000 ---p 00007000 08:05 1975526                    /usr/lib/x86_64-linux-gnu/libSM.so.6.0.1
7f47e2cb8000-7f47e2cb9000 r--p 00006000 08:05 1975526                    /usr/lib/x86_64-linux-gnu/libSM.so.6.0.1
7f47e2cb9000-7f47e2cba000 rw-p 00007000 08:05 1975526                    /usr/lib/x86_64-linux-gnu/libSM.so.6.0.1
7f47e2cba000-7f47e2d09000 r-xp 00000000 08:05 1975945                    /usr/lib/x86_64-linux-gnu/libgobject-2.0.so.0.4002.0
7f47e2d09000-7f47e2f09000 ---p 0004f000 08:05 1975945                    /usr/lib/x86_64-linux-gnu/libgobject-2.0.so.0.4002.0
7f47e2f09000-7f47e2f0a000 r--p 0004f000 08:05 1975945                    /usr/lib/x86_64-linux-gnu/libgobject-2.0.so.0.4002.0
7f47e2f0a000-7f47e2f0b000 rw-p 00050000 08:05 1975945                    /usr/lib/x86_64-linux-gnu/libgobject-2.0.so.0.4002.0
7f47e2f0b000-7f47e39b6000 r-xp 00000000 08:05 1441826                    /tmp/QtJambi_xy_amd64_4.8.7_gcc-20150613-2146/lib/libQtGui.so.4
7f47e39b6000-7f47e3bb5000 ---p 00aab000 08:05 1441826                    /tmp/QtJambi_xy_amd64_4.8.7_gcc-20150613-2146/lib/libQtGui.so.4
7f47e3bb5000-7f47e3bf7000 r--p 00aaa000 08:05 1441826                    /tmp/QtJambi_xy_amd64_4.8.7_gcc-20150613-2146/lib/libQtGui.so.4
7f47e3bf7000-7f47e3c0b000 rw-p 00aec000 08:05 1441826                    /tmp/QtJambi_xy_amd64_4.8.7_gcc-20150613-2146/lib/libQtGui.so.4
7f47e3c0b000-7f47e3c0e000 rw-p 00000000 00:00 0 
7f47e3c0e000-7f47e3ded000 r-xp 00000000 08:05 1441887                    /tmp/QtJambi_xy_amd64_4.8.7_gcc-20150613-2146/lib/libcom_trolltech_qt_core.so.1
7f47e3ded000-7f47e3fec000 ---p 001df000 08:05 1441887                    /tmp/QtJambi_xy_amd64_4.8.7_gcc-20150613-2146/lib/libcom_trolltech_qt_core.so.1
7f47e3fec000-7f47e3ff7000 r--p 001de000 08:05 1441887                    /tmp/QtJambi_xy_amd64_4.8.7_gcc-20150613-2146/lib/libcom_trolltech_qt_core.so.1
7f47e3ff7000-7f47e4000000 rw-p 001e9000 08:05 1441887                    /tmp/QtJambi_xy_amd64_4.8.7_gcc-20150613-2146/lib/libcom_trolltech_qt_core.so.1
7f47e4000000-7f47e4021000 rw-p 00000000 00:00 0 
7f47e4021000-7f47e8000000 ---p 00000000 00:00 0 
7f47e8000000-7f47e8021000 rw-p 00000000 00:00 0 
7f47e8021000-7f47ec000000 ---p 00000000 00:00 0 
7f47ec000000-7f47ec059000 rw-p 00000000 00:00 0 
7f47ec059000-7f47f0000000 ---p 00000000 00:00 0 
7f47f0000000-7f47f015c000 rw-p 00000000 00:00 0 
7f47f015c000-7f47f4000000 ---p 00000000 00:00 0 
7f47f4000000-7f47f4051000 rw-p 00000000 00:00 0 
7f47f4051000-7f47f8000000 ---p 00000000 00:00 0 
7f47f8000000-7f47f8034000 rw-p 00000000 00:00 0 
7f47f8034000-7f47fc000000 ---p 00000000 00:00 0 
7f47fc000000-7f47fc021000 rw-p 00000000 00:00 0 
7f47fc021000-7f4800000000 ---p 00000000 00:00 0 
7f4800000000-7f4800021000 rw-p 00000000 00:00 0 
7f4800021000-7f4804000000 ---p 00000000 00:00 0 
7f4804000000-7f4804021000 rw-p 00000000 00:00 0 
7f4804021000-7f4808000000 ---p 00000000 00:00 0 
7f4808000000-7f4808021000 rw-p 00000000 00:00 0 
7f4808021000-7f480c000000 ---p 00000000 00:00 0 
7f480c000000-7f480c021000 rw-p 00000000 00:00 0 
7f480c021000-7f4810000000 ---p 00000000 00:00 0 
7f481000b000-7f481000e000 r--p 00000000 08:05 2375374                    /usr/share/locale-langpack/de/LC_MESSAGES/atk10.mo
7f481000e000-7f4810015000 r--p 00000000 00:1c 1790340                    /home/xy/.config/dconf/user
7f4810015000-7f4810016000 r--s 00000000 00:17 257144                     /run/user/1000/dconf/user
7f4810016000-7f481003f000 r--p 00000000 08:05 2375439                    /usr/share/locale-langpack/de/LC_MESSAGES/gtk20-properties.mo
7f481003f000-7f481004e000 r--p 00000000 08:05 2375312                    /usr/share/locale-langpack/de/LC_MESSAGES/gtk20.mo
7f481004e000-7f4810074000 r--p 00000000 08:05 2375139                    /usr/share/locale-langpack/de/LC_MESSAGES/libc.mo
7f4810074000-7f4810075000 r--s 00000000 08:05 132036                     /var/cache/fontconfig/087e1975ba9a574b140bb1df193bf770-le64.cache-4
7f4810075000-7f4810076000 r--s 00000000 08:05 136382                     /var/cache/fontconfig/c05880de57d1f5e948fdfacc138775d9-le64.cache-4
7f4810076000-7f4810081000 r--s 00000000 08:05 136376                     /var/cache/fontconfig/945677eb7aeaf62f1d50efc3fb3ec7d8-le64.cache-4
7f4810081000-7f4810087000 r--s 00000000 08:05 136362                     /var/cache/fontconfig/2cd17615ca594fa2959ae173292e504c-le64.cache-4
7f4810087000-7f4810088000 r--s 00000000 08:05 136392                     /var/cache/fontconfig/e7071f4a29fa870f4323321c154eba04-le64.cache-4
7f4810088000-7f4810089000 r--s 00000000 08:05 136359                     /var/cache/fontconfig/0d8c3b2ac0904cb8a57a757ad11a4a08-le64.cache-4
7f4810089000-7f4810090000 r--s 00000000 08:05 136379                     /var/cache/fontconfig/a755afe4a08bf5b97852ceb7400b47bc-le64.cache-4
7f4810090000-7f481009c000 r--s 00000000 08:05 132780                     /var/cache/fontconfig/6d41288fd70b0be22e8c3a91e032eec0-le64.cache-4
7f481009c000-7f48100b0000 r--s 00000000 08:05 136357                     /var/cache/fontconfig/04aabc0a78ac019cf9454389977116d2-le64.cache-4
7f48100b0000-7f48100b1000 r--s 00000000 08:05 136361                     /var/cache/fontconfig/1ac9eb803944fde146138c791f5cc56a-le64.cache-4
7f48100b1000-7f48100b5000 r--s 00000000 08:05 136365                     /var/cache/fontconfig/385c0604a188198f04d133e54aba7fe7-le64.cache-4
7f48100b5000-7f48100b6000 r--s 00000000 08:05 136389                     /var/cache/fontconfig/dc05db6664285cc2f12bf69c139ae4c3-le64.cache-4
7f48100b6000-7f48100bb000 r--s 00000000 08:05 136375                     /var/cache/fontconfig/8801497958630a81b71ace7c5f9b32a8-le64.cache-4
7f48100bb000-7f48100bf000 r--s 00000000 08:05 131984                     /var/cache/fontconfig/c57959a16110560c8d0fcea73374aeeb-le64.cache-4
7f48100bf000-7f48100c6000 r--s 00000000 08:05 136363                     /var/cache/fontconfig/3047814df9a2f067bd2d96a2b9c36e5a-le64.cache-4
7f48100c6000-7f48100d9000 r--s 00000000 08:05 136386                     /var/cache/fontconfig/d52a8644073d54c13679302ca1180695-le64.cache-4
7f48100d9000-7f4810176000 r-xp 00000000 08:05 1974776                    /usr/lib/x86_64-linux-gnu/libfreetype.so.6.11.1
7f4810176000-7f4810375000 ---p 0009d000 08:05 1974776                    /usr/lib/x86_64-linux-gnu/libfreetype.so.6.11.1
7f4810375000-7f481037b000 r--p 0009c000 08:05 1974776                    /usr/lib/x86_64-linux-gnu/libfreetype.so.6.11.1
7f481037b000-7f481037c000 rw-p 000a2000 08:05 1974776                    /usr/lib/x86_64-linux-gnu/libfreetype.so.6.11.1
7f481037c000-7f481037f000 ---p 00000000 00:00 0 
7f481037f000-7f481047d000 rw-p 00000000 00:00 0 
7f481047d000-7f48104c6000 r-xp 00000000 08:05 1441886                    /tmp/QtJambi_xy_amd64_4.8.7_gcc-20150613-2146/lib/libqtjambi.so.1
7f48104c6000-7f48106c6000 ---p 00049000 08:05 1441886                    /tmp/QtJambi_xy_amd64_4.8.7_gcc-20150613-2146/lib/libqtjambi.so.1
7f48106c6000-7f48106c7000 r--p 00049000 08:05 1441886                    /tmp/QtJambi_xy_amd64_4.8.7_gcc-20150613-2146/lib/libqtjambi.so.1
7f48106c7000-7f48106c8000 rw-p 0004a000 08:05 1441886                    /tmp/QtJambi_xy_amd64_4.8.7_gcc-20150613-2146/lib/libqtjambi.so.1
7f48106c8000-7f48106c9000 rw-p 00000000 00:00 0 
7f48106c9000-7f4810706000 r-xp 00000000 08:05 262321                     /lib/x86_64-linux-gnu/libpcre.so.3.13.1
7f4810706000-7f4810905000 ---p 0003d000 08:05 262321                     /lib/x86_64-linux-gnu/libpcre.so.3.13.1
7f4810905000-7f4810906000 r--p 0003c000 08:05 262321                     /lib/x86_64-linux-gnu/libpcre.so.3.13.1
7f4810906000-7f4810907000 rw-p 0003d000 08:05 262321                     /lib/x86_64-linux-gnu/libpcre.so.3.13.1
7f4810907000-7f4810a0d000 r-xp 00000000 08:05 266611                     /lib/x86_64-linux-gnu/libglib-2.0.so.0.4002.0
7f4810a0d000-7f4810c0c000 ---p 00106000 08:05 266611                     /lib/x86_64-linux-gnu/libglib-2.0.so.0.4002.0
7f4810c0c000-7f4810c0d000 r--p 00105000 08:05 266611                     /lib/x86_64-linux-gnu/libglib-2.0.so.0.4002.0
7f4810c0d000-7f4810c0e000 rw-p 00106000 08:05 266611                     /lib/x86_64-linux-gnu/libglib-2.0.so.0.4002.0
7f4810c0e000-7f4810c0f000 rw-p 00000000 00:00 0 
7f4810c0f000-7f4810c11000 r--s 00000000 08:05 136373                     /var/cache/fontconfig/767a8244fc0220cfb567a839d0392e0b-le64.cache-4
7f4810c11000-7f4810c12000 r--s 00000000 08:05 132081                     /var/cache/fontconfig/4794a0821666d79190d59a36cb4f44b5-le64.cache-4
7f4810c12000-7f4810c13000 r--s 00000000 08:05 136369                     /var/cache/fontconfig/56cf4f4769d0f4abc89a4895d7bd3ae1-le64.cache-4
7f4810c13000-7f4810c14000 r--s 00000000 08:05 136381                     /var/cache/fontconfig/b9d506c9ac06c20b433354fa67a72993-le64.cache-4
7f4810c14000-7f4810c1a000 r--s 00000000 08:05 136380                     /var/cache/fontconfig/b47c4e1ecd0709278f4910c18777a504-le64.cache-4
7f4810c1a000-7f4810c1b000 r--s 00000000 08:05 132035                     /var/cache/fontconfig/8a687c406b77f27d99abfeeba937fcce-le64.cache-4
7f4810c1b000-7f4810c24000 r--s 00000000 08:05 136366                     /var/cache/fontconfig/3f7329c5293ffd510edef78f73874cfd-le64.cache-4
7f4810c24000-7f4810c2f000 r--s 00000000 08:05 132132                     /var/cache/fontconfig/d589a48862398ed80a3d6066f4f56f4c-le64.cache-4
7f4810c2f000-7f4810c30000 r--s 00000000 08:05 136358                     /var/cache/fontconfig/0c9eb80ebd1c36541ebe2852d3bb0c49-le64.cache-4
7f4810c30000-7f4810c39000 r--s 00000000 08:05 131983                     /var/cache/fontconfig/d0972c3d32f097851eb916381fc38920-le64.cache-4
7f4810c39000-7f4810c3c000 r--s 00000000 08:05 131608                     /var/cache/fontconfig/e13b20fdb08344e0e664864cc2ede53d-le64.cache-4
7f4810c3c000-7f4810c43000 r--s 00000000 08:05 2272386                    /usr/lib/x86_64-linux-gnu/gconv/gconv-modules.cache
7f4810c43000-7f4810f23000 r-xp 00000000 08:05 1441825                    /tmp/QtJambi_xy_amd64_4.8.7_gcc-20150613-2146/lib/libQtCore.so.4
7f4810f23000-7f4811123000 ---p 002e0000 08:05 1441825                    /tmp/QtJambi_xy_amd64_4.8.7_gcc-20150613-2146/lib/libQtCore.so.4
7f4811123000-7f481112e000 r--p 002e0000 08:05 1441825                    /tmp/QtJambi_xy_amd64_4.8.7_gcc-20150613-2146/lib/libQtCore.so.4
7f481112e000-7f4811133000 rw-p 002eb000 08:05 1441825                    /tmp/QtJambi_xy_amd64_4.8.7_gcc-20150613-2146/lib/libQtCore.so.4
7f4811133000-7f4811134000 rw-p 00000000 00:00 0 
7f4811134000-7f4811160000 r--s 002ff000 08:05 2323893                    /usr/local/lib/qtjambi-linux64-community-4.8.7/qtjambi-4.8.7.jar
7f4811160000-7f481116e000 r--s 00474000 08:05 2323895                    /usr/local/lib/qtjambi-linux64-community-4.8.7/qtjambi-examples-4.8.7.jar
7f481116e000-7f481117a000 r--s 00437000 08:05 2323896                    /usr/local/lib/qtjambi-linux64-community-4.8.7/qtjambi-examples-src.jar
7f481117a000-7f481117b000 ---p 00000000 00:00 0 
7f481117b000-7f481127b000 rw-p 00000000 00:00 0 
7f481127b000-7f481127e000 ---p 00000000 00:00 0 
7f481127e000-7f481137c000 rw-p 00000000 00:00 0                          [stack:30111]
7f481137c000-7f481137f000 ---p 00000000 00:00 0 
7f481137f000-7f481147d000 rw-p 00000000 00:00 0                          [stack:30110]
7f481147d000-7f4811480000 ---p 00000000 00:00 0 
7f4811480000-7f481157e000 rw-p 00000000 00:00 0                          [stack:30109]
7f481157e000-7f4811581000 ---p 00000000 00:00 0 
7f4811581000-7f481167f000 rw-p 00000000 00:00 0                          [stack:30108]
7f481167f000-7f4811682000 ---p 00000000 00:00 0 
7f4811682000-7f4811780000 rw-p 00000000 00:00 0                          [stack:30107]
7f4811780000-7f4811783000 ---p 00000000 00:00 0 
7f4811783000-7f4811881000 rw-p 00000000 00:00 0                          [stack:30106]
7f4811881000-7f48120d7000 r--p 00000000 08:05 1974234                    /usr/lib/locale/locale-archive
7f48120d7000-7f48120da000 ---p 00000000 00:00 0 
7f48120da000-7f48121d8000 rw-p 00000000 00:00 0                          [stack:30105]
7f48121d8000-7f48121db000 ---p 00000000 00:00 0 
7f48121db000-7f48122d9000 rw-p 00000000 00:00 0                          [stack:30104]
7f48122d9000-7f48122da000 ---p 00000000 00:00 0 
7f48122da000-7f4813ffd000 rw-p 00000000 00:00 0 
7f4813ffd000-7f48141ca000 r--s 03be5000 08:05 2014519                    /usr/lib/jvm/java-8-openjdk-amd64/jre/lib/rt.jar
7f48141ca000-7f4818000000 rw-p 00000000 00:00 0 
7f4818000000-7f4818021000 rw-p 00000000 00:00 0 
7f4818021000-7f481c000000 ---p 00000000 00:00 0 
7f481c000000-7f481c021000 rw-p 00000000 00:00 0 
7f481c021000-7f4820000000 ---p 00000000 00:00 0 
7f4820000000-7f4820021000 rw-p 00000000 00:00 0 
7f4820021000-7f4824000000 ---p 00000000 00:00 0 
7f4824000000-7f4824021000 rw-p 00000000 00:00 0 
7f4824021000-7f4828000000 ---p 00000000 00:00 0 
7f4828000000-7f4828021000 rw-p 00000000 00:00 0 
7f4828021000-7f482c000000 ---p 00000000 00:00 0 
7f482c000000-7f482c021000 rw-p 00000000 00:00 0 
7f482c021000-7f4830000000 ---p 00000000 00:00 0 
7f4830000000-7f4830021000 rw-p 00000000 00:00 0 
7f4830021000-7f4834000000 ---p 00000000 00:00 0 
7f4834000000-7f4834004000 r--s 00000000 08:05 131875                     /var/cache/fontconfig/7ef2298fde41cc6eeb7af42e48b7d293-le64.cache-4
7f4834004000-7f4834020000 r--s 00393000 08:05 2014530                    /usr/lib/jvm/java-8-openjdk-amd64/jre/lib/ext/cldrdata.jar
7f4834020000-7f4834560000 rw-p 00000000 00:00 0 
7f4834560000-7f4834820000 ---p 00000000 00:00 0 
7f4834820000-7f4834bfc000 rw-p 00000000 00:00 0 
7f4834bfc000-7f4834bfd000 ---p 00000000 00:00 0 
7f4834bfd000-7f4834cfd000 rw-p 00000000 00:00 0                          [stack:30102]
7f4834cfd000-7f4834cfe000 ---p 00000000 00:00 0 
7f4834cfe000-7f4834dfe000 rw-p 00000000 00:00 0                          [stack:30101]
7f4834dfe000-7f4834dff000 ---p 00000000 00:00 0 
7f4834dff000-7f4834eff000 rw-p 00000000 00:00 0                          [stack:30100]
7f4834eff000-7f4834f00000 ---p 00000000 00:00 0 
7f4834f00000-7f4835000000 rw-p 00000000 00:00 0                          [stack:30099]
7f4835000000-7f4835270000 rwxp 00000000 00:00 0 
7f4835270000-7f4844000000 ---p 00000000 00:00 0 
7f4844000000-7f4844698000 rw-p 00000000 00:00 0 
7f4844698000-7f4848000000 ---p 00000000 00:00 0 
7f4848000000-7f4848002000 r--s 00008000 08:05 2323894                    /usr/local/lib/qtjambi-linux64-community-4.8.7/qtjambi-designer-4.8.7.jar
7f4848002000-7f484801d000 r--s 001d7000 08:05 2014528                    /usr/lib/jvm/java-8-openjdk-amd64/jre/lib/ext/nashorn.jar
7f484801d000-7f484806a000 rw-p 00000000 00:00 0 
7f484806a000-7f484806b000 ---p 00000000 00:00 0 
7f484806b000-7f484816b000 rw-p 00000000 00:00 0                          [stack:30098]
7f484816b000-7f484816c000 ---p 00000000 00:00 0 
7f484816c000-7f484826c000 rw-p 00000000 00:00 0                          [stack:30097]
7f484826c000-7f484826d000 ---p 00000000 00:00 0 
7f484826d000-7f484836d000 rw-p 00000000 00:00 0                          [stack:30096]
7f484836d000-7f484836e000 ---p 00000000 00:00 0 
7f484836e000-7f4848498000 rw-p 00000000 00:00 0                          [stack:30095]
7f4848498000-7f4848701000 ---p 00000000 00:00 0 
7f4848701000-7f484872b000 rw-p 00000000 00:00 0 
7f484872b000-7f4848993000 ---p 00000000 00:00 0 
7f4848993000-7f48489a9000 rw-p 00000000 00:00 0 
7f48489a9000-7f4848add000 ---p 00000000 00:00 0 
7f4848add000-7f4848ae8000 rw-p 00000000 00:00 0 
7f4848ae8000-7f4848e9e000 ---p 00000000 00:00 0 
7f4848e9e000-7f4848ea6000 r-xp 00000000 08:05 2014490                    /usr/lib/jvm/java-8-openjdk-amd64/jre/lib/amd64/libzip.so
7f4848ea6000-7f48490a5000 ---p 00008000 08:05 2014490                    /usr/lib/jvm/java-8-openjdk-amd64/jre/lib/amd64/libzip.so
7f48490a5000-7f48490a6000 r--p 00007000 08:05 2014490                    /usr/lib/jvm/java-8-openjdk-amd64/jre/lib/amd64/libzip.so
7f48490a6000-7f48490a7000 rw-p 00008000 08:05 2014490                    /usr/lib/jvm/java-8-openjdk-amd64/jre/lib/amd64/libzip.so
7f48490a7000-7f48490b2000 r-xp 00000000 08:05 291630                     /lib/x86_64-linux-gnu/libnss_files-2.19.so
7f48490b2000-7f48492b1000 ---p 0000b000 08:05 291630                     /lib/x86_64-linux-gnu/libnss_files-2.19.so
7f48492b1000-7f48492b2000 r--p 0000a000 08:05 291630                     /lib/x86_64-linux-gnu/libnss_files-2.19.so
7f48492b2000-7f48492b3000 rw-p 0000b000 08:05 291630                     /lib/x86_64-linux-gnu/libnss_files-2.19.so
7f48492b3000-7f48492be000 r-xp 00000000 08:05 291622                     /lib/x86_64-linux-gnu/libnss_nis-2.19.so
7f48492be000-7f48494bd000 ---p 0000b000 08:05 291622                     /lib/x86_64-linux-gnu/libnss_nis-2.19.so
7f48494bd000-7f48494be000 r--p 0000a000 08:05 291622                     /lib/x86_64-linux-gnu/libnss_nis-2.19.so
7f48494be000-7f48494bf000 rw-p 0000b000 08:05 291622                     /lib/x86_64-linux-gnu/libnss_nis-2.19.so
7f48494bf000-7f48494d6000 r-xp 00000000 08:05 269782                     /lib/x86_64-linux-gnu/libnsl-2.19.so
7f48494d6000-7f48496d5000 ---p 00017000 08:05 269782                     /lib/x86_64-linux-gnu/libnsl-2.19.so
7f48496d5000-7f48496d6000 r--p 00016000 08:05 269782                     /lib/x86_64-linux-gnu/libnsl-2.19.so
7f48496d6000-7f48496d7000 rw-p 00017000 08:05 269782                     /lib/x86_64-linux-gnu/libnsl-2.19.so
7f48496d7000-7f48496d9000 rw-p 00000000 00:00 0 
7f48496d9000-7f48496e2000 r-xp 00000000 08:05 269781                     /lib/x86_64-linux-gnu/libnss_compat-2.19.so
7f48496e2000-7f48498e1000 ---p 00009000 08:05 269781                     /lib/x86_64-linux-gnu/libnss_compat-2.19.so
7f48498e1000-7f48498e2000 r--p 00008000 08:05 269781                     /lib/x86_64-linux-gnu/libnss_compat-2.19.so
7f48498e2000-7f48498e3000 rw-p 00009000 08:05 269781                     /lib/x86_64-linux-gnu/libnss_compat-2.19.so
7f48498e3000-7f484990f000 r-xp 00000000 08:05 2014476                    /usr/lib/jvm/java-8-openjdk-amd64/jre/lib/amd64/libjava.so
7f484990f000-7f4849b0f000 ---p 0002c000 08:05 2014476                    /usr/lib/jvm/java-8-openjdk-amd64/jre/lib/amd64/libjava.so
7f4849b0f000-7f4849b10000 r--p 0002c000 08:05 2014476                    /usr/lib/jvm/java-8-openjdk-amd64/jre/lib/amd64/libjava.so
7f4849b10000-7f4849b12000 rw-p 0002d000 08:05 2014476                    /usr/lib/jvm/java-8-openjdk-amd64/jre/lib/amd64/libjava.so
7f4849b12000-7f4849b22000 r-xp 00000000 08:05 2014477                    /usr/lib/jvm/java-8-openjdk-amd64/jre/lib/amd64/libverify.so
7f4849b22000-7f4849d21000 ---p 00010000 08:05 2014477                    /usr/lib/jvm/java-8-openjdk-amd64/jre/lib/amd64/libverify.so
7f4849d21000-7f4849d23000 r--p 0000f000 08:05 2014477                    /usr/lib/jvm/java-8-openjdk-amd64/jre/lib/amd64/libverify.so
7f4849d23000-7f4849d24000 rw-p 00011000 08:05 2014477                    /usr/lib/jvm/java-8-openjdk-amd64/jre/lib/amd64/libverify.so
7f4849d24000-7f4849d2b000 r-xp 00000000 08:05 291626                     /lib/x86_64-linux-gnu/librt-2.19.so
7f4849d2b000-7f4849f2a000 ---p 00007000 08:05 291626                     /lib/x86_64-linux-gnu/librt-2.19.so
7f4849f2a000-7f4849f2b000 r--p 00006000 08:05 291626                     /lib/x86_64-linux-gnu/librt-2.19.so
7f4849f2b000-7f4849f2c000 rw-p 00007000 08:05 291626                     /lib/x86_64-linux-gnu/librt-2.19.so
7f4849f2c000-7f4849f42000 r-xp 00000000 08:05 266601                     /lib/x86_64-linux-gnu/libgcc_s.so.1
7f4849f42000-7f484a141000 ---p 00016000 08:05 266601                     /lib/x86_64-linux-gnu/libgcc_s.so.1
7f484a141000-7f484a142000 rw-p 00015000 08:05 266601                     /lib/x86_64-linux-gnu/libgcc_s.so.1
7f484a142000-7f484a247000 r-xp 00000000 08:05 266608                     /lib/x86_64-linux-gnu/libm-2.19.so
7f484a247000-7f484a446000 ---p 00105000 08:05 266608                     /lib/x86_64-linux-gnu/libm-2.19.so
7f484a446000-7f484a447000 r--p 00104000 08:05 266608                     /lib/x86_64-linux-gnu/libm-2.19.so
7f484a447000-7f484a448000 rw-p 00105000 08:05 266608                     /lib/x86_64-linux-gnu/libm-2.19.so
7f484a448000-7f484a52e000 r-xp 00000000 08:05 1970404                    /usr/lib/x86_64-linux-gnu/libstdc++.so.6.0.19
7f484a52e000-7f484a72d000 ---p 000e6000 08:05 1970404                    /usr/lib/x86_64-linux-gnu/libstdc++.so.6.0.19
7f484a72d000-7f484a735000 r--p 000e5000 08:05 1970404                    /usr/lib/x86_64-linux-gnu/libstdc++.so.6.0.19
7f484a735000-7f484a737000 rw-p 000ed000 08:05 1970404                    /usr/lib/x86_64-linux-gnu/libstdc++.so.6.0.19
7f484a737000-7f484a74c000 rw-p 00000000 00:00 0 
7f484a74c000-7f484b338000 r-xp 00000000 08:05 2014488                    /usr/lib/jvm/java-8-openjdk-amd64/jre/lib/amd64/server/libjvm.so
7f484b338000-7f484b538000 ---p 00bec000 08:05 2014488                    /usr/lib/jvm/java-8-openjdk-amd64/jre/lib/amd64/server/libjvm.so
7f484b538000-7f484b5d6000 r--p 00bec000 08:05 2014488                    /usr/lib/jvm/java-8-openjdk-amd64/jre/lib/amd64/server/libjvm.so
7f484b5d6000-7f484b5ff000 rw-p 00c8a000 08:05 2014488                    /usr/lib/jvm/java-8-openjdk-amd64/jre/lib/amd64/server/libjvm.so
7f484b5ff000-7f484b62f000 rw-p 00000000 00:00 0 
7f484b62f000-7f484b648000 r-xp 00000000 08:05 269783                     /lib/x86_64-linux-gnu/libpthread-2.19.so
7f484b648000-7f484b847000 ---p 00019000 08:05 269783                     /lib/x86_64-linux-gnu/libpthread-2.19.so
7f484b847000-7f484b848000 r--p 00018000 08:05 269783                     /lib/x86_64-linux-gnu/libpthread-2.19.so
7f484b848000-7f484b849000 rw-p 00019000 08:05 269783                     /lib/x86_64-linux-gnu/libpthread-2.19.so
7f484b849000-7f484b84d000 rw-p 00000000 00:00 0 
7f484b84d000-7f484b850000 r-xp 00000000 08:05 266679                     /lib/x86_64-linux-gnu/libdl-2.19.so
7f484b850000-7f484ba4f000 ---p 00003000 08:05 266679                     /lib/x86_64-linux-gnu/libdl-2.19.so
7f484ba4f000-7f484ba50000 r--p 00002000 08:05 266679                     /lib/x86_64-linux-gnu/libdl-2.19.so
7f484ba50000-7f484ba51000 rw-p 00003000 08:05 266679                     /lib/x86_64-linux-gnu/libdl-2.19.so
7f484ba51000-7f484ba69000 r-xp 00000000 08:05 266743                     /lib/x86_64-linux-gnu/libz.so.1.2.8
7f484ba69000-7f484bc68000 ---p 00018000 08:05 266743                     /lib/x86_64-linux-gnu/libz.so.1.2.8
7f484bc68000-7f484bc69000 r--p 00017000 08:05 266743                     /lib/x86_64-linux-gnu/libz.so.1.2.8
7f484bc69000-7f484bc6a000 rw-p 00018000 08:05 266743                     /lib/x86_64-linux-gnu/libz.so.1.2.8
7f484bc6a000-7f484be25000 r-xp 00000000 08:05 291627                     /lib/x86_64-linux-gnu/libc-2.19.so
7f484be25000-7f484c024000 ---p 001bb000 08:05 291627                     /lib/x86_64-linux-gnu/libc-2.19.so
7f484c024000-7f484c028000 r--p 001ba000 08:05 291627                     /lib/x86_64-linux-gnu/libc-2.19.so
7f484c028000-7f484c02a000 rw-p 001be000 08:05 291627                     /lib/x86_64-linux-gnu/libc-2.19.so
7f484c02a000-7f484c02f000 rw-p 00000000 00:00 0 
7f484c02f000-7f484c03c000 r-xp 00000000 08:05 2014503                    /usr/lib/jvm/java-8-openjdk-amd64/jre/lib/amd64/jli/libjli.so
7f484c03c000-7f484c23c000 ---p 0000d000 08:05 2014503                    /usr/lib/jvm/java-8-openjdk-amd64/jre/lib/amd64/jli/libjli.so
7f484c23c000-7f484c23d000 r--p 0000d000 08:05 2014503                    /usr/lib/jvm/java-8-openjdk-amd64/jre/lib/amd64/jli/libjli.so
7f484c23d000-7f484c23e000 rw-p 0000e000 08:05 2014503                    /usr/lib/jvm/java-8-openjdk-amd64/jre/lib/amd64/jli/libjli.so
7f484c23e000-7f484c261000 r-xp 00000000 08:05 291610                     /lib/x86_64-linux-gnu/ld-2.19.so
7f484c261000-7f484c262000 r--s 00000000 08:05 132033                     /var/cache/fontconfig/c277e94e32b20404286a1ddafa5a80f0-le64.cache-4
7f484c262000-7f484c265000 r--s 01f3b000 08:05 2323897                    /usr/local/lib/qtjambi-linux64-community-4.8.7/qtjambi-native-linux64-gcc-4.8.7.jar
7f484c265000-7f484c26f000 r--s 00116000 08:05 2014536                    /usr/lib/jvm/java-8-openjdk-amd64/jre/lib/ext/localedata.jar
7f484c26f000-7f484c270000 r--s 0000a000 08:05 2014532                    /usr/lib/jvm/java-8-openjdk-amd64/jre/lib/ext/jaccess.jar
7f484c270000-7f484c273000 r--s 0000f000 08:05 2014535                    /usr/lib/jvm/java-8-openjdk-amd64/jre/lib/ext/icedtea-sound.jar
7f484c273000-7f484c279000 r--s 0003a000 08:05 2014534                    /usr/lib/jvm/java-8-openjdk-amd64/jre/lib/ext/sunjce_provider.jar
7f484c279000-7f484c27b000 r--s 00001000 08:05 2014529                    /usr/lib/jvm/java-8-openjdk-amd64/jre/lib/ext/dnsns.jar
7f484c27b000-7f484c27c000 r--s 00010000 08:05 2014533                    /usr/lib/jvm/java-8-openjdk-amd64/jre/lib/ext/zipfs.jar
7f484c27c000-7f484c280000 r--s 00037000 08:05 2014537                    /usr/lib/jvm/java-8-openjdk-amd64/jre/lib/ext/sunpkcs11.jar
7f484c280000-7f484c324000 rw-p 00000000 00:00 0 
7f484c324000-7f484c327000 ---p 00000000 00:00 0 
7f484c327000-7f484c42a000 rw-p 00000000 00:00 0                          [stack:30094]
7f484c42a000-7f484c42b000 r--s 00008000 08:05 2014531                    /usr/lib/jvm/java-8-openjdk-amd64/jre/lib/ext/sunec.jar
7f484c42b000-7f484c42d000 r--s 00006000 08:05 2373239                    /usr/share/java/java-atk-wrapper.jar
7f484c42d000-7f484c454000 rw-p 00000000 00:00 0 
7f484c454000-7f484c45c000 rw-s 00000000 08:05 1441964                    /tmp/hsperfdata_xy/30089 (deleted)
7f484c45c000-7f484c45d000 rw-p 00000000 00:00 0 
7f484c45d000-7f484c45e000 ---p 00000000 00:00 0 
7f484c45e000-7f484c460000 rw-p 00000000 00:00 0 
7f484c460000-7f484c461000 r--p 00022000 08:05 291610                     /lib/x86_64-linux-gnu/ld-2.19.so
7f484c461000-7f484c462000 rw-p 00023000 08:05 291610                     /lib/x86_64-linux-gnu/ld-2.19.so
7f484c462000-7f484c463000 rw-p 00000000 00:00 0 
7ffe6b668000-7ffe6b689000 rw-p 00000000 00:00 0                          [stack]
7ffe6b7e3000-7ffe6b7e5000 r--p 00000000 00:00 0                          [vvar]
7ffe6b7e5000-7ffe6b7e7000 r-xp 00000000 00:00 0                          [vdso]
ffffffffff600000-ffffffffff601000 r-xp 00000000 00:00 0                  [vsyscall]

VM Arguments:
jvm_args: -Dfile.encoding=UTF-8 
java_command: de.dide.audioPlayer.app.AppAudioPlayer
java_class_path (initial): /home/xy/PROG/workspaces/java/AudioPlayerReally/bin:/usr/local/lib/qtjambi-linux64-community-4.8.7/qtjambi-native-linux64-gcc-4.8.7.jar:/usr/local/lib/qtjambi-linux64-community-4.8.7/qtjambi-examples-src.jar:/usr/local/lib/qtjambi-linux64-community-4.8.7/qtjambi-examples-4.8.7.jar:/usr/local/lib/qtjambi-linux64-community-4.8.7/qtjambi-designer-4.8.7.jar:/usr/local/lib/qtjambi-linux64-community-4.8.7/qtjambi-4.8.7.jar
Launcher Type: SUN_STANDARD

Environment Variables:
JAVA_HOME=/usr/lib/jvm/java-8-openjdk-amd64
PATH=/usr/local/sbin:/usr/local/bin:/usr/sbin:/usr/bin:/sbin:/bin:/usr/games:/usr/local/games:/opt/pychrom-2012/
LD_LIBRARY_PATH=/opt/qt-4.8.7//lib
SHELL=/bin/bash
DISPLAY=:0.0

Signal Handlers:
SIGSEGV: [libjvm.so+0x9f42a0], sa_mask[0]=11111111011111111101111111111110, sa_flags=SA_RESTART|SA_SIGINFO
SIGBUS: [libjvm.so+0x9f42a0], sa_mask[0]=11111111011111111101111111111110, sa_flags=SA_RESTART|SA_SIGINFO
SIGFPE: [libjvm.so+0x8558d0], sa_mask[0]=11111111011111111101111111111110, sa_flags=SA_RESTART|SA_SIGINFO
SIGPIPE: SIG_IGN, sa_mask[0]=00000000000010000000000000000000, sa_flags=SA_RESTART
SIGXFSZ: [libjvm.so+0x8558d0], sa_mask[0]=11111111011111111101111111111110, sa_flags=SA_RESTART|SA_SIGINFO
SIGILL: [libjvm.so+0x8558d0], sa_mask[0]=11111111011111111101111111111110, sa_flags=SA_RESTART|SA_SIGINFO
SIGUSR1: SIG_DFL, sa_mask[0]=00000000000000000000000000000000, sa_flags=none
SIGUSR2: [libjvm.so+0x8557a0], sa_mask[0]=00100000000000000000000000000000, sa_flags=SA_RESTART|SA_SIGINFO
SIGHUP: [libjvm.so+0x855990], sa_mask[0]=11111111011111111101111111111110, sa_flags=SA_RESTART|SA_SIGINFO
SIGINT: [libjvm.so+0x855990], sa_mask[0]=11111111011111111101111111111110, sa_flags=SA_RESTART|SA_SIGINFO
SIGTERM: [libjvm.so+0x855990], sa_mask[0]=11111111011111111101111111111110, sa_flags=SA_RESTART|SA_SIGINFO
SIGQUIT: [libjvm.so+0x855990], sa_mask[0]=11111111011111111101111111111110, sa_flags=SA_RESTART|SA_SIGINFO


---------------  S Y S T E M  ---------------

OS:DISTRIB_ID=Ubuntu
DISTRIB_RELEASE=14.04
DISTRIB_CODENAME=trusty
DISTRIB_DESCRIPTION="Ubuntu 14.04.4 LTS"

uname:Linux 3.19.0-58-generic #64~14.04.1-Ubuntu SMP Fri Mar 18 19:05:43 UTC 2016 x86_64
libc:glibc 2.19 NPTL 2.19 
rlimit: STACK 8192k, CORE 0k, NPROC 31482, NOFILE 4096, AS infinity
load average:0,07 0,16 0,29

/proc/meminfo:
MemTotal:        8090244 kB
MemFree:          269360 kB
MemAvailable:    3910888 kB
Buffers:          225516 kB
Cached:          4336952 kB
SwapCached:            0 kB
Active:          4608388 kB
Inactive:        2837444 kB
Active(anon):    2895368 kB
Inactive(anon):   839312 kB
Active(file):    1713020 kB
Inactive(file):  1998132 kB
Unevictable:        5464 kB
Mlocked:            5464 kB
SwapTotal:             0 kB
SwapFree:              0 kB
Dirty:               184 kB
Writeback:             0 kB
AnonPages:       2888852 kB
Mapped:           632668 kB
Shmem:            847820 kB
Slab:             259352 kB
SReclaimable:     183792 kB
SUnreclaim:        75560 kB
KernelStack:       10656 kB
PageTables:        37548 kB
NFS_Unstable:          0 kB
Bounce:                0 kB
WritebackTmp:          0 kB
CommitLimit:     4045120 kB
Committed_AS:    7701436 kB
VmallocTotal:   34359738367 kB
VmallocUsed:      576668 kB
VmallocChunk:   34359051996 kB
HardwareCorrupted:     0 kB
AnonHugePages:   1159168 kB
CmaTotal:              0 kB
CmaFree:               0 kB
HugePages_Total:       0
HugePages_Free:        0
HugePages_Rsvd:        0
HugePages_Surp:        0
Hugepagesize:       2048 kB
DirectMap4k:      123648 kB
DirectMap2M:     5033984 kB
DirectMap1G:     4194304 kB


CPU:total 8 (4 cores per cpu, 2 threads per core) family 6 model 60 stepping 3, cmov, cx8, fxsr, mmx, sse, sse2, sse3, ssse3, sse4.1, sse4.2, popcnt, avx, avx2, aes, clmul, erms, lzcnt, ht, tsc, tscinvbit, bmi1, bmi2

/proc/cpuinfo:
processor	: 0
vendor_id	: GenuineIntel
cpu family	: 6
model		: 60
model name	: Intel(R) Core(TM) i7-4710HQ CPU @ 2.50GHz
stepping	: 3
microcode	: 0x1c
cpu MHz		: 3299.218
cache size	: 6144 KB
physical id	: 0
siblings	: 8
core id		: 0
cpu cores	: 4
apicid		: 0
initial apicid	: 0
fpu		: yes
fpu_exception	: yes
cpuid level	: 13
wp		: yes
flags		: fpu vme de pse tsc msr pae mce cx8 apic sep mtrr pge mca cmov pat pse36 clflush dts acpi mmx fxsr sse sse2 ss ht tm pbe syscall nx pdpe1gb rdtscp lm constant_tsc arch_perfmon pebs bts rep_good nopl xtopology nonstop_tsc aperfmperf eagerfpu pni pclmulqdq dtes64 monitor ds_cpl vmx est tm2 ssse3 fma cx16 xtpr pdcm pcid sse4_1 sse4_2 x2apic movbe popcnt tsc_deadline_timer aes xsave avx f16c rdrand lahf_lm abm ida arat epb pln pts dtherm tpr_shadow vnmi flexpriority ept vpid fsgsbase tsc_adjust bmi1 avx2 smep bmi2 erms invpcid xsaveopt
bugs		:
bogomips	: 4988.88
clflush size	: 64
cache_alignment	: 64
address sizes	: 39 bits physical, 48 bits virtual
power management:

processor	: 1
vendor_id	: GenuineIntel
cpu family	: 6
model		: 60
model name	: Intel(R) Core(TM) i7-4710HQ CPU @ 2.50GHz
stepping	: 3
microcode	: 0x1c
cpu MHz		: 3283.007
cache size	: 6144 KB
physical id	: 0
siblings	: 8
core id		: 0
cpu cores	: 4
apicid		: 1
initial apicid	: 1
fpu		: yes
fpu_exception	: yes
cpuid level	: 13
wp		: yes
flags		: fpu vme de pse tsc msr pae mce cx8 apic sep mtrr pge mca cmov pat pse36 clflush dts acpi mmx fxsr sse sse2 ss ht tm pbe syscall nx pdpe1gb rdtscp lm constant_tsc arch_perfmon pebs bts rep_good nopl xtopology nonstop_tsc aperfmperf eagerfpu pni pclmulqdq dtes64 monitor ds_cpl vmx est tm2 ssse3 fma cx16 xtpr pdcm pcid sse4_1 sse4_2 x2apic movbe popcnt tsc_deadline_timer aes xsave avx f16c rdrand lahf_lm abm ida arat epb pln pts dtherm tpr_shadow vnmi flexpriority ept vpid fsgsbase tsc_adjust bmi1 avx2 smep bmi2 erms invpcid xsaveopt
bugs		:
bogomips	: 4988.88
clflush size	: 64
cache_alignment	: 64
address sizes	: 39 bits physical, 48 bits virtual
power management:

processor	: 2
vendor_id	: GenuineIntel
cpu family	: 6
model		: 60
model name	: Intel(R) Core(TM) i7-4710HQ CPU @ 2.50GHz
stepping	: 3
microcode	: 0x1c
cpu MHz		: 3331.250
cache size	: 6144 KB
physical id	: 0
siblings	: 8
core id		: 1
cpu cores	: 4
apicid		: 2
initial apicid	: 2
fpu		: yes
fpu_exception	: yes
cpuid level	: 13
wp		: yes
flags		: fpu vme de pse tsc msr pae mce cx8 apic sep mtrr pge mca cmov pat pse36 clflush dts acpi mmx fxsr sse sse2 ss ht tm pbe syscall nx pdpe1gb rdtscp lm constant_tsc arch_perfmon pebs bts rep_good nopl xtopology nonstop_tsc aperfmperf eagerfpu pni pclmulqdq dtes64 monitor ds_cpl vmx est tm2 ssse3 fma cx16 xtpr pdcm pcid sse4_1 sse4_2 x2apic movbe popcnt tsc_deadline_timer aes xsave avx f16c rdrand lahf_lm abm ida arat epb pln pts dtherm tpr_shadow vnmi flexpriority ept vpid fsgsbase tsc_adjust bmi1 avx2 smep bmi2 erms invpcid xsaveopt
bugs		:
bogomips	: 4988.88
clflush size	: 64
cache_alignment	: 64
address sizes	: 39 bits physical, 48 bits virtual
power management:

processor	: 3
vendor_id	: GenuineIntel
cpu family	: 6
model		: 60
model name	: Intel(R) Core(TM) i7-4710HQ CPU @ 2.50GHz
stepping	: 3
microcode	: 0x1c
cpu MHz		: 3311.816
cache size	: 6144 KB
physical id	: 0
siblings	: 8
core id		: 1
cpu cores	: 4
apicid		: 3
initial apicid	: 3
fpu		: yes
fpu_exception	: yes
cpuid level	: 13
wp		: yes
flags		: fpu vme de pse tsc msr pae mce cx8 apic sep mtrr pge mca cmov pat pse36 clflush dts acpi mmx fxsr sse sse2 ss ht tm pbe syscall nx pdpe1gb rdtscp lm constant_tsc arch_perfmon pebs bts rep_good nopl xtopology nonstop_tsc aperfmperf eagerfpu pni pclmulqdq dtes64 monitor ds_cpl vmx est tm2 ssse3 fma cx16 xtpr pdcm pcid sse4_1 sse4_2 x2apic movbe popcnt tsc_deadline_timer aes xsave avx f16c rdrand lahf_lm abm ida arat epb pln pts dtherm tpr_shadow vnmi flexpriority ept vpid fsgsbase tsc_adjust bmi1 avx2 smep bmi2 erms invpcid xsaveopt
bugs		:
bogomips	: 4988.88
clflush size	: 64
cache_alignment	: 64
address sizes	: 39 bits physical, 48 bits virtual
power management:

processor	: 4
vendor_id	: GenuineIntel
cpu family	: 6
model		: 60
model name	: Intel(R) Core(TM) i7-4710HQ CPU @ 2.50GHz
stepping	: 3
microcode	: 0x1c
cpu MHz		: 3298.632
cache size	: 6144 KB
physical id	: 0
siblings	: 8
core id		: 2
cpu cores	: 4
apicid		: 4
initial apicid	: 4
fpu		: yes
fpu_exception	: yes
cpuid level	: 13
wp		: yes
flags		: fpu vme de pse tsc msr pae mce cx8 apic sep mtrr pge mca cmov pat pse36 clflush dts acpi mmx fxsr sse sse2 ss ht tm pbe syscall nx pdpe1gb rdtscp lm constant_tsc arch_perfmon pebs bts rep_good nopl xtopology nonstop_tsc aperfmperf eagerfpu pni pclmulqdq dtes64 monitor ds_cpl vmx est tm2 ssse3 fma cx16 xtpr pdcm pcid sse4_1 sse4_2 x2apic movbe popcnt tsc_deadline_timer aes xsave avx f16c rdrand lahf_lm abm ida arat epb pln pts dtherm tpr_shadow vnmi flexpriority ept vpid fsgsbase tsc_adjust bmi1 avx2 smep bmi2 erms invpcid xsaveopt
bugs		:
bogomips	: 4988.88
clflush size	: 64
cache_alignment	: 64
address sizes	: 39 bits physical, 48 bits virtual
power management:

processor	: 5
vendor_id	: GenuineIntel
cpu family	: 6
model		: 60
model name	: Intel(R) Core(TM) i7-4710HQ CPU @ 2.50GHz
stepping	: 3
microcode	: 0x1c
cpu MHz		: 3292.285
cache size	: 6144 KB
physical id	: 0
siblings	: 8
core id		: 2
cpu cores	: 4
apicid		: 5
initial apicid	: 5
fpu		: yes
fpu_exception	: yes
cpuid level	: 13
wp		: yes
flags		: fpu vme de pse tsc msr pae mce cx8 apic sep mtrr pge mca cmov pat pse36 clflush dts acpi mmx fxsr sse sse2 ss ht tm pbe syscall nx pdpe1gb rdtscp lm constant_tsc arch_perfmon pebs bts rep_good nopl xtopology nonstop_tsc aperfmperf eagerfpu pni pclmulqdq dtes64 monitor ds_cpl vmx est tm2 ssse3 fma cx16 xtpr pdcm pcid sse4_1 sse4_2 x2apic movbe popcnt tsc_deadline_timer aes xsave avx f16c rdrand lahf_lm abm ida arat epb pln pts dtherm tpr_shadow vnmi flexpriority ept vpid fsgsbase tsc_adjust bmi1 avx2 smep bmi2 erms invpcid xsaveopt
bugs		:
bogomips	: 4988.88
clflush size	: 64
cache_alignment	: 64
address sizes	: 39 bits physical, 48 bits virtual
power management:

processor	: 6
vendor_id	: GenuineIntel
cpu family	: 6
model		: 60
model name	: Intel(R) Core(TM) i7-4710HQ CPU @ 2.50GHz
stepping	: 3
microcode	: 0x1c
cpu MHz		: 3432.031
cache size	: 6144 KB
physical id	: 0
siblings	: 8
core id		: 3
cpu cores	: 4
apicid		: 6
initial apicid	: 6
fpu		: yes
fpu_exception	: yes
cpuid level	: 13
wp		: yes
flags		: fpu vme de pse tsc msr pae mce cx8 apic sep mtrr pge mca cmov pat pse36 clflush dts acpi mmx fxsr sse sse2 ss ht tm pbe syscall nx pdpe1gb rdtscp lm constant_tsc arch_perfmon pebs bts rep_good nopl xtopology nonstop_tsc aperfmperf eagerfpu pni pclmulqdq dtes64 monitor ds_cpl vmx est tm2 ssse3 fma cx16 xtpr pdcm pcid sse4_1 sse4_2 x2apic movbe popcnt tsc_deadline_timer aes xsave avx f16c rdrand lahf_lm abm ida arat epb pln pts dtherm tpr_shadow vnmi flexpriority ept vpid fsgsbase tsc_adjust bmi1 avx2 smep bmi2 erms invpcid xsaveopt
bugs		:
bogomips	: 4988.88
clflush size	: 64
cache_alignment	: 64
address sizes	: 39 bits physical, 48 bits virtual
power management:

processor	: 7
vendor_id	: GenuineIntel
cpu family	: 6
model		: 60
model name	: Intel(R) Core(TM) i7-4710HQ CPU @ 2.50GHz
stepping	: 3
microcode	: 0x1c
cpu MHz		: 3289.746
cache size	: 6144 KB
physical id	: 0
siblings	: 8
core id		: 3
cpu cores	: 4
apicid		: 7
initial apicid	: 7
fpu		: yes
fpu_exception	: yes
cpuid level	: 13
wp		: yes
flags		: fpu vme de pse tsc msr pae mce cx8 apic sep mtrr pge mca cmov pat pse36 clflush dts acpi mmx fxsr sse sse2 ss ht tm pbe syscall nx pdpe1gb rdtscp lm constant_tsc arch_perfmon pebs bts rep_good nopl xtopology nonstop_tsc aperfmperf eagerfpu pni pclmulqdq dtes64 monitor ds_cpl vmx est tm2 ssse3 fma cx16 xtpr pdcm pcid sse4_1 sse4_2 x2apic movbe popcnt tsc_deadline_timer aes xsave avx f16c rdrand lahf_lm abm ida arat epb pln pts dtherm tpr_shadow vnmi flexpriority ept vpid fsgsbase tsc_adjust bmi1 avx2 smep bmi2 erms invpcid xsaveopt
bugs		:
bogomips	: 4988.88
clflush size	: 64
cache_alignment	: 64
address sizes	: 39 bits physical, 48 bits virtual
power management:



Memory: 4k page, physical 8090244k(269360k free), swap 0k(0k free)

vm_info: OpenJDK 64-Bit Server VM (25.72-b15) for linux-amd64 JRE (1.8.0_72-internal-b15), built on Jan 28 2016 23:42:34 by "buildd" with gcc 4.8.2

time: Sun Apr 17 04:38:05 2016
elapsed time: 0 seconds (0d 0h 0m 0s)

