#
# A fatal error has been detected by the Java Runtime Environment:
#
#  SIGSEGV (0xb) at pc=0x00007ff5c11cef37, pid=21042, tid=140694557067008
#
# JRE version: OpenJDK Runtime Environment (8.0_72-b15) (build 1.8.0_72-internal-b15)
# Java VM: OpenJDK 64-Bit Server VM (25.72-b15 mixed mode linux-amd64 compressed oops)
# Problematic frame:
# C  [libqtjambi.so.1+0x20f37]  qtjambishell_signals_cleanup(QtJambiSignalInfo*, int)+0x37
#
# Failed to write core dump. Core dumps have been disabled. To enable core dumping, try "ulimit -c unlimited" before starting Java again
#
# If you would like to submit a bug report, please visit:
#   http://bugreport.java.com/bugreport/crash.jsp
#

---------------  T H R E A D  ---------------

Current thread is native thread

siginfo: si_signo: 11 (SIGSEGV), si_code: 1 (SEGV_MAPERR), si_addr: 0x0000000000000000

Registers:
RAX=0x0000000000000000, RBX=0x00007ff5f867d5e0, RCX=0x00007ff5f80de1b0, RDX=0x00007ff5f8000040
RSP=0x00007ff601187a00, RBP=0x0000000000000000, RSI=0x00007ff5f8077978, RDI=0x0000000000000000
R8 =0x000000000000ff00, R9 =0x00007ff5f80de210, R10=0x00007ff601187600, R11=0x00007ff5c1a02b90
R12=0x00007ff5f867d650, R13=0x00007ff5f8427570, R14=0x00007ff568003db0, R15=0x00007ff5f84258e0
RIP=0x00007ff5c11cef37, EFLAGS=0x0000000000010206, CSGSFS=0x0000000000000033, ERR=0x0000000000000004
  TRAPNO=0x000000000000000e

Top of Stack: (sp=0x00007ff601187a00)
0x00007ff601187a00:   00007ff5f84258e0 00007ff568003db0
0x00007ff601187a10:   00007ff5f84258e0 00007ff5914e4070
0x00007ff601187a20:   0000000021ad7e6e 00007ff5f84258e0
0x00007ff601187a30:   00007ff568003db0 00007ff5914e40a9
0x00007ff601187a40:   00007ff5f84258e0 00007ff5c1b14940
0x00007ff601187a50:   0000000000000000 00007ff601187ae0
0x00007ff601187a60:   0000000000000000 00007ff5f82fbf18
0x00007ff601187a70:   00007ff5f82fc0b0 00007ff601187a90
0x00007ff601187a80:   000000001807d129 00007ff5910f75ed
0x00007ff601187a90:   00000000ffffffff 00007ff5f800a000
0x00007ff601187aa0:   00007ff593348fb8 00007ff5f82e9eb0
0x00007ff601187ab0:   00007ff601187be0 00007ff5f80032a0
0x00007ff601187ac0:   00007ff5f80032b0 0000000084834aa8
0x00007ff601187ad0:   00007ff5f800a000 00007ff5ff97e83c
0x00007ff601187ae0:   00007ff5fff1fbda 3fd1de20fc3dc272
0x00007ff601187af0:   0000000000000000 0000003000000018
0x00007ff601187b00:   00007ff601187bf0 00007ff591cbe950
0x00007ff601187b10:   0000000000000000 00007ff5f84259a0
0x00007ff601187b20:   00007ff568003db0 00007ff5f84258e0
0x00007ff601187b30:   00007ff5f8427570 00007ff593500273
0x00007ff601187b40:   00007ff500000005 0000000000000000
0x00007ff601187b50:   00007ff5f80076c0 00007ff593348fb8
0x00007ff601187b60:   00007ff5f84258e0 00007ff568003db0
0x00007ff601187b70:   00007ff5f84259a0 00007ff600fb8515
0x00007ff601187b80:   00007ff5f8658210 0000000000000001
0x00007ff601187b90:   00007ff568003db0 00007ff5f84258e0
0x00007ff601187ba0:   00007ff568003db0 00007ff5f84259a0
0x00007ff601187bb0:   00007ff5f8427570 00007ff568003db0
0x00007ff601187bc0:   00007ff5f84258e0 00007ff5934fb28c
0x00007ff601187bd0:   0000000100000000 00007ff5f84258e0
0x00007ff601187be0:   00007ff5f84258e0 00007ff5f84258e0
0x00007ff601187bf0:   00007ff5f8427570 00007ff59350184a 

Instructions: (pc=0x00007ff5c11cef37)
0x00007ff5c11cef17:   24 ff 48 89 c5 48 c1 e6 04 4c 8d 64 33 10 0f 1f
0x00007ff5c11cef27:   00 48 83 7b 08 00 74 24 48 8b 33 48 85 f6 74 14
0x00007ff5c11cef37:   48 8b 45 00 48 89 ef ff 90 18 07 00 00 48 c7 03
0x00007ff5c11cef47:   00 00 00 00 48 c7 43 08 00 00 00 00 48 83 c3 10 

Register to memory mapping:

RAX=0x0000000000000000 is an unknown value
RBX=0x00007ff5f867d5e0 is an unknown value
RCX=0x00007ff5f80de1b0 is an unknown value
RDX=0x00007ff5f8000040 is an unknown value
RSP=0x00007ff601187a00 is an unknown value
RBP=0x0000000000000000 is an unknown value
RSI=0x00007ff5f8077978 is a weak global jni handle
RDI=0x0000000000000000 is an unknown value
R8 =0x000000000000ff00 is an unknown value
R9 =0x00007ff5f80de210 is an unknown value
R10=0x00007ff601187600 is an unknown value
R11=0x00007ff5c1a02b90: _ZNK10QByteArray6isNullEv+0 in /tmp/QtJambi_xy_amd64_4.8.7_gcc-20150613-2146/lib/libQtCore.so.4 at 0x00007ff5c1974000
R12=0x00007ff5f867d650 is an unknown value
R13=0x00007ff5f8427570 is an unknown value
R14=0x00007ff568003db0 is an unknown value
R15=0x00007ff5f84258e0 is an unknown value


Stack: [0x00007ff601088000,0x00007ff601189000],  sp=0x00007ff601187a00,  free space=1022k
Native frames: (J=compiled Java code, j=interpreted, Vv=VM code, C=native code)
C  [libqtjambi.so.1+0x20f37]  qtjambishell_signals_cleanup(QtJambiSignalInfo*, int)+0x37

[error occurred during error reporting (printing native stack), id 0xb]


---------------  P R O C E S S  ---------------

VM state:at safepoint (shutting down)

VM Mutex/Monitor currently owned by a thread:  ([mutex/lock_event])
[0x00007ff5f80064b0] Threads_lock - owner thread: 0x00007ff5f807f800

Heap:
 PSYoungGen      total 36864K, used 635K [0x00000000d6d80000, 0x00000000d9680000, 0x0000000100000000)
  eden space 31744K, 2% used [0x00000000d6d80000,0x00000000d6e1ed28,0x00000000d8c80000)
  from space 5120K, 0% used [0x00000000d9180000,0x00000000d9180000,0x00000000d9680000)
  to   space 5120K, 0% used [0x00000000d8c80000,0x00000000d8c80000,0x00000000d9180000)
 ParOldGen       total 84992K, used 720K [0x0000000084800000, 0x0000000089b00000, 0x00000000d6d80000)
  object space 84992K, 0% used [0x0000000084800000,0x00000000848b4008,0x0000000089b00000)
 Metaspace       used 6204K, capacity 6384K, committed 6656K, reserved 1056768K
  class space    used 662K, capacity 684K, committed 768K, reserved 1048576K

Card table byte_map: [0x00007ff5fd465000,0x00007ff5fd842000] byte_map_base: 0x00007ff5fd041000

Marking Bits: (ParMarkBitMap*) 0x00007ff600378080
 Begin Bits: [0x00007ff5d8240000, 0x00007ff5da120000)
 End Bits:   [0x00007ff5da120000, 0x00007ff5dc000000)

Polling page: 0x00007ff6011c1000

CodeCache: size=245760Kb used=1694Kb max_used=1694Kb free=244065Kb
 bounds [0x00007ff5e9000000, 0x00007ff5e9270000, 0x00007ff5f8000000]
 total_blobs=570 nmethods=271 adapters=214
 compilation: enabled

Compilation events (10 events):
Event: 0,271 Thread 0x00007ff5f80be800  268       3       java.lang.ref.Finalizer::access$000 (4 bytes)
Event: 0,271 Thread 0x00007ff5f80be800 nmethod 268 0x00007ff5e91a4ed0 code [0x00007ff5e91a5020, 0x00007ff5e91a5150]
Event: 0,271 Thread 0x00007ff5f80be800  269       3       java.lang.ref.ReferenceQueue::reallyPoll (66 bytes)
Event: 0,271 Thread 0x00007ff5f80be800 nmethod 269 0x00007ff5e91a4810 code [0x00007ff5e91a49a0, 0x00007ff5e91a4e10]
Event: 0,271 Thread 0x00007ff5f80be800  270       3       java.lang.ref.Finalizer::access$100 (6 bytes)
Event: 0,271 Thread 0x00007ff5f80be800 nmethod 270 0x00007ff5e91a4490 code [0x00007ff5e91a4600, 0x00007ff5e91a4768]
Event: 0,271 Thread 0x00007ff5f80be800  271   !   3       java.lang.ref.Finalizer::runFinalizer (62 bytes)
Event: 0,271 Thread 0x00007ff5f80be800 nmethod 271 0x00007ff5e91a7590 code [0x00007ff5e91a7760, 0x00007ff5e91a7fd8]
Event: 0,271 Thread 0x00007ff5f80be800  267       3       java.lang.ref.ReferenceQueue::remove (6 bytes)
Event: 0,271 Thread 0x00007ff5f80be800 nmethod 267 0x00007ff5e91a8290 code [0x00007ff5e91a8400, 0x00007ff5e91a8608]

GC Heap History (8 events):
Event: 0,256 GC heap before
{Heap before GC invocations=1 (full 0):
 PSYoungGen      total 36864K, used 9699K [0x00000000d6d80000, 0x00000000d9680000, 0x0000000100000000)
  eden space 31744K, 30% used [0x00000000d6d80000,0x00000000d76f8f80,0x00000000d8c80000)
  from space 5120K, 0% used [0x00000000d9180000,0x00000000d9180000,0x00000000d9680000)
  to   space 5120K, 0% used [0x00000000d8c80000,0x00000000d8c80000,0x00000000d9180000)
 ParOldGen       total 84992K, used 0K [0x0000000084800000, 0x0000000089b00000, 0x00000000d6d80000)
  object space 84992K, 0% used [0x0000000084800000,0x0000000084800000,0x0000000089b00000)
 Metaspace       used 6129K, capacity 6384K, committed 6656K, reserved 1056768K
  class space    used 654K, capacity 684K, committed 768K, reserved 1048576K
Event: 0,259 GC heap after
Heap after GC invocations=1 (full 0):
 PSYoungGen      total 36864K, used 1897K [0x00000000d6d80000, 0x00000000d9680000, 0x0000000100000000)
  eden space 31744K, 0% used [0x00000000d6d80000,0x00000000d6d80000,0x00000000d8c80000)
  from space 5120K, 37% used [0x00000000d8c80000,0x00000000d8e5a710,0x00000000d9180000)
  to   space 5120K, 0% used [0x00000000d9180000,0x00000000d9180000,0x00000000d9680000)
 ParOldGen       total 84992K, used 72K [0x0000000084800000, 0x0000000089b00000, 0x00000000d6d80000)
  object space 84992K, 0% used [0x0000000084800000,0x0000000084812010,0x0000000089b00000)
 Metaspace       used 6129K, capacity 6384K, committed 6656K, reserved 1056768K
  class space    used 654K, capacity 684K, committed 768K, reserved 1048576K
}
Event: 0,259 GC heap before
{Heap before GC invocations=2 (full 1):
 PSYoungGen      total 36864K, used 1897K [0x00000000d6d80000, 0x00000000d9680000, 0x0000000100000000)
  eden space 31744K, 0% used [0x00000000d6d80000,0x00000000d6d80000,0x00000000d8c80000)
  from space 5120K, 37% used [0x00000000d8c80000,0x00000000d8e5a710,0x00000000d9180000)
  to   space 5120K, 0% used [0x00000000d9180000,0x00000000d9180000,0x00000000d9680000)
 ParOldGen       total 84992K, used 72K [0x0000000084800000, 0x0000000089b00000, 0x00000000d6d80000)
  object space 84992K, 0% used [0x0000000084800000,0x0000000084812010,0x0000000089b00000)
 Metaspace       used 6129K, capacity 6384K, committed 6656K, reserved 1056768K
  class space    used 654K, capacity 684K, committed 768K, reserved 1048576K
Event: 0,269 GC heap after
Heap after GC invocations=2 (full 1):
 PSYoungGen      total 36864K, used 0K [0x00000000d6d80000, 0x00000000d9680000, 0x0000000100000000)
  eden space 31744K, 0% used [0x00000000d6d80000,0x00000000d6d80000,0x00000000d8c80000)
  from space 5120K, 0% used [0x00000000d8c80000,0x00000000d8c80000,0x00000000d9180000)
  to   space 5120K, 0% used [0x00000000d9180000,0x00000000d9180000,0x00000000d9680000)
 ParOldGen       total 84992K, used 1751K [0x0000000084800000, 0x0000000089b00000, 0x00000000d6d80000)
  object space 84992K, 2% used [0x0000000084800000,0x00000000849b5ed8,0x0000000089b00000)
 Metaspace       used 6129K, capacity 6384K, committed 6656K, reserved 1056768K
  class space    used 654K, capacity 684K, committed 768K, reserved 1048576K
}
Event: 0,272 GC heap before
{Heap before GC invocations=3 (full 1):
 PSYoungGen      total 36864K, used 2116K [0x00000000d6d80000, 0x00000000d9680000, 0x0000000100000000)
  eden space 31744K, 6% used [0x00000000d6d80000,0x00000000d6f911b0,0x00000000d8c80000)
  from space 5120K, 0% used [0x00000000d8c80000,0x00000000d8c80000,0x00000000d9180000)
  to   space 5120K, 0% used [0x00000000d9180000,0x00000000d9180000,0x00000000d9680000)
 ParOldGen       total 84992K, used 1751K [0x0000000084800000, 0x0000000089b00000, 0x00000000d6d80000)
  object space 84992K, 2% used [0x0000000084800000,0x00000000849b5ed8,0x0000000089b00000)
 Metaspace       used 6204K, capacity 6384K, committed 6656K, reserved 1056768K
  class space    used 662K, capacity 684K, committed 768K, reserved 1048576K
Event: 0,273 GC heap after
Heap after GC invocations=3 (full 1):
 PSYoungGen      total 36864K, used 288K [0x00000000d6d80000, 0x00000000d9680000, 0x0000000100000000)
  eden space 31744K, 0% used [0x00000000d6d80000,0x00000000d6d80000,0x00000000d8c80000)
  from space 5120K, 5% used [0x00000000d9180000,0x00000000d91c8000,0x00000000d9680000)
  to   space 5120K, 0% used [0x00000000d8c80000,0x00000000d8c80000,0x00000000d9180000)
 ParOldGen       total 84992K, used 1751K [0x0000000084800000, 0x0000000089b00000, 0x00000000d6d80000)
  object space 84992K, 2% used [0x0000000084800000,0x00000000849b5ed8,0x0000000089b00000)
 Metaspace       used 6204K, capacity 6384K, committed 6656K, reserved 1056768K
  class space    used 662K, capacity 684K, committed 768K, reserved 1048576K
}
Event: 0,273 GC heap before
{Heap before GC invocations=4 (full 2):
 PSYoungGen      total 36864K, used 288K [0x00000000d6d80000, 0x00000000d9680000, 0x0000000100000000)
  eden space 31744K, 0% used [0x00000000d6d80000,0x00000000d6d80000,0x00000000d8c80000)
  from space 5120K, 5% used [0x00000000d9180000,0x00000000d91c8000,0x00000000d9680000)
  to   space 5120K, 0% used [0x00000000d8c80000,0x00000000d8c80000,0x00000000d9180000)
 ParOldGen       total 84992K, used 1751K [0x0000000084800000, 0x0000000089b00000, 0x00000000d6d80000)
  object space 84992K, 2% used [0x0000000084800000,0x00000000849b5ed8,0x0000000089b00000)
 Metaspace       used 6204K, capacity 6384K, committed 6656K, reserved 1056768K
  class space    used 662K, capacity 684K, committed 768K, reserved 1048576K
Event: 0,279 GC heap after
Heap after GC invocations=4 (full 2):
 PSYoungGen      total 36864K, used 0K [0x00000000d6d80000, 0x00000000d9680000, 0x0000000100000000)
  eden space 31744K, 0% used [0x00000000d6d80000,0x00000000d6d80000,0x00000000d8c80000)
  from space 5120K, 0% used [0x00000000d9180000,0x00000000d9180000,0x00000000d9680000)
  to   space 5120K, 0% used [0x00000000d8c80000,0x00000000d8c80000,0x00000000d9180000)
 ParOldGen       total 84992K, used 720K [0x0000000084800000, 0x0000000089b00000, 0x00000000d6d80000)
  object space 84992K, 0% used [0x0000000084800000,0x00000000848b4008,0x0000000089b00000)
 Metaspace       used 6204K, capacity 6384K, committed 6656K, reserved 1056768K
  class space    used 662K, capacity 684K, committed 768K, reserved 1048576K
}

Deoptimization events (1 events):
Event: 0,115 Thread 0x00007ff5f800a000 Uncommon trap: reason=unstable_if action=reinterpret pc=0x00007ff5e9130e04 method=java.lang.String.indexOf(II)I @ 49

Internal exceptions (10 events):
Event: 0,075 Thread 0x00007ff5f800a000 Exception <a 'java/security/PrivilegedActionException'> (0x00000000d6f7d028) thrown at [/build/openjdk-8-YNUxN3/openjdk-8-8u72-b15/src/hotspot/src/share/vm/prims/jvm.cpp, line 1386]
Event: 0,075 Thread 0x00007ff5f800a000 Exception <a 'java/security/PrivilegedActionException'> (0x00000000d6f7d238) thrown at [/build/openjdk-8-YNUxN3/openjdk-8-8u72-b15/src/hotspot/src/share/vm/prims/jvm.cpp, line 1386]
Event: 0,075 Thread 0x00007ff5f800a000 Exception <a 'java/security/PrivilegedActionException'> (0x00000000d6f7f2a0) thrown at [/build/openjdk-8-YNUxN3/openjdk-8-8u72-b15/src/hotspot/src/share/vm/prims/jvm.cpp, line 1386]
Event: 0,075 Thread 0x00007ff5f800a000 Exception <a 'java/security/PrivilegedActionException'> (0x00000000d6f7f4b0) thrown at [/build/openjdk-8-YNUxN3/openjdk-8-8u72-b15/src/hotspot/src/share/vm/prims/jvm.cpp, line 1386]
Event: 0,075 Thread 0x00007ff5f800a000 Exception <a 'java/security/PrivilegedActionException'> (0x00000000d6f7ff80) thrown at [/build/openjdk-8-YNUxN3/openjdk-8-8u72-b15/src/hotspot/src/share/vm/prims/jvm.cpp, line 1386]
Event: 0,075 Thread 0x00007ff5f800a000 Exception <a 'java/security/PrivilegedActionException'> (0x00000000d6f80190) thrown at [/build/openjdk-8-YNUxN3/openjdk-8-8u72-b15/src/hotspot/src/share/vm/prims/jvm.cpp, line 1386]
Event: 0,223 Thread 0x00007ff5f800a000 Exception <a 'java/lang/ArrayIndexOutOfBoundsException'> (0x00000000d72d2fc8) thrown at [/build/openjdk-8-YNUxN3/openjdk-8-8u72-b15/src/hotspot/src/share/vm/runtime/sharedRuntime.cpp, line 605]
Event: 0,224 Thread 0x00007ff5f800a000 Exception <a 'java/lang/ArrayIndexOutOfBoundsException'> (0x00000000d72d3e70) thrown at [/build/openjdk-8-YNUxN3/openjdk-8-8u72-b15/src/hotspot/src/share/vm/runtime/sharedRuntime.cpp, line 605]
Event: 0,224 Thread 0x00007ff5f800a000 Exception <a 'java/lang/ArrayIndexOutOfBoundsException'> (0x00000000d72de800) thrown at [/build/openjdk-8-YNUxN3/openjdk-8-8u72-b15/src/hotspot/src/share/vm/runtime/sharedRuntime.cpp, line 605]
Event: 0,271 Thread 0x00007ff5f82a7000 Exception <a 'java/lang/InterruptedException': sleep interrupted> (0x00000000d6ef2668) thrown at [/build/openjdk-8-YNUxN3/openjdk-8-8u72-b15/src/hotspot/src/share/vm/prims/jvm.cpp, line 3215]

Events (10 events):
Event: 0,271 loading class java/util/concurrent/locks/ReentrantReadWriteLock$ReadLock done
Event: 0,271 loading class java/util/concurrent/locks/ReentrantReadWriteLock$WriteLock
Event: 0,271 loading class java/util/concurrent/locks/ReentrantReadWriteLock$WriteLock done
Event: 0,272 Thread 0x00007ff5f82a7000 Thread exited: 0x00007ff5f82a7000
Event: 0,272 Executing VM operation: ParallelGCSystemGC
Event: 0,279 Executing VM operation: ParallelGCSystemGC done
Event: 0,279 Thread 0x00007ff568008800 Thread added: 0x00007ff568008800
Event: 0,279 Thread 0x00007ff568008800 Thread exited: 0x00007ff568008800
Event: 0,279 Thread 0x00007ff5f82a2000 Thread exited: 0x00007ff5f82a2000
Event: 0,279 Thread 0x00007ff5f800a000 Thread exited: 0x00007ff5f800a000


Dynamic libraries:
00400000-00401000 r-xp 00000000 08:05 2002667                            /usr/lib/jvm/java-8-openjdk-amd64/jre/bin/java
00600000-00601000 r--p 00000000 08:05 2002667                            /usr/lib/jvm/java-8-openjdk-amd64/jre/bin/java
00601000-00602000 rw-p 00001000 08:05 2002667                            /usr/lib/jvm/java-8-openjdk-amd64/jre/bin/java
01a86000-01aa7000 rw-p 00000000 00:00 0                                  [heap]
84800000-89b00000 rw-p 00000000 00:00 0 
89b00000-d6d80000 ---p 00000000 00:00 0 
d6d80000-d9680000 rw-p 00000000 00:00 0 
d9680000-100000000 ---p 00000000 00:00 0 
100000000-1000c0000 rw-p 00000000 00:00 0 
1000c0000-140000000 ---p 00000000 00:00 0 
7ff568000000-7ff568036000 rw-p 00000000 00:00 0 
7ff568036000-7ff56c000000 ---p 00000000 00:00 0 
7ff56c000000-7ff56c021000 rw-p 00000000 00:00 0 
7ff56c021000-7ff570000000 ---p 00000000 00:00 0 
7ff570000000-7ff570022000 rw-p 00000000 00:00 0 
7ff570022000-7ff574000000 ---p 00000000 00:00 0 
7ff574000000-7ff574022000 rw-p 00000000 00:00 0 
7ff574022000-7ff578000000 ---p 00000000 00:00 0 
7ff578000000-7ff578021000 rw-p 00000000 00:00 0 
7ff578021000-7ff57c000000 ---p 00000000 00:00 0 
7ff57c000000-7ff57c022000 rw-p 00000000 00:00 0 
7ff57c022000-7ff580000000 ---p 00000000 00:00 0 
7ff5816e4000-7ff5816e7000 ---p 00000000 00:00 0 
7ff5816e7000-7ff5817e5000 rw-p 00000000 00:00 0 
7ff5817e5000-7ff5817e8000 ---p 00000000 00:00 0 
7ff5817e8000-7ff5818e6000 rw-p 00000000 00:00 0 
7ff5818e6000-7ff5818e7000 ---p 00000000 00:00 0 
7ff5818e7000-7ff5820e7000 rw-p 00000000 00:00 0                          [stack:21071]
7ff5820e7000-7ff5820e8000 ---p 00000000 00:00 0 
7ff5820e8000-7ff5828e8000 rw-p 00000000 00:00 0                          [stack:21070]
7ff5828e8000-7ff5828e9000 ---p 00000000 00:00 0 
7ff5828e9000-7ff5830e9000 rw-p 00000000 00:00 0                          [stack:21069]
7ff5830e9000-7ff5830f1000 r-xp 00000000 08:05 266642                     /lib/x86_64-linux-gnu/libnih-dbus.so.1.0.0
7ff5830f1000-7ff5832f1000 ---p 00008000 08:05 266642                     /lib/x86_64-linux-gnu/libnih-dbus.so.1.0.0
7ff5832f1000-7ff5832f2000 r--p 00008000 08:05 266642                     /lib/x86_64-linux-gnu/libnih-dbus.so.1.0.0
7ff5832f2000-7ff5832f3000 rw-p 00009000 08:05 266642                     /lib/x86_64-linux-gnu/libnih-dbus.so.1.0.0
7ff5832f3000-7ff58330a000 r-xp 00000000 08:05 266644                     /lib/x86_64-linux-gnu/libnih.so.1.0.0
7ff58330a000-7ff583509000 ---p 00017000 08:05 266644                     /lib/x86_64-linux-gnu/libnih.so.1.0.0
7ff583509000-7ff58350a000 r--p 00016000 08:05 266644                     /lib/x86_64-linux-gnu/libnih.so.1.0.0
7ff58350a000-7ff58350b000 rw-p 00017000 08:05 266644                     /lib/x86_64-linux-gnu/libnih.so.1.0.0
7ff58350b000-7ff583524000 r-xp 00000000 08:05 266694                     /lib/x86_64-linux-gnu/libcgmanager.so.0.0.0
7ff583524000-7ff583723000 ---p 00019000 08:05 266694                     /lib/x86_64-linux-gnu/libcgmanager.so.0.0.0
7ff583723000-7ff583725000 r--p 00018000 08:05 266694                     /lib/x86_64-linux-gnu/libcgmanager.so.0.0.0
7ff583725000-7ff583726000 rw-p 0001a000 08:05 266694                     /lib/x86_64-linux-gnu/libcgmanager.so.0.0.0
7ff583726000-7ff583736000 r-xp 00000000 08:05 291611                     /lib/x86_64-linux-gnu/libudev.so.1.3.5
7ff583736000-7ff583935000 ---p 00010000 08:05 291611                     /lib/x86_64-linux-gnu/libudev.so.1.3.5
7ff583935000-7ff583936000 r--p 0000f000 08:05 291611                     /lib/x86_64-linux-gnu/libudev.so.1.3.5
7ff583936000-7ff583937000 rw-p 00010000 08:05 291611                     /lib/x86_64-linux-gnu/libudev.so.1.3.5
7ff583937000-7ff58396b000 r-xp 00000000 08:05 2229085                    /usr/lib/x86_64-linux-gnu/gvfs/libgvfscommon.so
7ff58396b000-7ff583b6b000 ---p 00034000 08:05 2229085                    /usr/lib/x86_64-linux-gnu/gvfs/libgvfscommon.so
7ff583b6b000-7ff583b70000 r--p 00034000 08:05 2229085                    /usr/lib/x86_64-linux-gnu/gvfs/libgvfscommon.so
7ff583b70000-7ff583b71000 rw-p 00039000 08:05 2229085                    /usr/lib/x86_64-linux-gnu/gvfs/libgvfscommon.so
7ff583b71000-7ff583ba0000 r-xp 00000000 08:05 2229086                    /usr/lib/x86_64-linux-gnu/gio/modules/libgvfsdbus.so
7ff583ba0000-7ff583da0000 ---p 0002f000 08:05 2229086                    /usr/lib/x86_64-linux-gnu/gio/modules/libgvfsdbus.so
7ff583da0000-7ff583da1000 r--p 0002f000 08:05 2229086                    /usr/lib/x86_64-linux-gnu/gio/modules/libgvfsdbus.so
7ff583da1000-7ff583da2000 rw-p 00030000 08:05 2229086                    /usr/lib/x86_64-linux-gnu/gio/modules/libgvfsdbus.so
7ff583da2000-7ff583da3000 rw-p 00000000 00:00 0 
7ff583da3000-7ff583dfc000 r-xp 00000000 08:05 1966096                    /usr/lib/x86_64-linux-gnu/libibus-1.0.so.5.0.505
7ff583dfc000-7ff583ffc000 ---p 00059000 08:05 1966096                    /usr/lib/x86_64-linux-gnu/libibus-1.0.so.5.0.505
7ff583ffc000-7ff583ffe000 r--p 00059000 08:05 1966096                    /usr/lib/x86_64-linux-gnu/libibus-1.0.so.5.0.505
7ff583ffe000-7ff583fff000 rw-p 0005b000 08:05 1966096                    /usr/lib/x86_64-linux-gnu/libibus-1.0.so.5.0.505
7ff583fff000-7ff584000000 rw-p 00000000 00:00 0 
7ff584000000-7ff584022000 rw-p 00000000 00:00 0 
7ff584022000-7ff588000000 ---p 00000000 00:00 0 
7ff588033000-7ff588039000 r-xp 00000000 08:05 2272368                    /usr/lib/x86_64-linux-gnu/gtk-2.0/2.10.0/immodules/im-ibus.so
7ff588039000-7ff588239000 ---p 00006000 08:05 2272368                    /usr/lib/x86_64-linux-gnu/gtk-2.0/2.10.0/immodules/im-ibus.so
7ff588239000-7ff58823a000 r--p 00006000 08:05 2272368                    /usr/lib/x86_64-linux-gnu/gtk-2.0/2.10.0/immodules/im-ibus.so
7ff58823a000-7ff58823b000 rw-p 00007000 08:05 2272368                    /usr/lib/x86_64-linux-gnu/gtk-2.0/2.10.0/immodules/im-ibus.so
7ff58823b000-7ff58828d000 r--p 00000000 08:05 2755111                    /usr/share/fonts/truetype/dejavu/DejaVuSansMono.ttf
7ff58828d000-7ff588291000 r-xp 00000000 08:05 266613                     /lib/x86_64-linux-gnu/libgpg-error.so.0.10.0
7ff588291000-7ff588490000 ---p 00004000 08:05 266613                     /lib/x86_64-linux-gnu/libgpg-error.so.0.10.0
7ff588490000-7ff588491000 r--p 00003000 08:05 266613                     /lib/x86_64-linux-gnu/libgpg-error.so.0.10.0
7ff588491000-7ff588492000 rw-p 00004000 08:05 266613                     /lib/x86_64-linux-gnu/libgpg-error.so.0.10.0
7ff588492000-7ff5884cd000 r-xp 00000000 08:05 1976261                    /usr/lib/x86_64-linux-gnu/libp11-kit.so.0.0.0
7ff5884cd000-7ff5886cc000 ---p 0003b000 08:05 1976261                    /usr/lib/x86_64-linux-gnu/libp11-kit.so.0.0.0
7ff5886cc000-7ff5886d2000 r--p 0003a000 08:05 1976261                    /usr/lib/x86_64-linux-gnu/libp11-kit.so.0.0.0
7ff5886d2000-7ff5886d4000 rw-p 00040000 08:05 1976261                    /usr/lib/x86_64-linux-gnu/libp11-kit.so.0.0.0
7ff5886d4000-7ff5886e6000 r-xp 00000000 08:05 1976444                    /usr/lib/x86_64-linux-gnu/libtasn1.so.6.2.0
7ff5886e6000-7ff5888e6000 ---p 00012000 08:05 1976444                    /usr/lib/x86_64-linux-gnu/libtasn1.so.6.2.0
7ff5888e6000-7ff5888e7000 r--p 00012000 08:05 1976444                    /usr/lib/x86_64-linux-gnu/libtasn1.so.6.2.0
7ff5888e7000-7ff5888e8000 rw-p 00013000 08:05 1976444                    /usr/lib/x86_64-linux-gnu/libtasn1.so.6.2.0
7ff5888e8000-7ff588964000 r-xp 00000000 08:05 262315                     /lib/x86_64-linux-gnu/libgcrypt.so.11.8.2
7ff588964000-7ff588b64000 ---p 0007c000 08:05 262315                     /lib/x86_64-linux-gnu/libgcrypt.so.11.8.2
7ff588b64000-7ff588b65000 r--p 0007c000 08:05 262315                     /lib/x86_64-linux-gnu/libgcrypt.so.11.8.2
7ff588b65000-7ff588b68000 rw-p 0007d000 08:05 262315                     /lib/x86_64-linux-gnu/libgcrypt.so.11.8.2
7ff588b68000-7ff588b89000 r-xp 00000000 08:05 266627                     /lib/x86_64-linux-gnu/liblzma.so.5.0.0
7ff588b89000-7ff588d88000 ---p 00021000 08:05 266627                     /lib/x86_64-linux-gnu/liblzma.so.5.0.0
7ff588d88000-7ff588d89000 r--p 00020000 08:05 266627                     /lib/x86_64-linux-gnu/liblzma.so.5.0.0
7ff588d89000-7ff588d8a000 rw-p 00021000 08:05 266627                     /lib/x86_64-linux-gnu/liblzma.so.5.0.0
7ff588d8a000-7ff588d8c000 r-xp 00000000 08:05 291629                     /lib/x86_64-linux-gnu/libutil-2.19.so
7ff588d8c000-7ff588f8b000 ---p 00002000 08:05 291629                     /lib/x86_64-linux-gnu/libutil-2.19.so
7ff588f8b000-7ff588f8c000 r--p 00001000 08:05 291629                     /lib/x86_64-linux-gnu/libutil-2.19.so
7ff588f8c000-7ff588f8d000 rw-p 00002000 08:05 291629                     /lib/x86_64-linux-gnu/libutil-2.19.so
7ff588f8d000-7ff588f9c000 r-xp 00000000 08:05 1975638                    /usr/lib/x86_64-linux-gnu/libavahi-client.so.3.2.9
7ff588f9c000-7ff58919c000 ---p 0000f000 08:05 1975638                    /usr/lib/x86_64-linux-gnu/libavahi-client.so.3.2.9
7ff58919c000-7ff58919d000 r--p 0000f000 08:05 1975638                    /usr/lib/x86_64-linux-gnu/libavahi-client.so.3.2.9
7ff58919d000-7ff58919e000 rw-p 00010000 08:05 1975638                    /usr/lib/x86_64-linux-gnu/libavahi-client.so.3.2.9
7ff58919e000-7ff5891a9000 r-xp 00000000 08:05 1975640                    /usr/lib/x86_64-linux-gnu/libavahi-common.so.3.5.3
7ff5891a9000-7ff5893a8000 ---p 0000b000 08:05 1975640                    /usr/lib/x86_64-linux-gnu/libavahi-common.so.3.5.3
7ff5893a8000-7ff5893a9000 r--p 0000a000 08:05 1975640                    /usr/lib/x86_64-linux-gnu/libavahi-common.so.3.5.3
7ff5893a9000-7ff5893aa000 rw-p 0000b000 08:05 1975640                    /usr/lib/x86_64-linux-gnu/libavahi-common.so.3.5.3
7ff5893aa000-7ff5893ad000 r-xp 00000000 08:05 1975644                    /usr/lib/x86_64-linux-gnu/libavahi-glib.so.1.0.2
7ff5893ad000-7ff5895ac000 ---p 00003000 08:05 1975644                    /usr/lib/x86_64-linux-gnu/libavahi-glib.so.1.0.2
7ff5895ac000-7ff5895ad000 r--p 00002000 08:05 1975644                    /usr/lib/x86_64-linux-gnu/libavahi-glib.so.1.0.2
7ff5895ad000-7ff5895ae000 rw-p 00003000 08:05 1975644                    /usr/lib/x86_64-linux-gnu/libavahi-glib.so.1.0.2
7ff5895ae000-7ff589665000 r-xp 00000000 08:05 2041362                    /usr/lib/x86_64-linux-gnu/libgnutls.so.26.22.6
7ff589665000-7ff589864000 ---p 000b7000 08:05 2041362                    /usr/lib/x86_64-linux-gnu/libgnutls.so.26.22.6
7ff589864000-7ff58986a000 r--p 000b6000 08:05 2041362                    /usr/lib/x86_64-linux-gnu/libgnutls.so.26.22.6
7ff58986a000-7ff58986b000 rw-p 000bc000 08:05 2041362                    /usr/lib/x86_64-linux-gnu/libgnutls.so.26.22.6
7ff58986b000-7ff58986c000 rw-p 00000000 00:00 0 
7ff58986c000-7ff5899c8000 r-xp 00000000 08:05 1971864                    /usr/lib/x86_64-linux-gnu/libxml2.so.2.9.1
7ff5899c8000-7ff589bc8000 ---p 0015c000 08:05 1971864                    /usr/lib/x86_64-linux-gnu/libxml2.so.2.9.1
7ff589bc8000-7ff589bd0000 r--p 0015c000 08:05 1971864                    /usr/lib/x86_64-linux-gnu/libxml2.so.2.9.1
7ff589bd0000-7ff589bd2000 rw-p 00164000 08:05 1971864                    /usr/lib/x86_64-linux-gnu/libxml2.so.2.9.1
7ff589bd2000-7ff589bd3000 rw-p 00000000 00:00 0 
7ff589bd3000-7ff589c36000 r-xp 00000000 08:05 2002725                    /usr/lib/x86_64-linux-gnu/libgnomevfs-2.so.0.2400.4
7ff589c36000-7ff589e35000 ---p 00063000 08:05 2002725                    /usr/lib/x86_64-linux-gnu/libgnomevfs-2.so.0.2400.4
7ff589e35000-7ff589e38000 r--p 00062000 08:05 2002725                    /usr/lib/x86_64-linux-gnu/libgnomevfs-2.so.0.2400.4
7ff589e38000-7ff589e3a000 rw-p 00065000 08:05 2002725                    /usr/lib/x86_64-linux-gnu/libgnomevfs-2.so.0.2400.4
7ff589e3a000-7ff589e3b000 rw-p 00000000 00:00 0 
7ff589e3b000-7ff589e3c000 ---p 00000000 00:00 0 
7ff589e3c000-7ff58a63c000 rw-p 00000000 00:00 0                          [stack:21068]
7ff58a63c000-7ff58a63d000 ---p 00000000 00:00 0 
7ff58a63d000-7ff58ae3d000 rw-p 00000000 00:00 0                          [stack:21067]
7ff58ae3d000-7ff58ae48000 r-xp 00000000 08:05 2230747                    /usr/lib/x86_64-linux-gnu/gio/modules/libdconfsettings.so
7ff58ae48000-7ff58b048000 ---p 0000b000 08:05 2230747                    /usr/lib/x86_64-linux-gnu/gio/modules/libdconfsettings.so
7ff58b048000-7ff58b049000 r--p 0000b000 08:05 2230747                    /usr/lib/x86_64-linux-gnu/gio/modules/libdconfsettings.so
7ff58b049000-7ff58b04a000 rw-p 0000c000 08:05 2230747                    /usr/lib/x86_64-linux-gnu/gio/modules/libdconfsettings.so
7ff58b04a000-7ff58b051000 r-xp 00000000 08:05 1976253                    /usr/lib/x86_64-linux-gnu/libogg.so.0.8.1
7ff58b051000-7ff58b251000 ---p 00007000 08:05 1976253                    /usr/lib/x86_64-linux-gnu/libogg.so.0.8.1
7ff58b251000-7ff58b252000 r--p 00007000 08:05 1976253                    /usr/lib/x86_64-linux-gnu/libogg.so.0.8.1
7ff58b252000-7ff58b253000 rw-p 00008000 08:05 1976253                    /usr/lib/x86_64-linux-gnu/libogg.so.0.8.1
7ff58b253000-7ff58b27f000 r-xp 00000000 08:05 1976527                    /usr/lib/x86_64-linux-gnu/libvorbis.so.0.4.5
7ff58b27f000-7ff58b47e000 ---p 0002c000 08:05 1976527                    /usr/lib/x86_64-linux-gnu/libvorbis.so.0.4.5
7ff58b47e000-7ff58b47f000 r--p 0002b000 08:05 1976527                    /usr/lib/x86_64-linux-gnu/libvorbis.so.0.4.5
7ff58b47f000-7ff58b480000 rw-p 0002c000 08:05 1976527                    /usr/lib/x86_64-linux-gnu/libvorbis.so.0.4.5
7ff58b480000-7ff58b489000 r-xp 00000000 08:05 1976159                    /usr/lib/x86_64-linux-gnu/libltdl.so.7.3.0
7ff58b489000-7ff58b688000 ---p 00009000 08:05 1976159                    /usr/lib/x86_64-linux-gnu/libltdl.so.7.3.0
7ff58b688000-7ff58b689000 r--p 00008000 08:05 1976159                    /usr/lib/x86_64-linux-gnu/libltdl.so.7.3.0
7ff58b689000-7ff58b68a000 rw-p 00009000 08:05 1976159                    /usr/lib/x86_64-linux-gnu/libltdl.so.7.3.0
7ff58b68a000-7ff58b69b000 r-xp 00000000 08:05 1976448                    /usr/lib/x86_64-linux-gnu/libtdb.so.1.2.12
7ff58b69b000-7ff58b89a000 ---p 00011000 08:05 1976448                    /usr/lib/x86_64-linux-gnu/libtdb.so.1.2.12
7ff58b89a000-7ff58b89b000 r--p 00010000 08:05 1976448                    /usr/lib/x86_64-linux-gnu/libtdb.so.1.2.12
7ff58b89b000-7ff58b89c000 rw-p 00011000 08:05 1976448                    /usr/lib/x86_64-linux-gnu/libtdb.so.1.2.12
7ff58b89c000-7ff58b8a3000 r-xp 00000000 08:05 1976531                    /usr/lib/x86_64-linux-gnu/libvorbisfile.so.3.3.4
7ff58b8a3000-7ff58baa2000 ---p 00007000 08:05 1976531                    /usr/lib/x86_64-linux-gnu/libvorbisfile.so.3.3.4
7ff58baa2000-7ff58baa3000 r--p 00006000 08:05 1976531                    /usr/lib/x86_64-linux-gnu/libvorbisfile.so.3.3.4
7ff58baa3000-7ff58baa4000 rw-p 00007000 08:05 1976531                    /usr/lib/x86_64-linux-gnu/libvorbisfile.so.3.3.4
7ff58baa4000-7ff58bab3000 r-xp 00000000 08:05 1975673                    /usr/lib/x86_64-linux-gnu/libcanberra.so.0.2.5
7ff58bab3000-7ff58bcb2000 ---p 0000f000 08:05 1975673                    /usr/lib/x86_64-linux-gnu/libcanberra.so.0.2.5
7ff58bcb2000-7ff58bcb3000 r--p 0000e000 08:05 1975673                    /usr/lib/x86_64-linux-gnu/libcanberra.so.0.2.5
7ff58bcb3000-7ff58bcb4000 rw-p 0000f000 08:05 1975673                    /usr/lib/x86_64-linux-gnu/libcanberra.so.0.2.5
7ff58bcb4000-7ff58bcb8000 r-xp 00000000 08:05 1975669                    /usr/lib/x86_64-linux-gnu/libcanberra-gtk.so.0.1.9
7ff58bcb8000-7ff58beb7000 ---p 00004000 08:05 1975669                    /usr/lib/x86_64-linux-gnu/libcanberra-gtk.so.0.1.9
7ff58beb7000-7ff58beb8000 r--p 00003000 08:05 1975669                    /usr/lib/x86_64-linux-gnu/libcanberra-gtk.so.0.1.9
7ff58beb8000-7ff58beb9000 rw-p 00004000 08:05 1975669                    /usr/lib/x86_64-linux-gnu/libcanberra-gtk.so.0.1.9
7ff58beb9000-7ff58bebe000 r-xp 00000000 08:05 2231002                    /usr/lib/x86_64-linux-gnu/gtk-2.0/modules/libcanberra-gtk-module.so
7ff58bebe000-7ff58c0bd000 ---p 00005000 08:05 2231002                    /usr/lib/x86_64-linux-gnu/gtk-2.0/modules/libcanberra-gtk-module.so
7ff58c0bd000-7ff58c0be000 r--p 00004000 08:05 2231002                    /usr/lib/x86_64-linux-gnu/gtk-2.0/modules/libcanberra-gtk-module.so
7ff58c0be000-7ff58c0bf000 rw-p 00005000 08:05 2231002                    /usr/lib/x86_64-linux-gnu/gtk-2.0/modules/libcanberra-gtk-module.so
7ff58c0bf000-7ff58c0ee000 r-xp 00000000 08:05 2230984                    /usr/lib/x86_64-linux-gnu/gtk-2.0/2.10.0/engines/libmurrine.so
7ff58c0ee000-7ff58c2ee000 ---p 0002f000 08:05 2230984                    /usr/lib/x86_64-linux-gnu/gtk-2.0/2.10.0/engines/libmurrine.so
7ff58c2ee000-7ff58c2ef000 r--p 0002f000 08:05 2230984                    /usr/lib/x86_64-linux-gnu/gtk-2.0/2.10.0/engines/libmurrine.so
7ff58c2ef000-7ff58c2f0000 rw-p 00030000 08:05 2230984                    /usr/lib/x86_64-linux-gnu/gtk-2.0/2.10.0/engines/libmurrine.so
7ff58c2f0000-7ff58c300000 r-xp 00000000 08:05 1976497                    /usr/lib/x86_64-linux-gnu/libunity-gtk2-parser.so.0.0.0
7ff58c300000-7ff58c4ff000 ---p 00010000 08:05 1976497                    /usr/lib/x86_64-linux-gnu/libunity-gtk2-parser.so.0.0.0
7ff58c4ff000-7ff58c500000 r--p 0000f000 08:05 1976497                    /usr/lib/x86_64-linux-gnu/libunity-gtk2-parser.so.0.0.0
7ff58c500000-7ff58c501000 rw-p 00010000 08:05 1976497                    /usr/lib/x86_64-linux-gnu/libunity-gtk2-parser.so.0.0.0
7ff58c501000-7ff58c506000 r-xp 00000000 08:05 2231006                    /usr/lib/x86_64-linux-gnu/gtk-2.0/modules/libunity-gtk-module.so
7ff58c506000-7ff58c705000 ---p 00005000 08:05 2231006                    /usr/lib/x86_64-linux-gnu/gtk-2.0/modules/libunity-gtk-module.so
7ff58c705000-7ff58c706000 r--p 00004000 08:05 2231006                    /usr/lib/x86_64-linux-gnu/gtk-2.0/modules/libunity-gtk-module.so
7ff58c706000-7ff58c707000 rw-p 00005000 08:05 2231006                    /usr/lib/x86_64-linux-gnu/gtk-2.0/modules/libunity-gtk-module.so
7ff58c707000-7ff58c718000 r-xp 00000000 08:05 2231005                    /usr/lib/x86_64-linux-gnu/gtk-2.0/modules/liboverlay-scrollbar.so
7ff58c718000-7ff58c917000 ---p 00011000 08:05 2231005                    /usr/lib/x86_64-linux-gnu/gtk-2.0/modules/liboverlay-scrollbar.so
7ff58c917000-7ff58c918000 r--p 00010000 08:05 2231005                    /usr/lib/x86_64-linux-gnu/gtk-2.0/modules/liboverlay-scrollbar.so
7ff58c918000-7ff58c919000 rw-p 00011000 08:05 2231005                    /usr/lib/x86_64-linux-gnu/gtk-2.0/modules/liboverlay-scrollbar.so
7ff58c919000-7ff58c91f000 r-xp 00000000 08:05 1975737                    /usr/lib/x86_64-linux-gnu/libdatrie.so.1.3.1
7ff58c91f000-7ff58cb1e000 ---p 00006000 08:05 1975737                    /usr/lib/x86_64-linux-gnu/libdatrie.so.1.3.1
7ff58cb1e000-7ff58cb1f000 r--p 00005000 08:05 1975737                    /usr/lib/x86_64-linux-gnu/libdatrie.so.1.3.1
7ff58cb1f000-7ff58cb20000 rw-p 00006000 08:05 1975737                    /usr/lib/x86_64-linux-gnu/libdatrie.so.1.3.1
7ff58cb20000-7ff58cb44000 r-xp 00000000 08:05 1967217                    /usr/lib/x86_64-linux-gnu/libgraphite2.so.3.0.1
7ff58cb44000-7ff58cd43000 ---p 00024000 08:05 1967217                    /usr/lib/x86_64-linux-gnu/libgraphite2.so.3.0.1
7ff58cd43000-7ff58cd45000 r--p 00023000 08:05 1967217                    /usr/lib/x86_64-linux-gnu/libgraphite2.so.3.0.1
7ff58cd45000-7ff58cd46000 rw-p 00025000 08:05 1967217                    /usr/lib/x86_64-linux-gnu/libgraphite2.so.3.0.1
7ff58cd46000-7ff58cd4e000 r-xp 00000000 08:05 1976460                    /usr/lib/x86_64-linux-gnu/libthai.so.0.2.0
7ff58cd4e000-7ff58cf4d000 ---p 00008000 08:05 1976460                    /usr/lib/x86_64-linux-gnu/libthai.so.0.2.0
7ff58cf4d000-7ff58cf4e000 r--p 00007000 08:05 1976460                    /usr/lib/x86_64-linux-gnu/libthai.so.0.2.0
7ff58cf4e000-7ff58cf4f000 rw-p 00008000 08:05 1976460                    /usr/lib/x86_64-linux-gnu/libthai.so.0.2.0
7ff58cf4f000-7ff58cfa2000 r-xp 00000000 08:05 1976076                    /usr/lib/x86_64-linux-gnu/libharfbuzz.so.0.927.0
7ff58cfa2000-7ff58d1a2000 ---p 00053000 08:05 1976076                    /usr/lib/x86_64-linux-gnu/libharfbuzz.so.0.927.0
7ff58d1a2000-7ff58d1a3000 r--p 00053000 08:05 1976076                    /usr/lib/x86_64-linux-gnu/libharfbuzz.so.0.927.0
7ff58d1a3000-7ff58d1a4000 rw-p 00054000 08:05 1976076                    /usr/lib/x86_64-linux-gnu/libharfbuzz.so.0.927.0
7ff58d1a4000-7ff58d1ac000 r-xp 00000000 08:05 1976586                    /usr/lib/x86_64-linux-gnu/libxcb-render.so.0.0.0
7ff58d1ac000-7ff58d3ab000 ---p 00008000 08:05 1976586                    /usr/lib/x86_64-linux-gnu/libxcb-render.so.0.0.0
7ff58d3ab000-7ff58d3ac000 r--p 00007000 08:05 1976586                    /usr/lib/x86_64-linux-gnu/libxcb-render.so.0.0.0
7ff58d3ac000-7ff58d3ad000 rw-p 00008000 08:05 1976586                    /usr/lib/x86_64-linux-gnu/libxcb-render.so.0.0.0
7ff58d3ad000-7ff58d3af000 r-xp 00000000 08:05 1976590                    /usr/lib/x86_64-linux-gnu/libxcb-shm.so.0.0.0
7ff58d3af000-7ff58d5ae000 ---p 00002000 08:05 1976590                    /usr/lib/x86_64-linux-gnu/libxcb-shm.so.0.0.0
7ff58d5ae000-7ff58d5af000 r--p 00001000 08:05 1976590                    /usr/lib/x86_64-linux-gnu/libxcb-shm.so.0.0.0
7ff58d5af000-7ff58d5b0000 rw-p 00002000 08:05 1976590                    /usr/lib/x86_64-linux-gnu/libxcb-shm.so.0.0.0
7ff58d5b0000-7ff58d650000 r-xp 00000000 08:05 1967035                    /usr/lib/x86_64-linux-gnu/libpixman-1.so.0.30.2
7ff58d650000-7ff58d850000 ---p 000a0000 08:05 1967035                    /usr/lib/x86_64-linux-gnu/libpixman-1.so.0.30.2
7ff58d850000-7ff58d857000 r--p 000a0000 08:05 1967035                    /usr/lib/x86_64-linux-gnu/libpixman-1.so.0.30.2
7ff58d857000-7ff58d858000 rw-p 000a7000 08:05 1967035                    /usr/lib/x86_64-linux-gnu/libpixman-1.so.0.30.2
7ff58d858000-7ff58d85a000 r-xp 00000000 08:05 1975543                    /usr/lib/x86_64-linux-gnu/libXdamage.so.1.1.0
7ff58d85a000-7ff58da59000 ---p 00002000 08:05 1975543                    /usr/lib/x86_64-linux-gnu/libXdamage.so.1.1.0
7ff58da59000-7ff58da5a000 r--p 00001000 08:05 1975543                    /usr/lib/x86_64-linux-gnu/libXdamage.so.1.1.0
7ff58da5a000-7ff58da5b000 rw-p 00002000 08:05 1975543                    /usr/lib/x86_64-linux-gnu/libXdamage.so.1.1.0
7ff58da5b000-7ff58da5d000 r-xp 00000000 08:05 1975539                    /usr/lib/x86_64-linux-gnu/libXcomposite.so.1.0.0
7ff58da5d000-7ff58dc5c000 ---p 00002000 08:05 1975539                    /usr/lib/x86_64-linux-gnu/libXcomposite.so.1.0.0
7ff58dc5c000-7ff58dc5d000 r--p 00001000 08:05 1975539                    /usr/lib/x86_64-linux-gnu/libXcomposite.so.1.0.0
7ff58dc5d000-7ff58dc5e000 rw-p 00002000 08:05 1975539                    /usr/lib/x86_64-linux-gnu/libXcomposite.so.1.0.0
7ff58dc5e000-7ff58dca8000 r-xp 00000000 08:05 1976269                    /usr/lib/x86_64-linux-gnu/libpango-1.0.so.0.3600.3
7ff58dca8000-7ff58dea8000 ---p 0004a000 08:05 1976269                    /usr/lib/x86_64-linux-gnu/libpango-1.0.so.0.3600.3
7ff58dea8000-7ff58deaa000 r--p 0004a000 08:05 1976269                    /usr/lib/x86_64-linux-gnu/libpango-1.0.so.0.3600.3
7ff58deaa000-7ff58deab000 rw-p 0004c000 08:05 1976269                    /usr/lib/x86_64-linux-gnu/libpango-1.0.so.0.3600.3
7ff58deab000-7ff58debf000 r-xp 00000000 08:05 1976273                    /usr/lib/x86_64-linux-gnu/libpangoft2-1.0.so.0.3600.3
7ff58debf000-7ff58e0be000 ---p 00014000 08:05 1976273                    /usr/lib/x86_64-linux-gnu/libpangoft2-1.0.so.0.3600.3
7ff58e0be000-7ff58e0bf000 r--p 00013000 08:05 1976273                    /usr/lib/x86_64-linux-gnu/libpangoft2-1.0.so.0.3600.3
7ff58e0bf000-7ff58e0c0000 rw-p 00014000 08:05 1976273                    /usr/lib/x86_64-linux-gnu/libpangoft2-1.0.so.0.3600.3
7ff58e0c0000-7ff58e0e0000 r-xp 00000000 08:05 1974780                    /usr/lib/x86_64-linux-gnu/libgdk_pixbuf-2.0.so.0.3000.7
7ff58e0e0000-7ff58e2df000 ---p 00020000 08:05 1974780                    /usr/lib/x86_64-linux-gnu/libgdk_pixbuf-2.0.so.0.3000.7
7ff58e2df000-7ff58e2e0000 r--p 0001f000 08:05 1974780                    /usr/lib/x86_64-linux-gnu/libgdk_pixbuf-2.0.so.0.3000.7
7ff58e2e0000-7ff58e2e1000 rw-p 00020000 08:05 1974780                    /usr/lib/x86_64-linux-gnu/libgdk_pixbuf-2.0.so.0.3000.7
7ff58e2e1000-7ff58e3e7000 r-xp 00000000 08:05 1975665                    /usr/lib/x86_64-linux-gnu/libcairo.so.2.11301.0
7ff58e3e7000-7ff58e5e6000 ---p 00106000 08:05 1975665                    /usr/lib/x86_64-linux-gnu/libcairo.so.2.11301.0
7ff58e5e6000-7ff58e5e9000 r--p 00105000 08:05 1975665                    /usr/lib/x86_64-linux-gnu/libcairo.so.2.11301.0
7ff58e5e9000-7ff58e5ea000 rw-p 00108000 08:05 1975665                    /usr/lib/x86_64-linux-gnu/libcairo.so.2.11301.0
7ff58e5ea000-7ff58e5ec000 rw-p 00000000 00:00 0 
7ff58e5ec000-7ff58e60b000 r-xp 00000000 08:05 1975626                    /usr/lib/x86_64-linux-gnu/libatk-1.0.so.0.21009.1
7ff58e60b000-7ff58e80b000 ---p 0001f000 08:05 1975626                    /usr/lib/x86_64-linux-gnu/libatk-1.0.so.0.21009.1
7ff58e80b000-7ff58e80d000 r--p 0001f000 08:05 1975626                    /usr/lib/x86_64-linux-gnu/libatk-1.0.so.0.21009.1
7ff58e80d000-7ff58e80e000 rw-p 00021000 08:05 1975626                    /usr/lib/x86_64-linux-gnu/libatk-1.0.so.0.21009.1
7ff58e80e000-7ff58e819000 r-xp 00000000 08:05 1976271                    /usr/lib/x86_64-linux-gnu/libpangocairo-1.0.so.0.3600.3
7ff58e819000-7ff58ea19000 ---p 0000b000 08:05 1976271                    /usr/lib/x86_64-linux-gnu/libpangocairo-1.0.so.0.3600.3
7ff58ea19000-7ff58ea1a000 r--p 0000b000 08:05 1976271                    /usr/lib/x86_64-linux-gnu/libpangocairo-1.0.so.0.3600.3
7ff58ea1a000-7ff58ea1b000 rw-p 0000c000 08:05 1976271                    /usr/lib/x86_64-linux-gnu/libpangocairo-1.0.so.0.3600.3
7ff58ea1b000-7ff58eac8000 r-xp 00000000 08:05 1966562                    /usr/lib/x86_64-linux-gnu/libgdk-x11-2.0.so.0.2400.23
7ff58eac8000-7ff58ecc8000 ---p 000ad000 08:05 1966562                    /usr/lib/x86_64-linux-gnu/libgdk-x11-2.0.so.0.2400.23
7ff58ecc8000-7ff58eccc000 r--p 000ad000 08:05 1966562                    /usr/lib/x86_64-linux-gnu/libgdk-x11-2.0.so.0.2400.23
7ff58eccc000-7ff58ecce000 rw-p 000b1000 08:05 1966562                    /usr/lib/x86_64-linux-gnu/libgdk-x11-2.0.so.0.2400.23
7ff58ecce000-7ff58f0fe000 r-xp 00000000 08:05 1974789                    /usr/lib/x86_64-linux-gnu/libgtk-x11-2.0.so.0.2400.23
7ff58f0fe000-7ff58f2fd000 ---p 00430000 08:05 1974789                    /usr/lib/x86_64-linux-gnu/libgtk-x11-2.0.so.0.2400.23
7ff58f2fd000-7ff58f304000 r--p 0042f000 08:05 1974789                    /usr/lib/x86_64-linux-gnu/libgtk-x11-2.0.so.0.2400.23
7ff58f304000-7ff58f308000 rw-p 00436000 08:05 1974789                    /usr/lib/x86_64-linux-gnu/libgtk-x11-2.0.so.0.2400.23
7ff58f308000-7ff58f30b000 rw-p 00000000 00:00 0 
7ff58f30b000-7ff58f322000 r-xp 00000000 08:05 262311                     /lib/x86_64-linux-gnu/libresolv-2.19.so
7ff58f322000-7ff58f522000 ---p 00017000 08:05 262311                     /lib/x86_64-linux-gnu/libresolv-2.19.so
7ff58f522000-7ff58f523000 r--p 00017000 08:05 262311                     /lib/x86_64-linux-gnu/libresolv-2.19.so
7ff58f523000-7ff58f524000 rw-p 00018000 08:05 262311                     /lib/x86_64-linux-gnu/libresolv-2.19.so
7ff58f524000-7ff58f526000 rw-p 00000000 00:00 0 
7ff58f526000-7ff58f546000 r-xp 00000000 08:05 266710                     /lib/x86_64-linux-gnu/libselinux.so.1
7ff58f546000-7ff58f745000 ---p 00020000 08:05 266710                     /lib/x86_64-linux-gnu/libselinux.so.1
7ff58f745000-7ff58f746000 r--p 0001f000 08:05 266710                     /lib/x86_64-linux-gnu/libselinux.so.1
7ff58f746000-7ff58f747000 rw-p 00020000 08:05 266710                     /lib/x86_64-linux-gnu/libselinux.so.1
7ff58f747000-7ff58f749000 rw-p 00000000 00:00 0 
7ff58f749000-7ff58f8b5000 r-xp 00000000 08:05 1975917                    /usr/lib/x86_64-linux-gnu/libgio-2.0.so.0.4002.0
7ff58f8b5000-7ff58fab4000 ---p 0016c000 08:05 1975917                    /usr/lib/x86_64-linux-gnu/libgio-2.0.so.0.4002.0
7ff58fab4000-7ff58fab8000 r--p 0016b000 08:05 1975917                    /usr/lib/x86_64-linux-gnu/libgio-2.0.so.0.4002.0
7ff58fab8000-7ff58faba000 rw-p 0016f000 08:05 1975917                    /usr/lib/x86_64-linux-gnu/libgio-2.0.so.0.4002.0
7ff58faba000-7ff58fabc000 rw-p 00000000 00:00 0 
7ff58fabc000-7ff58fb00000 r-xp 00000000 08:05 266594                     /lib/x86_64-linux-gnu/libdbus-1.so.3.7.6
7ff58fb00000-7ff58fcff000 ---p 00044000 08:05 266594                     /lib/x86_64-linux-gnu/libdbus-1.so.3.7.6
7ff58fcff000-7ff58fd00000 r--p 00043000 08:05 266594                     /lib/x86_64-linux-gnu/libdbus-1.so.3.7.6
7ff58fd00000-7ff58fd01000 rw-p 00044000 08:05 266594                     /lib/x86_64-linux-gnu/libdbus-1.so.3.7.6
7ff58fd01000-7ff58fd26000 r-xp 00000000 08:05 1975740                    /usr/lib/x86_64-linux-gnu/libdbus-glib-1.so.2.2.2
7ff58fd26000-7ff58ff26000 ---p 00025000 08:05 1975740                    /usr/lib/x86_64-linux-gnu/libdbus-glib-1.so.2.2.2
7ff58ff26000-7ff58ff27000 r--p 00025000 08:05 1975740                    /usr/lib/x86_64-linux-gnu/libdbus-glib-1.so.2.2.2
7ff58ff27000-7ff58ff28000 rw-p 00026000 08:05 1975740                    /usr/lib/x86_64-linux-gnu/libdbus-glib-1.so.2.2.2
7ff58ff28000-7ff58ff2b000 r-xp 00000000 08:05 1975929                    /usr/lib/x86_64-linux-gnu/libgmodule-2.0.so.0.4002.0
7ff58ff2b000-7ff59012a000 ---p 00003000 08:05 1975929                    /usr/lib/x86_64-linux-gnu/libgmodule-2.0.so.0.4002.0
7ff59012a000-7ff59012b000 r--p 00002000 08:05 1975929                    /usr/lib/x86_64-linux-gnu/libgmodule-2.0.so.0.4002.0
7ff59012b000-7ff59012c000 rw-p 00003000 08:05 1975929                    /usr/lib/x86_64-linux-gnu/libgmodule-2.0.so.0.4002.0
7ff59012c000-7ff59015a000 r-xp 00000000 08:05 1975877                    /usr/lib/x86_64-linux-gnu/libgconf-2.so.4.1.5
7ff59015a000-7ff590359000 ---p 0002e000 08:05 1975877                    /usr/lib/x86_64-linux-gnu/libgconf-2.so.4.1.5
7ff590359000-7ff59035a000 r--p 0002d000 08:05 1975877                    /usr/lib/x86_64-linux-gnu/libgconf-2.so.4.1.5
7ff59035a000-7ff59035b000 rw-p 0002e000 08:05 1975877                    /usr/lib/x86_64-linux-gnu/libgconf-2.so.4.1.5
7ff59035b000-7ff59036a000 r-xp 00000000 08:05 1975555                    /usr/lib/x86_64-linux-gnu/libXi.so.6.1.0
7ff59036a000-7ff590569000 ---p 0000f000 08:05 1975555                    /usr/lib/x86_64-linux-gnu/libXi.so.6.1.0
7ff590569000-7ff59056a000 r--p 0000e000 08:05 1975555                    /usr/lib/x86_64-linux-gnu/libXi.so.6.1.0
7ff59056a000-7ff59056b000 rw-p 0000f000 08:05 1975555                    /usr/lib/x86_64-linux-gnu/libXi.so.6.1.0
7ff59056b000-7ff59056d000 r-xp 00000000 08:05 1975557                    /usr/lib/x86_64-linux-gnu/libXinerama.so.1.0.0
7ff59056d000-7ff59076c000 ---p 00002000 08:05 1975557                    /usr/lib/x86_64-linux-gnu/libXinerama.so.1.0.0
7ff59076c000-7ff59076d000 r--p 00001000 08:05 1975557                    /usr/lib/x86_64-linux-gnu/libXinerama.so.1.0.0
7ff59076d000-7ff59076e000 rw-p 00002000 08:05 1975557                    /usr/lib/x86_64-linux-gnu/libXinerama.so.1.0.0
7ff59076e000-7ff590777000 r-xp 00000000 08:05 1975541                    /usr/lib/x86_64-linux-gnu/libXcursor.so.1.0.2
7ff590777000-7ff590976000 ---p 00009000 08:05 1975541                    /usr/lib/x86_64-linux-gnu/libXcursor.so.1.0.2
7ff590976000-7ff590977000 r--p 00008000 08:05 1975541                    /usr/lib/x86_64-linux-gnu/libXcursor.so.1.0.2
7ff590977000-7ff590978000 rw-p 00009000 08:05 1975541                    /usr/lib/x86_64-linux-gnu/libXcursor.so.1.0.2
7ff590978000-7ff59097d000 r-xp 00000000 08:05 1975549                    /usr/lib/x86_64-linux-gnu/libXfixes.so.3.1.0
7ff59097d000-7ff590b7c000 ---p 00005000 08:05 1975549                    /usr/lib/x86_64-linux-gnu/libXfixes.so.3.1.0
7ff590b7c000-7ff590b7d000 r--p 00004000 08:05 1975549                    /usr/lib/x86_64-linux-gnu/libXfixes.so.3.1.0
7ff590b7d000-7ff590b7e000 rw-p 00005000 08:05 1975549                    /usr/lib/x86_64-linux-gnu/libXfixes.so.3.1.0
7ff590b7e000-7ff590b87000 r-xp 00000000 08:05 1975567                    /usr/lib/x86_64-linux-gnu/libXrandr.so.2.2.0
7ff590b87000-7ff590d86000 ---p 00009000 08:05 1975567                    /usr/lib/x86_64-linux-gnu/libXrandr.so.2.2.0
7ff590d86000-7ff590d87000 r--p 00008000 08:05 1975567                    /usr/lib/x86_64-linux-gnu/libXrandr.so.2.2.0
7ff590d87000-7ff590d88000 rw-p 00009000 08:05 1975567                    /usr/lib/x86_64-linux-gnu/libXrandr.so.2.2.0
7ff590d88000-7ff590d8b000 r-xp 00000000 08:05 2272458                    /usr/lib/x86_64-linux-gnu/gconv/UTF-16.so
7ff590d8b000-7ff590f8a000 ---p 00003000 08:05 2272458                    /usr/lib/x86_64-linux-gnu/gconv/UTF-16.so
7ff590f8a000-7ff590f8b000 r--p 00002000 08:05 2272458                    /usr/lib/x86_64-linux-gnu/gconv/UTF-16.so
7ff590f8b000-7ff590f8c000 rw-p 00003000 08:05 2272458                    /usr/lib/x86_64-linux-gnu/gconv/UTF-16.so
7ff590f8c000-7ff591a93000 r-xp 00000000 08:05 1441888                    /tmp/QtJambi_xy_amd64_4.8.7_gcc-20150613-2146/lib/libcom_trolltech_qt_gui.so.1
7ff591a93000-7ff591c92000 ---p 00b07000 08:05 1441888                    /tmp/QtJambi_xy_amd64_4.8.7_gcc-20150613-2146/lib/libcom_trolltech_qt_gui.so.1
7ff591c92000-7ff591cb8000 r--p 00b06000 08:05 1441888                    /tmp/QtJambi_xy_amd64_4.8.7_gcc-20150613-2146/lib/libcom_trolltech_qt_gui.so.1
7ff591cb8000-7ff591ced000 rw-p 00b2c000 08:05 1441888                    /tmp/QtJambi_xy_amd64_4.8.7_gcc-20150613-2146/lib/libcom_trolltech_qt_gui.so.1
7ff591ced000-7ff591cf4000 rw-p 00000000 00:00 0 
7ff591cf4000-7ff591cf9000 r-xp 00000000 08:05 1975545                    /usr/lib/x86_64-linux-gnu/libXdmcp.so.6.0.0
7ff591cf9000-7ff591ef8000 ---p 00005000 08:05 1975545                    /usr/lib/x86_64-linux-gnu/libXdmcp.so.6.0.0
7ff591ef8000-7ff591ef9000 r--p 00004000 08:05 1975545                    /usr/lib/x86_64-linux-gnu/libXdmcp.so.6.0.0
7ff591ef9000-7ff591efa000 rw-p 00005000 08:05 1975545                    /usr/lib/x86_64-linux-gnu/libXdmcp.so.6.0.0
7ff591efa000-7ff591efc000 r-xp 00000000 08:05 1975534                    /usr/lib/x86_64-linux-gnu/libXau.so.6.0.0
7ff591efc000-7ff5920fc000 ---p 00002000 08:05 1975534                    /usr/lib/x86_64-linux-gnu/libXau.so.6.0.0
7ff5920fc000-7ff5920fd000 r--p 00002000 08:05 1975534                    /usr/lib/x86_64-linux-gnu/libXau.so.6.0.0
7ff5920fd000-7ff5920fe000 rw-p 00003000 08:05 1975534                    /usr/lib/x86_64-linux-gnu/libXau.so.6.0.0
7ff5920fe000-7ff59211b000 r-xp 00000000 08:05 1976600                    /usr/lib/x86_64-linux-gnu/libxcb.so.1.1.0
7ff59211b000-7ff59231b000 ---p 0001d000 08:05 1976600                    /usr/lib/x86_64-linux-gnu/libxcb.so.1.1.0
7ff59231b000-7ff59231c000 r--p 0001d000 08:05 1976600                    /usr/lib/x86_64-linux-gnu/libxcb.so.1.1.0
7ff59231c000-7ff59231d000 rw-p 0001e000 08:05 1976600                    /usr/lib/x86_64-linux-gnu/libxcb.so.1.1.0
7ff59231d000-7ff592344000 r-xp 00000000 08:05 266714                     /lib/x86_64-linux-gnu/libexpat.so.1.6.0
7ff592344000-7ff592544000 ---p 00027000 08:05 266714                     /lib/x86_64-linux-gnu/libexpat.so.1.6.0
7ff592544000-7ff592546000 r--p 00027000 08:05 266714                     /lib/x86_64-linux-gnu/libexpat.so.1.6.0
7ff592546000-7ff592547000 rw-p 00029000 08:05 266714                     /lib/x86_64-linux-gnu/libexpat.so.1.6.0
7ff592547000-7ff59254b000 r-xp 00000000 08:05 266599                     /lib/x86_64-linux-gnu/libuuid.so.1.3.0
7ff59254b000-7ff59274a000 ---p 00004000 08:05 266599                     /lib/x86_64-linux-gnu/libuuid.so.1.3.0
7ff59274a000-7ff59274b000 r--p 00003000 08:05 266599                     /lib/x86_64-linux-gnu/libuuid.so.1.3.0
7ff59274b000-7ff59274c000 rw-p 00004000 08:05 266599                     /lib/x86_64-linux-gnu/libuuid.so.1.3.0
7ff59274c000-7ff592753000 r-xp 00000000 08:05 1966620                    /usr/lib/x86_64-linux-gnu/libffi.so.6.0.1
7ff592753000-7ff592952000 ---p 00007000 08:05 1966620                    /usr/lib/x86_64-linux-gnu/libffi.so.6.0.1
7ff592952000-7ff592953000 r--p 00006000 08:05 1966620                    /usr/lib/x86_64-linux-gnu/libffi.so.6.0.1
7ff592953000-7ff592954000 rw-p 00007000 08:05 1966620                    /usr/lib/x86_64-linux-gnu/libffi.so.6.0.1
7ff592954000-7ff592979000 r-xp 00000000 08:05 262316                     /lib/x86_64-linux-gnu/libpng12.so.0.50.0
7ff592979000-7ff592b78000 ---p 00025000 08:05 262316                     /lib/x86_64-linux-gnu/libpng12.so.0.50.0
7ff592b78000-7ff592b79000 r--p 00024000 08:05 262316                     /lib/x86_64-linux-gnu/libpng12.so.0.50.0
7ff592b79000-7ff592b7a000 rw-p 00025000 08:05 262316                     /lib/x86_64-linux-gnu/libpng12.so.0.50.0
7ff592b7a000-7ff592caa000 r-xp 00000000 08:05 1975530                    /usr/lib/x86_64-linux-gnu/libX11.so.6.3.0
7ff592caa000-7ff592eaa000 ---p 00130000 08:05 1975530                    /usr/lib/x86_64-linux-gnu/libX11.so.6.3.0
7ff592eaa000-7ff592eab000 r--p 00130000 08:05 1975530                    /usr/lib/x86_64-linux-gnu/libX11.so.6.3.0
7ff592eab000-7ff592eaf000 rw-p 00131000 08:05 1975530                    /usr/lib/x86_64-linux-gnu/libX11.so.6.3.0
7ff592eaf000-7ff592ec0000 r-xp 00000000 08:05 1975547                    /usr/lib/x86_64-linux-gnu/libXext.so.6.4.0
7ff592ec0000-7ff5930bf000 ---p 00011000 08:05 1975547                    /usr/lib/x86_64-linux-gnu/libXext.so.6.4.0
7ff5930bf000-7ff5930c0000 r--p 00010000 08:05 1975547                    /usr/lib/x86_64-linux-gnu/libXext.so.6.4.0
7ff5930c0000-7ff5930c1000 rw-p 00011000 08:05 1975547                    /usr/lib/x86_64-linux-gnu/libXext.so.6.4.0
7ff5930c1000-7ff5930fb000 r-xp 00000000 08:05 1975830                    /usr/lib/x86_64-linux-gnu/libfontconfig.so.1.8.0
7ff5930fb000-7ff5932fa000 ---p 0003a000 08:05 1975830                    /usr/lib/x86_64-linux-gnu/libfontconfig.so.1.8.0
7ff5932fa000-7ff5932fc000 r--p 00039000 08:05 1975830                    /usr/lib/x86_64-linux-gnu/libfontconfig.so.1.8.0
7ff5932fc000-7ff5932fd000 rw-p 0003b000 08:05 1975830                    /usr/lib/x86_64-linux-gnu/libfontconfig.so.1.8.0
7ff5932fd000-7ff593da8000 r-xp 00000000 08:05 1441826                    /tmp/QtJambi_xy_amd64_4.8.7_gcc-20150613-2146/lib/libQtGui.so.4
7ff593da8000-7ff593fa7000 ---p 00aab000 08:05 1441826                    /tmp/QtJambi_xy_amd64_4.8.7_gcc-20150613-2146/lib/libQtGui.so.4
7ff593fa7000-7ff593fe9000 r--p 00aaa000 08:05 1441826                    /tmp/QtJambi_xy_amd64_4.8.7_gcc-20150613-2146/lib/libQtGui.so.4
7ff593fe9000-7ff593ffd000 rw-p 00aec000 08:05 1441826                    /tmp/QtJambi_xy_amd64_4.8.7_gcc-20150613-2146/lib/libQtGui.so.4
7ff593ffd000-7ff594000000 rw-p 00000000 00:00 0 
7ff594000000-7ff594021000 rw-p 00000000 00:00 0 
7ff594021000-7ff598000000 ---p 00000000 00:00 0 
7ff598000000-7ff598021000 rw-p 00000000 00:00 0 
7ff598021000-7ff59c000000 ---p 00000000 00:00 0 
7ff59c000000-7ff59c163000 rw-p 00000000 00:00 0 
7ff59c163000-7ff5a0000000 ---p 00000000 00:00 0 
7ff5a0000000-7ff5a0021000 rw-p 00000000 00:00 0 
7ff5a0021000-7ff5a4000000 ---p 00000000 00:00 0 
7ff5a4000000-7ff5a4021000 rw-p 00000000 00:00 0 
7ff5a4021000-7ff5a8000000 ---p 00000000 00:00 0 
7ff5a8000000-7ff5a8036000 rw-p 00000000 00:00 0 
7ff5a8036000-7ff5ac000000 ---p 00000000 00:00 0 
7ff5ac000000-7ff5ac021000 rw-p 00000000 00:00 0 
7ff5ac021000-7ff5b0000000 ---p 00000000 00:00 0 
7ff5b0000000-7ff5b0111000 rw-p 00000000 00:00 0 
7ff5b0111000-7ff5b4000000 ---p 00000000 00:00 0 
7ff5b4000000-7ff5b4021000 rw-p 00000000 00:00 0 
7ff5b4021000-7ff5b8000000 ---p 00000000 00:00 0 
7ff5b8000000-7ff5b8021000 rw-p 00000000 00:00 0 
7ff5b8021000-7ff5bc000000 ---p 00000000 00:00 0 
7ff5bc000000-7ff5bc021000 rw-p 00000000 00:00 0 
7ff5bc021000-7ff5c0000000 ---p 00000000 00:00 0 
7ff5c004c000-7ff5c00a3000 r--p 00000000 08:05 2755274                    /usr/share/fonts/truetype/ubuntu-font-family/Ubuntu-R.ttf
7ff5c00a3000-7ff5c00a6000 r--p 00000000 08:05 2375374                    /usr/share/locale-langpack/de/LC_MESSAGES/atk10.mo
7ff5c00a6000-7ff5c00ad000 r--p 00000000 00:1c 1790340                    /home/xy/.config/dconf/user
7ff5c00ad000-7ff5c00ae000 r--s 00000000 00:17 257144                     /run/user/1000/dconf/user
7ff5c00ae000-7ff5c00ef000 r--p 00000000 08:05 2365784                    /usr/share/glib-2.0/schemas/gschemas.compiled
7ff5c00ef000-7ff5c0109000 r--p 00000000 08:05 2375351                    /usr/share/locale-langpack/de/LC_MESSAGES/glib20.mo
7ff5c0109000-7ff5c0132000 r--p 00000000 08:05 2375439                    /usr/share/locale-langpack/de/LC_MESSAGES/gtk20-properties.mo
7ff5c0132000-7ff5c0141000 r--p 00000000 08:05 2375312                    /usr/share/locale-langpack/de/LC_MESSAGES/gtk20.mo
7ff5c0141000-7ff5c0167000 r--p 00000000 08:05 2375139                    /usr/share/locale-langpack/de/LC_MESSAGES/libc.mo
7ff5c0167000-7ff5c0168000 r--s 00000000 08:05 132036                     /var/cache/fontconfig/087e1975ba9a574b140bb1df193bf770-le64.cache-4
7ff5c0168000-7ff5c0173000 r--s 00000000 08:05 136376                     /var/cache/fontconfig/945677eb7aeaf62f1d50efc3fb3ec7d8-le64.cache-4
7ff5c0173000-7ff5c0179000 r--s 00000000 08:05 136362                     /var/cache/fontconfig/2cd17615ca594fa2959ae173292e504c-le64.cache-4
7ff5c0179000-7ff5c0185000 r--s 00000000 08:05 132780                     /var/cache/fontconfig/6d41288fd70b0be22e8c3a91e032eec0-le64.cache-4
7ff5c0185000-7ff5c0199000 r--s 00000000 08:05 136357                     /var/cache/fontconfig/04aabc0a78ac019cf9454389977116d2-le64.cache-4
7ff5c0199000-7ff5c01a2000 r-xp 00000000 08:05 1975569                    /usr/lib/x86_64-linux-gnu/libXrender.so.1.3.0
7ff5c01a2000-7ff5c03a1000 ---p 00009000 08:05 1975569                    /usr/lib/x86_64-linux-gnu/libXrender.so.1.3.0
7ff5c03a1000-7ff5c03a2000 r--p 00008000 08:05 1975569                    /usr/lib/x86_64-linux-gnu/libXrender.so.1.3.0
7ff5c03a2000-7ff5c03a3000 rw-p 00009000 08:05 1975569                    /usr/lib/x86_64-linux-gnu/libXrender.so.1.3.0
7ff5c03a3000-7ff5c03ba000 r-xp 00000000 08:05 1975404                    /usr/lib/x86_64-linux-gnu/libICE.so.6.3.0
7ff5c03ba000-7ff5c05b9000 ---p 00017000 08:05 1975404                    /usr/lib/x86_64-linux-gnu/libICE.so.6.3.0
7ff5c05b9000-7ff5c05ba000 r--p 00016000 08:05 1975404                    /usr/lib/x86_64-linux-gnu/libICE.so.6.3.0
7ff5c05ba000-7ff5c05bb000 rw-p 00017000 08:05 1975404                    /usr/lib/x86_64-linux-gnu/libICE.so.6.3.0
7ff5c05bb000-7ff5c05bf000 rw-p 00000000 00:00 0 
7ff5c05bf000-7ff5c05c6000 r-xp 00000000 08:05 1975526                    /usr/lib/x86_64-linux-gnu/libSM.so.6.0.1
7ff5c05c6000-7ff5c07c5000 ---p 00007000 08:05 1975526                    /usr/lib/x86_64-linux-gnu/libSM.so.6.0.1
7ff5c07c5000-7ff5c07c6000 r--p 00006000 08:05 1975526                    /usr/lib/x86_64-linux-gnu/libSM.so.6.0.1
7ff5c07c6000-7ff5c07c7000 rw-p 00007000 08:05 1975526                    /usr/lib/x86_64-linux-gnu/libSM.so.6.0.1
7ff5c07c7000-7ff5c0816000 r-xp 00000000 08:05 1975945                    /usr/lib/x86_64-linux-gnu/libgobject-2.0.so.0.4002.0
7ff5c0816000-7ff5c0a16000 ---p 0004f000 08:05 1975945                    /usr/lib/x86_64-linux-gnu/libgobject-2.0.so.0.4002.0
7ff5c0a16000-7ff5c0a17000 r--p 0004f000 08:05 1975945                    /usr/lib/x86_64-linux-gnu/libgobject-2.0.so.0.4002.0
7ff5c0a17000-7ff5c0a18000 rw-p 00050000 08:05 1975945                    /usr/lib/x86_64-linux-gnu/libgobject-2.0.so.0.4002.0
7ff5c0a18000-7ff5c0ab5000 r-xp 00000000 08:05 1974776                    /usr/lib/x86_64-linux-gnu/libfreetype.so.6.11.1
7ff5c0ab5000-7ff5c0cb4000 ---p 0009d000 08:05 1974776                    /usr/lib/x86_64-linux-gnu/libfreetype.so.6.11.1
7ff5c0cb4000-7ff5c0cba000 r--p 0009c000 08:05 1974776                    /usr/lib/x86_64-linux-gnu/libfreetype.so.6.11.1
7ff5c0cba000-7ff5c0cbb000 rw-p 000a2000 08:05 1974776                    /usr/lib/x86_64-linux-gnu/libfreetype.so.6.11.1
7ff5c0cbb000-7ff5c0e9a000 r-xp 00000000 08:05 1441887                    /tmp/QtJambi_xy_amd64_4.8.7_gcc-20150613-2146/lib/libcom_trolltech_qt_core.so.1
7ff5c0e9a000-7ff5c1099000 ---p 001df000 08:05 1441887                    /tmp/QtJambi_xy_amd64_4.8.7_gcc-20150613-2146/lib/libcom_trolltech_qt_core.so.1
7ff5c1099000-7ff5c10a4000 r--p 001de000 08:05 1441887                    /tmp/QtJambi_xy_amd64_4.8.7_gcc-20150613-2146/lib/libcom_trolltech_qt_core.so.1
7ff5c10a4000-7ff5c10ad000 rw-p 001e9000 08:05 1441887                    /tmp/QtJambi_xy_amd64_4.8.7_gcc-20150613-2146/lib/libcom_trolltech_qt_core.so.1
7ff5c10ad000-7ff5c10b0000 ---p 00000000 00:00 0 
7ff5c10b0000-7ff5c11ae000 rw-p 00000000 00:00 0 
7ff5c11ae000-7ff5c11f7000 r-xp 00000000 08:05 1441886                    /tmp/QtJambi_xy_amd64_4.8.7_gcc-20150613-2146/lib/libqtjambi.so.1
7ff5c11f7000-7ff5c13f7000 ---p 00049000 08:05 1441886                    /tmp/QtJambi_xy_amd64_4.8.7_gcc-20150613-2146/lib/libqtjambi.so.1
7ff5c13f7000-7ff5c13f8000 r--p 00049000 08:05 1441886                    /tmp/QtJambi_xy_amd64_4.8.7_gcc-20150613-2146/lib/libqtjambi.so.1
7ff5c13f8000-7ff5c13f9000 rw-p 0004a000 08:05 1441886                    /tmp/QtJambi_xy_amd64_4.8.7_gcc-20150613-2146/lib/libqtjambi.so.1
7ff5c13f9000-7ff5c13fa000 rw-p 00000000 00:00 0 
7ff5c13fa000-7ff5c1437000 r-xp 00000000 08:05 262321                     /lib/x86_64-linux-gnu/libpcre.so.3.13.1
7ff5c1437000-7ff5c1636000 ---p 0003d000 08:05 262321                     /lib/x86_64-linux-gnu/libpcre.so.3.13.1
7ff5c1636000-7ff5c1637000 r--p 0003c000 08:05 262321                     /lib/x86_64-linux-gnu/libpcre.so.3.13.1
7ff5c1637000-7ff5c1638000 rw-p 0003d000 08:05 262321                     /lib/x86_64-linux-gnu/libpcre.so.3.13.1
7ff5c1638000-7ff5c173e000 r-xp 00000000 08:05 266611                     /lib/x86_64-linux-gnu/libglib-2.0.so.0.4002.0
7ff5c173e000-7ff5c193d000 ---p 00106000 08:05 266611                     /lib/x86_64-linux-gnu/libglib-2.0.so.0.4002.0
7ff5c193d000-7ff5c193e000 r--p 00105000 08:05 266611                     /lib/x86_64-linux-gnu/libglib-2.0.so.0.4002.0
7ff5c193e000-7ff5c193f000 rw-p 00106000 08:05 266611                     /lib/x86_64-linux-gnu/libglib-2.0.so.0.4002.0
7ff5c193f000-7ff5c1940000 rw-p 00000000 00:00 0 
7ff5c1940000-7ff5c1941000 r--s 00000000 08:05 136382                     /var/cache/fontconfig/c05880de57d1f5e948fdfacc138775d9-le64.cache-4
7ff5c1941000-7ff5c1942000 r--s 00000000 08:05 136392                     /var/cache/fontconfig/e7071f4a29fa870f4323321c154eba04-le64.cache-4
7ff5c1942000-7ff5c1943000 r--s 00000000 08:05 136359                     /var/cache/fontconfig/0d8c3b2ac0904cb8a57a757ad11a4a08-le64.cache-4
7ff5c1943000-7ff5c194a000 r--s 00000000 08:05 136379                     /var/cache/fontconfig/a755afe4a08bf5b97852ceb7400b47bc-le64.cache-4
7ff5c194a000-7ff5c194b000 r--s 00000000 08:05 136361                     /var/cache/fontconfig/1ac9eb803944fde146138c791f5cc56a-le64.cache-4
7ff5c194b000-7ff5c194f000 r--s 00000000 08:05 136365                     /var/cache/fontconfig/385c0604a188198f04d133e54aba7fe7-le64.cache-4
7ff5c194f000-7ff5c1954000 r--s 00000000 08:05 136375                     /var/cache/fontconfig/8801497958630a81b71ace7c5f9b32a8-le64.cache-4
7ff5c1954000-7ff5c195b000 r--s 00000000 08:05 136363                     /var/cache/fontconfig/3047814df9a2f067bd2d96a2b9c36e5a-le64.cache-4
7ff5c195b000-7ff5c1961000 r--s 00000000 08:05 136380                     /var/cache/fontconfig/b47c4e1ecd0709278f4910c18777a504-le64.cache-4
7ff5c1961000-7ff5c1974000 r--s 00000000 08:05 136386                     /var/cache/fontconfig/d52a8644073d54c13679302ca1180695-le64.cache-4
7ff5c1974000-7ff5c1c54000 r-xp 00000000 08:05 1441825                    /tmp/QtJambi_xy_amd64_4.8.7_gcc-20150613-2146/lib/libQtCore.so.4
7ff5c1c54000-7ff5c1e54000 ---p 002e0000 08:05 1441825                    /tmp/QtJambi_xy_amd64_4.8.7_gcc-20150613-2146/lib/libQtCore.so.4
7ff5c1e54000-7ff5c1e5f000 r--p 002e0000 08:05 1441825                    /tmp/QtJambi_xy_amd64_4.8.7_gcc-20150613-2146/lib/libQtCore.so.4
7ff5c1e5f000-7ff5c1e64000 rw-p 002eb000 08:05 1441825                    /tmp/QtJambi_xy_amd64_4.8.7_gcc-20150613-2146/lib/libQtCore.so.4
7ff5c1e64000-7ff5c1e65000 rw-p 00000000 00:00 0 
7ff5c1e65000-7ff5c1e91000 r--s 002ff000 08:05 2323893                    /usr/local/lib/qtjambi-linux64-community-4.8.7/qtjambi-4.8.7.jar
7ff5c1e91000-7ff5c1e92000 ---p 00000000 00:00 0 
7ff5c1e92000-7ff5c1f92000 rw-p 00000000 00:00 0 
7ff5c1f92000-7ff5c1f95000 ---p 00000000 00:00 0 
7ff5c1f95000-7ff5c2093000 rw-p 00000000 00:00 0                          [stack:21064]
7ff5c2093000-7ff5c2096000 ---p 00000000 00:00 0 
7ff5c2096000-7ff5c2194000 rw-p 00000000 00:00 0                          [stack:21063]
7ff5c2194000-7ff5c2197000 ---p 00000000 00:00 0 
7ff5c2197000-7ff5c2295000 rw-p 00000000 00:00 0                          [stack:21062]
7ff5c2295000-7ff5c2298000 ---p 00000000 00:00 0 
7ff5c2298000-7ff5c2396000 rw-p 00000000 00:00 0                          [stack:21061]
7ff5c2396000-7ff5c2399000 ---p 00000000 00:00 0 
7ff5c2399000-7ff5c2497000 rw-p 00000000 00:00 0                          [stack:21060]
7ff5c2497000-7ff5c249a000 ---p 00000000 00:00 0 
7ff5c249a000-7ff5c2598000 rw-p 00000000 00:00 0                          [stack:21059]
7ff5c2598000-7ff5c2dee000 r--p 00000000 08:05 1974234                    /usr/lib/locale/locale-archive
7ff5c2dee000-7ff5c2df1000 ---p 00000000 00:00 0 
7ff5c2df1000-7ff5c2eef000 rw-p 00000000 00:00 0                          [stack:21058]
7ff5c2eef000-7ff5c2ef2000 ---p 00000000 00:00 0 
7ff5c2ef2000-7ff5c2ff0000 rw-p 00000000 00:00 0                          [stack:21057]
7ff5c2ff0000-7ff5c2ff1000 ---p 00000000 00:00 0 
7ff5c2ff1000-7ff5c4000000 rw-p 00000000 00:00 0 
7ff5c4000000-7ff5c4021000 rw-p 00000000 00:00 0 
7ff5c4021000-7ff5c8000000 ---p 00000000 00:00 0 
7ff5c8000000-7ff5c8021000 rw-p 00000000 00:00 0 
7ff5c8021000-7ff5cc000000 ---p 00000000 00:00 0 
7ff5cc000000-7ff5cc021000 rw-p 00000000 00:00 0 
7ff5cc021000-7ff5d0000000 ---p 00000000 00:00 0 
7ff5d0000000-7ff5d0021000 rw-p 00000000 00:00 0 
7ff5d0021000-7ff5d4000000 ---p 00000000 00:00 0 
7ff5d4000000-7ff5d4021000 rw-p 00000000 00:00 0 
7ff5d4021000-7ff5d8000000 ---p 00000000 00:00 0 
7ff5d8000000-7ff5d8001000 r--s 00000000 08:05 136389                     /var/cache/fontconfig/dc05db6664285cc2f12bf69c139ae4c3-le64.cache-4
7ff5d8001000-7ff5d8005000 r--s 00000000 08:05 131984                     /var/cache/fontconfig/c57959a16110560c8d0fcea73374aeeb-le64.cache-4
7ff5d8005000-7ff5d800e000 r--s 00000000 08:05 136366                     /var/cache/fontconfig/3f7329c5293ffd510edef78f73874cfd-le64.cache-4
7ff5d800e000-7ff5d8019000 r--s 00000000 08:05 132132                     /var/cache/fontconfig/d589a48862398ed80a3d6066f4f56f4c-le64.cache-4
7ff5d8019000-7ff5d8022000 r--s 00000000 08:05 131983                     /var/cache/fontconfig/d0972c3d32f097851eb916381fc38920-le64.cache-4
7ff5d8022000-7ff5d803e000 r--s 00393000 08:05 2014530                    /usr/lib/jvm/java-8-openjdk-amd64/jre/lib/ext/cldrdata.jar
7ff5d803e000-7ff5dc000000 rw-p 00000000 00:00 0 
7ff5dc000000-7ff5dc021000 rw-p 00000000 00:00 0 
7ff5dc021000-7ff5e0000000 ---p 00000000 00:00 0 
7ff5e0000000-7ff5e0021000 rw-p 00000000 00:00 0 
7ff5e0021000-7ff5e4000000 ---p 00000000 00:00 0 
7ff5e4000000-7ff5e4021000 rw-p 00000000 00:00 0 
7ff5e4021000-7ff5e8000000 ---p 00000000 00:00 0 
7ff5e8000000-7ff5e8002000 r--s 00000000 08:05 136373                     /var/cache/fontconfig/767a8244fc0220cfb567a839d0392e0b-le64.cache-4
7ff5e8002000-7ff5e8003000 r--s 00000000 08:05 132081                     /var/cache/fontconfig/4794a0821666d79190d59a36cb4f44b5-le64.cache-4
7ff5e8003000-7ff5e8004000 r--s 00000000 08:05 136369                     /var/cache/fontconfig/56cf4f4769d0f4abc89a4895d7bd3ae1-le64.cache-4
7ff5e8004000-7ff5e8005000 r--s 00000000 08:05 136381                     /var/cache/fontconfig/b9d506c9ac06c20b433354fa67a72993-le64.cache-4
7ff5e8005000-7ff5e8006000 r--s 00000000 08:05 132035                     /var/cache/fontconfig/8a687c406b77f27d99abfeeba937fcce-le64.cache-4
7ff5e8006000-7ff5e8007000 r--s 00000000 08:05 136358                     /var/cache/fontconfig/0c9eb80ebd1c36541ebe2852d3bb0c49-le64.cache-4
7ff5e8007000-7ff5e800a000 r--s 00000000 08:05 131608                     /var/cache/fontconfig/e13b20fdb08344e0e664864cc2ede53d-le64.cache-4
7ff5e800a000-7ff5e8018000 r--s 00474000 08:05 2323895                    /usr/local/lib/qtjambi-linux64-community-4.8.7/qtjambi-examples-4.8.7.jar
7ff5e8018000-7ff5e8033000 r--s 001d7000 08:05 2014528                    /usr/lib/jvm/java-8-openjdk-amd64/jre/lib/ext/nashorn.jar
7ff5e8033000-7ff5e8dc0000 rw-p 00000000 00:00 0 
7ff5e8dc0000-7ff5e9000000 ---p 00000000 00:00 0 
7ff5e9000000-7ff5e9270000 rwxp 00000000 00:00 0 
7ff5e9270000-7ff5f8000000 ---p 00000000 00:00 0 
7ff5f8000000-7ff5f8790000 rw-p 00000000 00:00 0 
7ff5f8790000-7ff5fc000000 ---p 00000000 00:00 0 
7ff5fc000000-7ff5fc004000 r--s 00000000 08:05 131875                     /var/cache/fontconfig/7ef2298fde41cc6eeb7af42e48b7d293-le64.cache-4
7ff5fc004000-7ff5fc00b000 r--s 00000000 08:05 2272386                    /usr/lib/x86_64-linux-gnu/gconv/gconv-modules.cache
7ff5fc00b000-7ff5fc00d000 r--s 00008000 08:05 2323894                    /usr/local/lib/qtjambi-linux64-community-4.8.7/qtjambi-designer-4.8.7.jar
7ff5fc00d000-7ff5fc019000 r--s 00437000 08:05 2323896                    /usr/local/lib/qtjambi-linux64-community-4.8.7/qtjambi-examples-src.jar
7ff5fc019000-7ff5fc3ab000 rw-p 00000000 00:00 0 
7ff5fc3ab000-7ff5fc578000 r--s 03be5000 08:05 2014519                    /usr/lib/jvm/java-8-openjdk-amd64/jre/lib/rt.jar
7ff5fc578000-7ff5fc9ca000 rw-p 00000000 00:00 0 
7ff5fc9ca000-7ff5fc9cb000 ---p 00000000 00:00 0 
7ff5fc9cb000-7ff5fcacb000 rw-p 00000000 00:00 0                          [stack:21055]
7ff5fcacb000-7ff5fcacc000 ---p 00000000 00:00 0 
7ff5fcacc000-7ff5fcbcc000 rw-p 00000000 00:00 0                          [stack:21054]
7ff5fcbcc000-7ff5fcbcd000 ---p 00000000 00:00 0 
7ff5fcbcd000-7ff5fcccd000 rw-p 00000000 00:00 0                          [stack:21053]
7ff5fcccd000-7ff5fccce000 ---p 00000000 00:00 0 
7ff5fccce000-7ff5fcdce000 rw-p 00000000 00:00 0                          [stack:21052]
7ff5fcdce000-7ff5fcdcf000 ---p 00000000 00:00 0 
7ff5fcdcf000-7ff5fcecf000 rw-p 00000000 00:00 0                          [stack:21051]
7ff5fcecf000-7ff5fced0000 ---p 00000000 00:00 0 
7ff5fced0000-7ff5fcfd0000 rw-p 00000000 00:00 0                          [stack:21050]
7ff5fcfd0000-7ff5fcfd1000 ---p 00000000 00:00 0 
7ff5fcfd1000-7ff5fd0d1000 rw-p 00000000 00:00 0                          [stack:21049]
7ff5fd0d1000-7ff5fd0d2000 ---p 00000000 00:00 0 
7ff5fd0d2000-7ff5fd1fc000 rw-p 00000000 00:00 0                          [stack:21048]
7ff5fd1fc000-7ff5fd465000 ---p 00000000 00:00 0 
7ff5fd465000-7ff5fd48f000 rw-p 00000000 00:00 0 
7ff5fd48f000-7ff5fd6f7000 ---p 00000000 00:00 0 
7ff5fd6f7000-7ff5fd70d000 rw-p 00000000 00:00 0 
7ff5fd70d000-7ff5fd841000 ---p 00000000 00:00 0 
7ff5fd841000-7ff5fd84c000 rw-p 00000000 00:00 0 
7ff5fd84c000-7ff5fdc02000 ---p 00000000 00:00 0 
7ff5fdc02000-7ff5fdc0a000 r-xp 00000000 08:05 2014490                    /usr/lib/jvm/java-8-openjdk-amd64/jre/lib/amd64/libzip.so
7ff5fdc0a000-7ff5fde09000 ---p 00008000 08:05 2014490                    /usr/lib/jvm/java-8-openjdk-amd64/jre/lib/amd64/libzip.so
7ff5fde09000-7ff5fde0a000 r--p 00007000 08:05 2014490                    /usr/lib/jvm/java-8-openjdk-amd64/jre/lib/amd64/libzip.so
7ff5fde0a000-7ff5fde0b000 rw-p 00008000 08:05 2014490                    /usr/lib/jvm/java-8-openjdk-amd64/jre/lib/amd64/libzip.so
7ff5fde0b000-7ff5fde16000 r-xp 00000000 08:05 291630                     /lib/x86_64-linux-gnu/libnss_files-2.19.so
7ff5fde16000-7ff5fe015000 ---p 0000b000 08:05 291630                     /lib/x86_64-linux-gnu/libnss_files-2.19.so
7ff5fe015000-7ff5fe016000 r--p 0000a000 08:05 291630                     /lib/x86_64-linux-gnu/libnss_files-2.19.so
7ff5fe016000-7ff5fe017000 rw-p 0000b000 08:05 291630                     /lib/x86_64-linux-gnu/libnss_files-2.19.so
7ff5fe017000-7ff5fe022000 r-xp 00000000 08:05 291622                     /lib/x86_64-linux-gnu/libnss_nis-2.19.so
7ff5fe022000-7ff5fe221000 ---p 0000b000 08:05 291622                     /lib/x86_64-linux-gnu/libnss_nis-2.19.so
7ff5fe221000-7ff5fe222000 r--p 0000a000 08:05 291622                     /lib/x86_64-linux-gnu/libnss_nis-2.19.so
7ff5fe222000-7ff5fe223000 rw-p 0000b000 08:05 291622                     /lib/x86_64-linux-gnu/libnss_nis-2.19.so
7ff5fe223000-7ff5fe23a000 r-xp 00000000 08:05 269782                     /lib/x86_64-linux-gnu/libnsl-2.19.so
7ff5fe23a000-7ff5fe439000 ---p 00017000 08:05 269782                     /lib/x86_64-linux-gnu/libnsl-2.19.so
7ff5fe439000-7ff5fe43a000 r--p 00016000 08:05 269782                     /lib/x86_64-linux-gnu/libnsl-2.19.so
7ff5fe43a000-7ff5fe43b000 rw-p 00017000 08:05 269782                     /lib/x86_64-linux-gnu/libnsl-2.19.so
7ff5fe43b000-7ff5fe43d000 rw-p 00000000 00:00 0 
7ff5fe43d000-7ff5fe446000 r-xp 00000000 08:05 269781                     /lib/x86_64-linux-gnu/libnss_compat-2.19.so
7ff5fe446000-7ff5fe645000 ---p 00009000 08:05 269781                     /lib/x86_64-linux-gnu/libnss_compat-2.19.so
7ff5fe645000-7ff5fe646000 r--p 00008000 08:05 269781                     /lib/x86_64-linux-gnu/libnss_compat-2.19.so
7ff5fe646000-7ff5fe647000 rw-p 00009000 08:05 269781                     /lib/x86_64-linux-gnu/libnss_compat-2.19.so
7ff5fe647000-7ff5fe673000 r-xp 00000000 08:05 2014476                    /usr/lib/jvm/java-8-openjdk-amd64/jre/lib/amd64/libjava.so
7ff5fe673000-7ff5fe873000 ---p 0002c000 08:05 2014476                    /usr/lib/jvm/java-8-openjdk-amd64/jre/lib/amd64/libjava.so
7ff5fe873000-7ff5fe874000 r--p 0002c000 08:05 2014476                    /usr/lib/jvm/java-8-openjdk-amd64/jre/lib/amd64/libjava.so
7ff5fe874000-7ff5fe876000 rw-p 0002d000 08:05 2014476                    /usr/lib/jvm/java-8-openjdk-amd64/jre/lib/amd64/libjava.so
7ff5fe876000-7ff5fe886000 r-xp 00000000 08:05 2014477                    /usr/lib/jvm/java-8-openjdk-amd64/jre/lib/amd64/libverify.so
7ff5fe886000-7ff5fea85000 ---p 00010000 08:05 2014477                    /usr/lib/jvm/java-8-openjdk-amd64/jre/lib/amd64/libverify.so
7ff5fea85000-7ff5fea87000 r--p 0000f000 08:05 2014477                    /usr/lib/jvm/java-8-openjdk-amd64/jre/lib/amd64/libverify.so
7ff5fea87000-7ff5fea88000 rw-p 00011000 08:05 2014477                    /usr/lib/jvm/java-8-openjdk-amd64/jre/lib/amd64/libverify.so
7ff5fea88000-7ff5fea8f000 r-xp 00000000 08:05 291626                     /lib/x86_64-linux-gnu/librt-2.19.so
7ff5fea8f000-7ff5fec8e000 ---p 00007000 08:05 291626                     /lib/x86_64-linux-gnu/librt-2.19.so
7ff5fec8e000-7ff5fec8f000 r--p 00006000 08:05 291626                     /lib/x86_64-linux-gnu/librt-2.19.so
7ff5fec8f000-7ff5fec90000 rw-p 00007000 08:05 291626                     /lib/x86_64-linux-gnu/librt-2.19.so
7ff5fec90000-7ff5feca6000 r-xp 00000000 08:05 266601                     /lib/x86_64-linux-gnu/libgcc_s.so.1
7ff5feca6000-7ff5feea5000 ---p 00016000 08:05 266601                     /lib/x86_64-linux-gnu/libgcc_s.so.1
7ff5feea5000-7ff5feea6000 rw-p 00015000 08:05 266601                     /lib/x86_64-linux-gnu/libgcc_s.so.1
7ff5feea6000-7ff5fefab000 r-xp 00000000 08:05 266608                     /lib/x86_64-linux-gnu/libm-2.19.so
7ff5fefab000-7ff5ff1aa000 ---p 00105000 08:05 266608                     /lib/x86_64-linux-gnu/libm-2.19.so
7ff5ff1aa000-7ff5ff1ab000 r--p 00104000 08:05 266608                     /lib/x86_64-linux-gnu/libm-2.19.so
7ff5ff1ab000-7ff5ff1ac000 rw-p 00105000 08:05 266608                     /lib/x86_64-linux-gnu/libm-2.19.so
7ff5ff1ac000-7ff5ff292000 r-xp 00000000 08:05 1970404                    /usr/lib/x86_64-linux-gnu/libstdc++.so.6.0.19
7ff5ff292000-7ff5ff491000 ---p 000e6000 08:05 1970404                    /usr/lib/x86_64-linux-gnu/libstdc++.so.6.0.19
7ff5ff491000-7ff5ff499000 r--p 000e5000 08:05 1970404                    /usr/lib/x86_64-linux-gnu/libstdc++.so.6.0.19
7ff5ff499000-7ff5ff49b000 rw-p 000ed000 08:05 1970404                    /usr/lib/x86_64-linux-gnu/libstdc++.so.6.0.19
7ff5ff49b000-7ff5ff4b0000 rw-p 00000000 00:00 0 
7ff5ff4b0000-7ff60009c000 r-xp 00000000 08:05 2014488                    /usr/lib/jvm/java-8-openjdk-amd64/jre/lib/amd64/server/libjvm.so
7ff60009c000-7ff60029c000 ---p 00bec000 08:05 2014488                    /usr/lib/jvm/java-8-openjdk-amd64/jre/lib/amd64/server/libjvm.so
7ff60029c000-7ff60033a000 r--p 00bec000 08:05 2014488                    /usr/lib/jvm/java-8-openjdk-amd64/jre/lib/amd64/server/libjvm.so
7ff60033a000-7ff600363000 rw-p 00c8a000 08:05 2014488                    /usr/lib/jvm/java-8-openjdk-amd64/jre/lib/amd64/server/libjvm.so
7ff600363000-7ff600393000 rw-p 00000000 00:00 0 
7ff600393000-7ff6003ac000 r-xp 00000000 08:05 269783                     /lib/x86_64-linux-gnu/libpthread-2.19.so
7ff6003ac000-7ff6005ab000 ---p 00019000 08:05 269783                     /lib/x86_64-linux-gnu/libpthread-2.19.so
7ff6005ab000-7ff6005ac000 r--p 00018000 08:05 269783                     /lib/x86_64-linux-gnu/libpthread-2.19.so
7ff6005ac000-7ff6005ad000 rw-p 00019000 08:05 269783                     /lib/x86_64-linux-gnu/libpthread-2.19.so
7ff6005ad000-7ff6005b1000 rw-p 00000000 00:00 0 
7ff6005b1000-7ff6005b4000 r-xp 00000000 08:05 266679                     /lib/x86_64-linux-gnu/libdl-2.19.so
7ff6005b4000-7ff6007b3000 ---p 00003000 08:05 266679                     /lib/x86_64-linux-gnu/libdl-2.19.so
7ff6007b3000-7ff6007b4000 r--p 00002000 08:05 266679                     /lib/x86_64-linux-gnu/libdl-2.19.so
7ff6007b4000-7ff6007b5000 rw-p 00003000 08:05 266679                     /lib/x86_64-linux-gnu/libdl-2.19.so
7ff6007b5000-7ff6007cd000 r-xp 00000000 08:05 266743                     /lib/x86_64-linux-gnu/libz.so.1.2.8
7ff6007cd000-7ff6009cc000 ---p 00018000 08:05 266743                     /lib/x86_64-linux-gnu/libz.so.1.2.8
7ff6009cc000-7ff6009cd000 r--p 00017000 08:05 266743                     /lib/x86_64-linux-gnu/libz.so.1.2.8
7ff6009cd000-7ff6009ce000 rw-p 00018000 08:05 266743                     /lib/x86_64-linux-gnu/libz.so.1.2.8
7ff6009ce000-7ff600b89000 r-xp 00000000 08:05 291627                     /lib/x86_64-linux-gnu/libc-2.19.so
7ff600b89000-7ff600d88000 ---p 001bb000 08:05 291627                     /lib/x86_64-linux-gnu/libc-2.19.so
7ff600d88000-7ff600d8c000 r--p 001ba000 08:05 291627                     /lib/x86_64-linux-gnu/libc-2.19.so
7ff600d8c000-7ff600d8e000 rw-p 001be000 08:05 291627                     /lib/x86_64-linux-gnu/libc-2.19.so
7ff600d8e000-7ff600d93000 rw-p 00000000 00:00 0 
7ff600d93000-7ff600da0000 r-xp 00000000 08:05 2014503                    /usr/lib/jvm/java-8-openjdk-amd64/jre/lib/amd64/jli/libjli.so
7ff600da0000-7ff600fa0000 ---p 0000d000 08:05 2014503                    /usr/lib/jvm/java-8-openjdk-amd64/jre/lib/amd64/jli/libjli.so
7ff600fa0000-7ff600fa1000 r--p 0000d000 08:05 2014503                    /usr/lib/jvm/java-8-openjdk-amd64/jre/lib/amd64/jli/libjli.so
7ff600fa1000-7ff600fa2000 rw-p 0000e000 08:05 2014503                    /usr/lib/jvm/java-8-openjdk-amd64/jre/lib/amd64/jli/libjli.so
7ff600fa2000-7ff600fc5000 r-xp 00000000 08:05 291610                     /lib/x86_64-linux-gnu/ld-2.19.so
7ff600fc5000-7ff600fc6000 r--s 00000000 08:05 132033                     /var/cache/fontconfig/c277e94e32b20404286a1ddafa5a80f0-le64.cache-4
7ff600fc6000-7ff600fc9000 r--s 01f3b000 08:05 2323897                    /usr/local/lib/qtjambi-linux64-community-4.8.7/qtjambi-native-linux64-gcc-4.8.7.jar
7ff600fc9000-7ff600fd3000 r--s 00116000 08:05 2014536                    /usr/lib/jvm/java-8-openjdk-amd64/jre/lib/ext/localedata.jar
7ff600fd3000-7ff600fd4000 r--s 0000a000 08:05 2014532                    /usr/lib/jvm/java-8-openjdk-amd64/jre/lib/ext/jaccess.jar
7ff600fd4000-7ff600fd7000 r--s 0000f000 08:05 2014535                    /usr/lib/jvm/java-8-openjdk-amd64/jre/lib/ext/icedtea-sound.jar
7ff600fd7000-7ff600fdd000 r--s 0003a000 08:05 2014534                    /usr/lib/jvm/java-8-openjdk-amd64/jre/lib/ext/sunjce_provider.jar
7ff600fdd000-7ff600fdf000 r--s 00001000 08:05 2014529                    /usr/lib/jvm/java-8-openjdk-amd64/jre/lib/ext/dnsns.jar
7ff600fdf000-7ff600fe0000 r--s 00010000 08:05 2014533                    /usr/lib/jvm/java-8-openjdk-amd64/jre/lib/ext/zipfs.jar
7ff600fe0000-7ff600fe4000 r--s 00037000 08:05 2014537                    /usr/lib/jvm/java-8-openjdk-amd64/jre/lib/ext/sunpkcs11.jar
7ff600fe4000-7ff601088000 rw-p 00000000 00:00 0 
7ff601088000-7ff60108b000 ---p 00000000 00:00 0 
7ff60108b000-7ff60118e000 rw-p 00000000 00:00 0                          [stack:21044]
7ff60118e000-7ff60118f000 r--s 00008000 08:05 2014531                    /usr/lib/jvm/java-8-openjdk-amd64/jre/lib/ext/sunec.jar
7ff60118f000-7ff601191000 r--s 00006000 08:05 2373239                    /usr/share/java/java-atk-wrapper.jar
7ff601191000-7ff6011b8000 rw-p 00000000 00:00 0 
7ff6011b8000-7ff6011c0000 rw-s 00000000 08:05 1441906                    /tmp/hsperfdata_xy/21042 (deleted)
7ff6011c0000-7ff6011c1000 rw-p 00000000 00:00 0 
7ff6011c1000-7ff6011c2000 ---p 00000000 00:00 0 
7ff6011c2000-7ff6011c4000 rw-p 00000000 00:00 0 
7ff6011c4000-7ff6011c5000 r--p 00022000 08:05 291610                     /lib/x86_64-linux-gnu/ld-2.19.so
7ff6011c5000-7ff6011c6000 rw-p 00023000 08:05 291610                     /lib/x86_64-linux-gnu/ld-2.19.so
7ff6011c6000-7ff6011c7000 rw-p 00000000 00:00 0 
7ffec5136000-7ffec5157000 rw-p 00000000 00:00 0                          [stack]
7ffec51cd000-7ffec51cf000 r--p 00000000 00:00 0                          [vvar]
7ffec51cf000-7ffec51d1000 r-xp 00000000 00:00 0                          [vdso]
ffffffffff600000-ffffffffff601000 r-xp 00000000 00:00 0                  [vsyscall]

VM Arguments:
jvm_args: -Dfile.encoding=UTF-8 
java_command: de.dide.audioPlayer.app.AppAudioPlayer
java_class_path (initial): /home/xy/PROG/workspaces/java/AudioPlayerReally/bin:/usr/local/lib/qtjambi-linux64-community-4.8.7/qtjambi-native-linux64-gcc-4.8.7.jar:/usr/local/lib/qtjambi-linux64-community-4.8.7/qtjambi-examples-src.jar:/usr/local/lib/qtjambi-linux64-community-4.8.7/qtjambi-examples-4.8.7.jar:/usr/local/lib/qtjambi-linux64-community-4.8.7/qtjambi-designer-4.8.7.jar:/usr/local/lib/qtjambi-linux64-community-4.8.7/qtjambi-4.8.7.jar
Launcher Type: SUN_STANDARD

Environment Variables:
JAVA_HOME=/usr/lib/jvm/java-8-openjdk-amd64
PATH=/usr/local/sbin:/usr/local/bin:/usr/sbin:/usr/bin:/sbin:/bin:/usr/games:/usr/local/games:/opt/pychrom-2012/
LD_LIBRARY_PATH=/opt/qt-4.8.7//lib
SHELL=/bin/bash
DISPLAY=:0.0

Signal Handlers:
SIGSEGV: [libjvm.so+0x9f42a0], sa_mask[0]=11111111011111111101111111111110, sa_flags=SA_RESTART|SA_SIGINFO
SIGBUS: [libjvm.so+0x9f42a0], sa_mask[0]=11111111011111111101111111111110, sa_flags=SA_RESTART|SA_SIGINFO
SIGFPE: [libjvm.so+0x8558d0], sa_mask[0]=11111111011111111101111111111110, sa_flags=SA_RESTART|SA_SIGINFO
SIGPIPE: SIG_IGN, sa_mask[0]=00000000000010000000000000000000, sa_flags=SA_RESTART
SIGXFSZ: [libjvm.so+0x8558d0], sa_mask[0]=11111111011111111101111111111110, sa_flags=SA_RESTART|SA_SIGINFO
SIGILL: [libjvm.so+0x8558d0], sa_mask[0]=11111111011111111101111111111110, sa_flags=SA_RESTART|SA_SIGINFO
SIGUSR1: SIG_DFL, sa_mask[0]=00000000000000000000000000000000, sa_flags=none
SIGUSR2: [libjvm.so+0x8557a0], sa_mask[0]=00100000000000000000000000000000, sa_flags=SA_RESTART|SA_SIGINFO
SIGHUP: [libjvm.so+0x855990], sa_mask[0]=11111111011111111101111111111110, sa_flags=SA_RESTART|SA_SIGINFO
SIGINT: [libjvm.so+0x855990], sa_mask[0]=11111111011111111101111111111110, sa_flags=SA_RESTART|SA_SIGINFO
SIGTERM: [libjvm.so+0x855990], sa_mask[0]=11111111011111111101111111111110, sa_flags=SA_RESTART|SA_SIGINFO
SIGQUIT: [libjvm.so+0x855990], sa_mask[0]=11111111011111111101111111111110, sa_flags=SA_RESTART|SA_SIGINFO


---------------  S Y S T E M  ---------------

OS:DISTRIB_ID=Ubuntu
DISTRIB_RELEASE=14.04
DISTRIB_CODENAME=trusty
DISTRIB_DESCRIPTION="Ubuntu 14.04.4 LTS"

uname:Linux 3.19.0-58-generic #64~14.04.1-Ubuntu SMP Fri Mar 18 19:05:43 UTC 2016 x86_64
libc:glibc 2.19 NPTL 2.19 
rlimit: STACK 8192k, CORE 0k, NPROC 31482, NOFILE 4096, AS infinity
load average:0,24 0,47 0,47

/proc/meminfo:
MemTotal:        8090244 kB
MemFree:          539888 kB
MemAvailable:    3915920 kB
Buffers:          218728 kB
Cached:          4046064 kB
SwapCached:            0 kB
Active:          4481852 kB
Inactive:        2682800 kB
Active(anon):    2911340 kB
Inactive(anon):   802704 kB
Active(file):    1570512 kB
Inactive(file):  1880096 kB
Unevictable:        5292 kB
Mlocked:            5292 kB
SwapTotal:             0 kB
SwapFree:              0 kB
Dirty:               224 kB
Writeback:             0 kB
AnonPages:       2915440 kB
Mapped:           634084 kB
Shmem:            810688 kB
Slab:             253112 kB
SReclaimable:     178840 kB
SUnreclaim:        74272 kB
KernelStack:       11104 kB
PageTables:        38280 kB
NFS_Unstable:          0 kB
Bounce:                0 kB
WritebackTmp:          0 kB
CommitLimit:     4045120 kB
Committed_AS:    7909988 kB
VmallocTotal:   34359738367 kB
VmallocUsed:      576668 kB
VmallocChunk:   34359051996 kB
HardwareCorrupted:     0 kB
AnonHugePages:   1323008 kB
CmaTotal:              0 kB
CmaFree:               0 kB
HugePages_Total:       0
HugePages_Free:        0
HugePages_Rsvd:        0
HugePages_Surp:        0
Hugepagesize:       2048 kB
DirectMap4k:      123648 kB
DirectMap2M:     5033984 kB
DirectMap1G:     4194304 kB


CPU:total 8 (4 cores per cpu, 2 threads per core) family 6 model 60 stepping 3, cmov, cx8, fxsr, mmx, sse, sse2, sse3, ssse3, sse4.1, sse4.2, popcnt, avx, avx2, aes, clmul, erms, lzcnt, ht, tsc, tscinvbit, bmi1, bmi2

/proc/cpuinfo:
processor	: 0
vendor_id	: GenuineIntel
cpu family	: 6
model		: 60
model name	: Intel(R) Core(TM) i7-4710HQ CPU @ 2.50GHz
stepping	: 3
microcode	: 0x1c
cpu MHz		: 3338.183
cache size	: 6144 KB
physical id	: 0
siblings	: 8
core id		: 0
cpu cores	: 4
apicid		: 0
initial apicid	: 0
fpu		: yes
fpu_exception	: yes
cpuid level	: 13
wp		: yes
flags		: fpu vme de pse tsc msr pae mce cx8 apic sep mtrr pge mca cmov pat pse36 clflush dts acpi mmx fxsr sse sse2 ss ht tm pbe syscall nx pdpe1gb rdtscp lm constant_tsc arch_perfmon pebs bts rep_good nopl xtopology nonstop_tsc aperfmperf eagerfpu pni pclmulqdq dtes64 monitor ds_cpl vmx est tm2 ssse3 fma cx16 xtpr pdcm pcid sse4_1 sse4_2 x2apic movbe popcnt tsc_deadline_timer aes xsave avx f16c rdrand lahf_lm abm ida arat epb pln pts dtherm tpr_shadow vnmi flexpriority ept vpid fsgsbase tsc_adjust bmi1 avx2 smep bmi2 erms invpcid xsaveopt
bugs		:
bogomips	: 4988.88
clflush size	: 64
cache_alignment	: 64
address sizes	: 39 bits physical, 48 bits virtual
power management:

processor	: 1
vendor_id	: GenuineIntel
cpu family	: 6
model		: 60
model name	: Intel(R) Core(TM) i7-4710HQ CPU @ 2.50GHz
stepping	: 3
microcode	: 0x1c
cpu MHz		: 3301.171
cache size	: 6144 KB
physical id	: 0
siblings	: 8
core id		: 0
cpu cores	: 4
apicid		: 1
initial apicid	: 1
fpu		: yes
fpu_exception	: yes
cpuid level	: 13
wp		: yes
flags		: fpu vme de pse tsc msr pae mce cx8 apic sep mtrr pge mca cmov pat pse36 clflush dts acpi mmx fxsr sse sse2 ss ht tm pbe syscall nx pdpe1gb rdtscp lm constant_tsc arch_perfmon pebs bts rep_good nopl xtopology nonstop_tsc aperfmperf eagerfpu pni pclmulqdq dtes64 monitor ds_cpl vmx est tm2 ssse3 fma cx16 xtpr pdcm pcid sse4_1 sse4_2 x2apic movbe popcnt tsc_deadline_timer aes xsave avx f16c rdrand lahf_lm abm ida arat epb pln pts dtherm tpr_shadow vnmi flexpriority ept vpid fsgsbase tsc_adjust bmi1 avx2 smep bmi2 erms invpcid xsaveopt
bugs		:
bogomips	: 4988.88
clflush size	: 64
cache_alignment	: 64
address sizes	: 39 bits physical, 48 bits virtual
power management:

processor	: 2
vendor_id	: GenuineIntel
cpu family	: 6
model		: 60
model name	: Intel(R) Core(TM) i7-4710HQ CPU @ 2.50GHz
stepping	: 3
microcode	: 0x1c
cpu MHz		: 3397.070
cache size	: 6144 KB
physical id	: 0
siblings	: 8
core id		: 1
cpu cores	: 4
apicid		: 2
initial apicid	: 2
fpu		: yes
fpu_exception	: yes
cpuid level	: 13
wp		: yes
flags		: fpu vme de pse tsc msr pae mce cx8 apic sep mtrr pge mca cmov pat pse36 clflush dts acpi mmx fxsr sse sse2 ss ht tm pbe syscall nx pdpe1gb rdtscp lm constant_tsc arch_perfmon pebs bts rep_good nopl xtopology nonstop_tsc aperfmperf eagerfpu pni pclmulqdq dtes64 monitor ds_cpl vmx est tm2 ssse3 fma cx16 xtpr pdcm pcid sse4_1 sse4_2 x2apic movbe popcnt tsc_deadline_timer aes xsave avx f16c rdrand lahf_lm abm ida arat epb pln pts dtherm tpr_shadow vnmi flexpriority ept vpid fsgsbase tsc_adjust bmi1 avx2 smep bmi2 erms invpcid xsaveopt
bugs		:
bogomips	: 4988.88
clflush size	: 64
cache_alignment	: 64
address sizes	: 39 bits physical, 48 bits virtual
power management:

processor	: 3
vendor_id	: GenuineIntel
cpu family	: 6
model		: 60
model name	: Intel(R) Core(TM) i7-4710HQ CPU @ 2.50GHz
stepping	: 3
microcode	: 0x1c
cpu MHz		: 3300.000
cache size	: 6144 KB
physical id	: 0
siblings	: 8
core id		: 1
cpu cores	: 4
apicid		: 3
initial apicid	: 3
fpu		: yes
fpu_exception	: yes
cpuid level	: 13
wp		: yes
flags		: fpu vme de pse tsc msr pae mce cx8 apic sep mtrr pge mca cmov pat pse36 clflush dts acpi mmx fxsr sse sse2 ss ht tm pbe syscall nx pdpe1gb rdtscp lm constant_tsc arch_perfmon pebs bts rep_good nopl xtopology nonstop_tsc aperfmperf eagerfpu pni pclmulqdq dtes64 monitor ds_cpl vmx est tm2 ssse3 fma cx16 xtpr pdcm pcid sse4_1 sse4_2 x2apic movbe popcnt tsc_deadline_timer aes xsave avx f16c rdrand lahf_lm abm ida arat epb pln pts dtherm tpr_shadow vnmi flexpriority ept vpid fsgsbase tsc_adjust bmi1 avx2 smep bmi2 erms invpcid xsaveopt
bugs		:
bogomips	: 4988.88
clflush size	: 64
cache_alignment	: 64
address sizes	: 39 bits physical, 48 bits virtual
power management:

processor	: 4
vendor_id	: GenuineIntel
cpu family	: 6
model		: 60
model name	: Intel(R) Core(TM) i7-4710HQ CPU @ 2.50GHz
stepping	: 3
microcode	: 0x1c
cpu MHz		: 3301.171
cache size	: 6144 KB
physical id	: 0
siblings	: 8
core id		: 2
cpu cores	: 4
apicid		: 4
initial apicid	: 4
fpu		: yes
fpu_exception	: yes
cpuid level	: 13
wp		: yes
flags		: fpu vme de pse tsc msr pae mce cx8 apic sep mtrr pge mca cmov pat pse36 clflush dts acpi mmx fxsr sse sse2 ss ht tm pbe syscall nx pdpe1gb rdtscp lm constant_tsc arch_perfmon pebs bts rep_good nopl xtopology nonstop_tsc aperfmperf eagerfpu pni pclmulqdq dtes64 monitor ds_cpl vmx est tm2 ssse3 fma cx16 xtpr pdcm pcid sse4_1 sse4_2 x2apic movbe popcnt tsc_deadline_timer aes xsave avx f16c rdrand lahf_lm abm ida arat epb pln pts dtherm tpr_shadow vnmi flexpriority ept vpid fsgsbase tsc_adjust bmi1 avx2 smep bmi2 erms invpcid xsaveopt
bugs		:
bogomips	: 4988.88
clflush size	: 64
cache_alignment	: 64
address sizes	: 39 bits physical, 48 bits virtual
power management:

processor	: 5
vendor_id	: GenuineIntel
cpu family	: 6
model		: 60
model name	: Intel(R) Core(TM) i7-4710HQ CPU @ 2.50GHz
stepping	: 3
microcode	: 0x1c
cpu MHz		: 3300.000
cache size	: 6144 KB
physical id	: 0
siblings	: 8
core id		: 2
cpu cores	: 4
apicid		: 5
initial apicid	: 5
fpu		: yes
fpu_exception	: yes
cpuid level	: 13
wp		: yes
flags		: fpu vme de pse tsc msr pae mce cx8 apic sep mtrr pge mca cmov pat pse36 clflush dts acpi mmx fxsr sse sse2 ss ht tm pbe syscall nx pdpe1gb rdtscp lm constant_tsc arch_perfmon pebs bts rep_good nopl xtopology nonstop_tsc aperfmperf eagerfpu pni pclmulqdq dtes64 monitor ds_cpl vmx est tm2 ssse3 fma cx16 xtpr pdcm pcid sse4_1 sse4_2 x2apic movbe popcnt tsc_deadline_timer aes xsave avx f16c rdrand lahf_lm abm ida arat epb pln pts dtherm tpr_shadow vnmi flexpriority ept vpid fsgsbase tsc_adjust bmi1 avx2 smep bmi2 erms invpcid xsaveopt
bugs		:
bogomips	: 4988.88
clflush size	: 64
cache_alignment	: 64
address sizes	: 39 bits physical, 48 bits virtual
power management:

processor	: 6
vendor_id	: GenuineIntel
cpu family	: 6
model		: 60
model name	: Intel(R) Core(TM) i7-4710HQ CPU @ 2.50GHz
stepping	: 3
microcode	: 0x1c
cpu MHz		: 3337.109
cache size	: 6144 KB
physical id	: 0
siblings	: 8
core id		: 3
cpu cores	: 4
apicid		: 6
initial apicid	: 6
fpu		: yes
fpu_exception	: yes
cpuid level	: 13
wp		: yes
flags		: fpu vme de pse tsc msr pae mce cx8 apic sep mtrr pge mca cmov pat pse36 clflush dts acpi mmx fxsr sse sse2 ss ht tm pbe syscall nx pdpe1gb rdtscp lm constant_tsc arch_perfmon pebs bts rep_good nopl xtopology nonstop_tsc aperfmperf eagerfpu pni pclmulqdq dtes64 monitor ds_cpl vmx est tm2 ssse3 fma cx16 xtpr pdcm pcid sse4_1 sse4_2 x2apic movbe popcnt tsc_deadline_timer aes xsave avx f16c rdrand lahf_lm abm ida arat epb pln pts dtherm tpr_shadow vnmi flexpriority ept vpid fsgsbase tsc_adjust bmi1 avx2 smep bmi2 erms invpcid xsaveopt
bugs		:
bogomips	: 4988.88
clflush size	: 64
cache_alignment	: 64
address sizes	: 39 bits physical, 48 bits virtual
power management:

processor	: 7
vendor_id	: GenuineIntel
cpu family	: 6
model		: 60
model name	: Intel(R) Core(TM) i7-4710HQ CPU @ 2.50GHz
stepping	: 3
microcode	: 0x1c
cpu MHz		: 3302.539
cache size	: 6144 KB
physical id	: 0
siblings	: 8
core id		: 3
cpu cores	: 4
apicid		: 7
initial apicid	: 7
fpu		: yes
fpu_exception	: yes
cpuid level	: 13
wp		: yes
flags		: fpu vme de pse tsc msr pae mce cx8 apic sep mtrr pge mca cmov pat pse36 clflush dts acpi mmx fxsr sse sse2 ss ht tm pbe syscall nx pdpe1gb rdtscp lm constant_tsc arch_perfmon pebs bts rep_good nopl xtopology nonstop_tsc aperfmperf eagerfpu pni pclmulqdq dtes64 monitor ds_cpl vmx est tm2 ssse3 fma cx16 xtpr pdcm pcid sse4_1 sse4_2 x2apic movbe popcnt tsc_deadline_timer aes xsave avx f16c rdrand lahf_lm abm ida arat epb pln pts dtherm tpr_shadow vnmi flexpriority ept vpid fsgsbase tsc_adjust bmi1 avx2 smep bmi2 erms invpcid xsaveopt
bugs		:
bogomips	: 4988.88
clflush size	: 64
cache_alignment	: 64
address sizes	: 39 bits physical, 48 bits virtual
power management:



Memory: 4k page, physical 8090244k(539888k free), swap 0k(0k free)

vm_info: OpenJDK 64-Bit Server VM (25.72-b15) for linux-amd64 JRE (1.8.0_72-internal-b15), built on Jan 28 2016 23:42:34 by "buildd" with gcc 4.8.2

time: Sun Apr 17 02:44:58 2016
elapsed time: 0 seconds (0d 0h 0m 0s)

