#
# A fatal error has been detected by the Java Runtime Environment:
#
#  SIGSEGV (0xb) at pc=0x00007fa81788ef37, pid=18765, tid=140361603847936
#
# JRE version: OpenJDK Runtime Environment (8.0_72-b15) (build 1.8.0_72-internal-b15)
# Java VM: OpenJDK 64-Bit Server VM (25.72-b15 mixed mode linux-amd64 compressed oops)
# Problematic frame:
# C  [libqtjambi.so.1+0x20f37]  qtjambishell_signals_cleanup(QtJambiSignalInfo*, int)+0x37
#
# Failed to write core dump. Core dumps have been disabled. To enable core dumping, try "ulimit -c unlimited" before starting Java again
#
# If you would like to submit a bug report, please visit:
#   http://bugreport.java.com/bugreport/crash.jsp
#

---------------  T H R E A D  ---------------

Current thread is native thread

siginfo: si_signo: 11 (SIGSEGV), si_code: 1 (SEGV_MAPERR), si_addr: 0x0000000000000000

Registers:
RAX=0x0000000000000000, RBX=0x00007fa8747064a0, RCX=0x00007fa8740e61e0, RDX=0x00007fa874000040
RSP=0x00007fa87b898a00, RBP=0x0000000000000000, RSI=0x00007fa874077978, RDI=0x0000000000000000
R8 =0x000000000000ff00, R9 =0x00007fa8740e6240, R10=0x00007fa87b168fb0, R11=0x000000000000000e
R12=0x00007fa874706510, R13=0x00007fa8744aad90, R14=0x00007fa7e0003db0, R15=0x00007fa8744c7080
RIP=0x00007fa81788ef37, EFLAGS=0x0000000000010206, CSGSFS=0x0000000000000033, ERR=0x0000000000000004
  TRAPNO=0x000000000000000e

Top of Stack: (sp=0x00007fa87b898a00)
0x00007fa87b898a00:   00007fa8744c7080 00007fa7e0003db0
0x00007fa87b898a10:   00007fa8744c7080 00007fa80b7f0070
0x00007fa87b898a20:   0000000021913d0e 00007fa8744c7080
0x00007fa87b898a30:   00007fa7e0003db0 00007fa80b7f00a9
0x00007fa87b898a40:   00007fa8744c7080 00007fa83c252940
0x00007fa87b898a50:   0000000000000000 00007fa87b898ae0
0x00007fa87b898a60:   0000000000000000 00007fa874383f48
0x00007fa87b898a70:   00007fa8743840e0 00007fa87b898a90
0x00007fa87b898a80:   000000001807d129 00007fa80b4035ed
0x00007fa87b898a90:   00000000ffffffff 00007fa87400a000
0x00007fa87b898aa0:   00007fa8166c3fb8 00007fa874371ef0
0x00007fa87b898ab0:   00007fa87b898be0 00007fa8740032a0
0x00007fa87b898ac0:   00007fa8740032b0 0000000084824570
0x00007fa87b898ad0:   00007fa87400a000 00007fa87a08f83c
0x00007fa87b898ae0:   00007fa87a630bda 3fd485bb760d4d70
0x00007fa87b898af0:   0000000000000000 0000003000000018
0x00007fa87b898b00:   00007fa87b898bf0 00007fa80bfca950
0x00007fa87b898b10:   0000000000000000 00007fa8744b4620
0x00007fa87b898b20:   00007fa7e0003db0 00007fa8744c7080
0x00007fa87b898b30:   00007fa8744aad90 00007fa81687b273
0x00007fa87b898b40:   00007fa800000005 0000000000000000
0x00007fa87b898b50:   00007fa8740076c0 00007fa8166c3fb8
0x00007fa87b898b60:   00007fa8744c7080 00007fa7e0003db0
0x00007fa87b898b70:   00007fa8744b4620 00007fa87b6c9515
0x00007fa87b898b80:   00007fa8746df5c0 0000000000000001
0x00007fa87b898b90:   00007fa7e0003db0 00007fa8744c7080
0x00007fa87b898ba0:   00007fa7e0003db0 00007fa8744b4620
0x00007fa87b898bb0:   00007fa8744aad90 00007fa7e0003db0
0x00007fa87b898bc0:   00007fa8744c7080 00007fa81687628c
0x00007fa87b898bd0:   0000000100000000 00007fa8744c7080
0x00007fa87b898be0:   00007fa8744c7080 00007fa8744c7080
0x00007fa87b898bf0:   00007fa8744aad90 00007fa81687c84a 

Instructions: (pc=0x00007fa81788ef37)
0x00007fa81788ef17:   24 ff 48 89 c5 48 c1 e6 04 4c 8d 64 33 10 0f 1f
0x00007fa81788ef27:   00 48 83 7b 08 00 74 24 48 8b 33 48 85 f6 74 14
0x00007fa81788ef37:   48 8b 45 00 48 89 ef ff 90 18 07 00 00 48 c7 03
0x00007fa81788ef47:   00 00 00 00 48 c7 43 08 00 00 00 00 48 83 c3 10 

Register to memory mapping:

RAX=0x0000000000000000 is an unknown value
RBX=0x00007fa8747064a0 is an unknown value
RCX=0x00007fa8740e61e0 is an unknown value
RDX=0x00007fa874000040 is an unknown value
RSP=0x00007fa87b898a00 is an unknown value
RBP=0x0000000000000000 is an unknown value
RSI=0x00007fa874077978 is a weak global jni handle
RDI=0x0000000000000000 is an unknown value
R8 =0x000000000000ff00 is an unknown value
R9 =0x00007fa8740e6240 is an unknown value
R10=0x00007fa87b168fb0: <offset 0x89fb0> in /lib/x86_64-linux-gnu/libc.so.6 at 0x00007fa87b0df000
R11=0x000000000000000e is an unknown value
R12=0x00007fa874706510 is an unknown value
R13=0x00007fa8744aad90 is an unknown value
R14=0x00007fa7e0003db0 is an unknown value
R15=0x00007fa8744c7080 is an unknown value


Stack: [0x00007fa87b799000,0x00007fa87b89a000],  sp=0x00007fa87b898a00,  free space=1022k
Native frames: (J=compiled Java code, j=interpreted, Vv=VM code, C=native code)
C  [libqtjambi.so.1+0x20f37]  qtjambishell_signals_cleanup(QtJambiSignalInfo*, int)+0x37

[error occurred during error reporting (printing native stack), id 0xb]


---------------  P R O C E S S  ---------------

VM state:at safepoint (shutting down)

VM Mutex/Monitor currently owned by a thread:  ([mutex/lock_event])
[0x00007fa8740064b0] Threads_lock - owner thread: 0x00007fa87407f800

Heap:
 PSYoungGen      total 36864K, used 1270K [0x00000000d6d80000, 0x00000000d9680000, 0x0000000100000000)
  eden space 31744K, 4% used [0x00000000d6d80000,0x00000000d6ebd8f8,0x00000000d8c80000)
  from space 5120K, 0% used [0x00000000d9180000,0x00000000d9180000,0x00000000d9680000)
  to   space 5120K, 0% used [0x00000000d8c80000,0x00000000d8c80000,0x00000000d9180000)
 ParOldGen       total 84992K, used 720K [0x0000000084800000, 0x0000000089b00000, 0x00000000d6d80000)
  object space 84992K, 0% used [0x0000000084800000,0x00000000848b40f0,0x0000000089b00000)
 Metaspace       used 6192K, capacity 6384K, committed 6656K, reserved 1056768K
  class space    used 662K, capacity 684K, committed 768K, reserved 1048576K

Card table byte_map: [0x00007fa864863000,0x00007fa864c40000] byte_map_base: 0x00007fa86443f000

Marking Bits: (ParMarkBitMap*) 0x00007fa87aa89080
 Begin Bits: [0x00007fa840240000, 0x00007fa842120000)
 End Bits:   [0x00007fa842120000, 0x00007fa844000000)

Polling page: 0x00007fa87b8d2000

CodeCache: size=245760Kb used=1669Kb max_used=1669Kb free=244090Kb
 bounds [0x00007fa865000000, 0x00007fa865270000, 0x00007fa874000000]
 total_blobs=565 nmethods=266 adapters=214
 compilation: enabled

Compilation events (10 events):
Event: 0,304 Thread 0x00007fa8740be800  262   !   3       java.lang.ref.ReferenceQueue::enqueue (119 bytes)
Event: 0,304 Thread 0x00007fa8740be800 nmethod 262 0x00007fa86519dc90 code [0x00007fa86519de40, 0x00007fa86519e5a8]
Event: 0,304 Thread 0x00007fa8740be800  263   !   3       java.util.zip.ZipFile$ZipFileInflaterInputStream::close (67 bytes)
Event: 0,305 Thread 0x00007fa8740be800 nmethod 263 0x00007fa8651a0710 code [0x00007fa8651a08e0, 0x00007fa8651a10d8]
Event: 0,305 Thread 0x00007fa8740be800  264       3       java.lang.ref.ReferenceQueue::reallyPoll (66 bytes)
Event: 0,305 Thread 0x00007fa8740be800 nmethod 264 0x00007fa86519d5d0 code [0x00007fa86519d760, 0x00007fa86519dbd0]
Event: 0,305 Thread 0x00007fa8740be800  265       3       java.lang.ref.Finalizer::access$000 (4 bytes)
Event: 0,305 Thread 0x00007fa8740be800 nmethod 265 0x00007fa8651a1490 code [0x00007fa8651a15e0, 0x00007fa8651a1710]
Event: 0,305 Thread 0x00007fa8740be800  266       3       java.lang.ref.Finalizer::access$100 (6 bytes)
Event: 0,305 Thread 0x00007fa8740be800 nmethod 266 0x00007fa8651a1790 code [0x00007fa8651a1900, 0x00007fa8651a1a68]

GC Heap History (8 events):
Event: 0,285 GC heap before
{Heap before GC invocations=1 (full 0):
 PSYoungGen      total 36864K, used 9700K [0x00000000d6d80000, 0x00000000d9680000, 0x0000000100000000)
  eden space 31744K, 30% used [0x00000000d6d80000,0x00000000d76f9070,0x00000000d8c80000)
  from space 5120K, 0% used [0x00000000d9180000,0x00000000d9180000,0x00000000d9680000)
  to   space 5120K, 0% used [0x00000000d8c80000,0x00000000d8c80000,0x00000000d9180000)
 ParOldGen       total 84992K, used 0K [0x0000000084800000, 0x0000000089b00000, 0x00000000d6d80000)
  object space 84992K, 0% used [0x0000000084800000,0x0000000084800000,0x0000000089b00000)
 Metaspace       used 6118K, capacity 6384K, committed 6656K, reserved 1056768K
  class space    used 654K, capacity 684K, committed 768K, reserved 1048576K
Event: 0,288 GC heap after
Heap after GC invocations=1 (full 0):
 PSYoungGen      total 36864K, used 1888K [0x00000000d6d80000, 0x00000000d9680000, 0x0000000100000000)
  eden space 31744K, 0% used [0x00000000d6d80000,0x00000000d6d80000,0x00000000d8c80000)
  from space 5120K, 36% used [0x00000000d8c80000,0x00000000d8e58108,0x00000000d9180000)
  to   space 5120K, 0% used [0x00000000d9180000,0x00000000d9180000,0x00000000d9680000)
 ParOldGen       total 84992K, used 72K [0x0000000084800000, 0x0000000089b00000, 0x00000000d6d80000)
  object space 84992K, 0% used [0x0000000084800000,0x0000000084812010,0x0000000089b00000)
 Metaspace       used 6118K, capacity 6384K, committed 6656K, reserved 1056768K
  class space    used 654K, capacity 684K, committed 768K, reserved 1048576K
}
Event: 0,288 GC heap before
{Heap before GC invocations=2 (full 1):
 PSYoungGen      total 36864K, used 1888K [0x00000000d6d80000, 0x00000000d9680000, 0x0000000100000000)
  eden space 31744K, 0% used [0x00000000d6d80000,0x00000000d6d80000,0x00000000d8c80000)
  from space 5120K, 36% used [0x00000000d8c80000,0x00000000d8e58108,0x00000000d9180000)
  to   space 5120K, 0% used [0x00000000d9180000,0x00000000d9180000,0x00000000d9680000)
 ParOldGen       total 84992K, used 72K [0x0000000084800000, 0x0000000089b00000, 0x00000000d6d80000)
  object space 84992K, 0% used [0x0000000084800000,0x0000000084812010,0x0000000089b00000)
 Metaspace       used 6118K, capacity 6384K, committed 6656K, reserved 1056768K
  class space    used 654K, capacity 684K, committed 768K, reserved 1048576K
Event: 0,303 GC heap after
Heap after GC invocations=2 (full 1):
 PSYoungGen      total 36864K, used 0K [0x00000000d6d80000, 0x00000000d9680000, 0x0000000100000000)
  eden space 31744K, 0% used [0x00000000d6d80000,0x00000000d6d80000,0x00000000d8c80000)
  from space 5120K, 0% used [0x00000000d8c80000,0x00000000d8c80000,0x00000000d9180000)
  to   space 5120K, 0% used [0x00000000d9180000,0x00000000d9180000,0x00000000d9680000)
 ParOldGen       total 84992K, used 1751K [0x0000000084800000, 0x0000000089b00000, 0x00000000d6d80000)
  object space 84992K, 2% used [0x0000000084800000,0x00000000849b5ec8,0x0000000089b00000)
 Metaspace       used 6118K, capacity 6384K, committed 6656K, reserved 1056768K
  class space    used 654K, capacity 684K, committed 768K, reserved 1048576K
}
Event: 0,306 GC heap before
{Heap before GC invocations=3 (full 1):
 PSYoungGen      total 36864K, used 2116K [0x00000000d6d80000, 0x00000000d9680000, 0x0000000100000000)
  eden space 31744K, 6% used [0x00000000d6d80000,0x00000000d6f911b0,0x00000000d8c80000)
  from space 5120K, 0% used [0x00000000d8c80000,0x00000000d8c80000,0x00000000d9180000)
  to   space 5120K, 0% used [0x00000000d9180000,0x00000000d9180000,0x00000000d9680000)
 ParOldGen       total 84992K, used 1751K [0x0000000084800000, 0x0000000089b00000, 0x00000000d6d80000)
  object space 84992K, 2% used [0x0000000084800000,0x00000000849b5ec8,0x0000000089b00000)
 Metaspace       used 6192K, capacity 6384K, committed 6656K, reserved 1056768K
  class space    used 662K, capacity 684K, committed 768K, reserved 1048576K
Event: 0,313 GC heap after
Heap after GC invocations=3 (full 1):
 PSYoungGen      total 36864K, used 288K [0x00000000d6d80000, 0x00000000d9680000, 0x0000000100000000)
  eden space 31744K, 0% used [0x00000000d6d80000,0x00000000d6d80000,0x00000000d8c80000)
  from space 5120K, 5% used [0x00000000d9180000,0x00000000d91c8000,0x00000000d9680000)
  to   space 5120K, 0% used [0x00000000d8c80000,0x00000000d8c80000,0x00000000d9180000)
 ParOldGen       total 84992K, used 1751K [0x0000000084800000, 0x0000000089b00000, 0x00000000d6d80000)
  object space 84992K, 2% used [0x0000000084800000,0x00000000849b5ec8,0x0000000089b00000)
 Metaspace       used 6192K, capacity 6384K, committed 6656K, reserved 1056768K
  class space    used 662K, capacity 684K, committed 768K, reserved 1048576K
}
Event: 0,313 GC heap before
{Heap before GC invocations=4 (full 2):
 PSYoungGen      total 36864K, used 288K [0x00000000d6d80000, 0x00000000d9680000, 0x0000000100000000)
  eden space 31744K, 0% used [0x00000000d6d80000,0x00000000d6d80000,0x00000000d8c80000)
  from space 5120K, 5% used [0x00000000d9180000,0x00000000d91c8000,0x00000000d9680000)
  to   space 5120K, 0% used [0x00000000d8c80000,0x00000000d8c80000,0x00000000d9180000)
 ParOldGen       total 84992K, used 1751K [0x0000000084800000, 0x0000000089b00000, 0x00000000d6d80000)
  object space 84992K, 2% used [0x0000000084800000,0x00000000849b5ec8,0x0000000089b00000)
 Metaspace       used 6192K, capacity 6384K, committed 6656K, reserved 1056768K
  class space    used 662K, capacity 684K, committed 768K, reserved 1048576K
Event: 0,320 GC heap after
Heap after GC invocations=4 (full 2):
 PSYoungGen      total 36864K, used 0K [0x00000000d6d80000, 0x00000000d9680000, 0x0000000100000000)
  eden space 31744K, 0% used [0x00000000d6d80000,0x00000000d6d80000,0x00000000d8c80000)
  from space 5120K, 0% used [0x00000000d9180000,0x00000000d9180000,0x00000000d9680000)
  to   space 5120K, 0% used [0x00000000d8c80000,0x00000000d8c80000,0x00000000d9180000)
 ParOldGen       total 84992K, used 720K [0x0000000084800000, 0x0000000089b00000, 0x00000000d6d80000)
  object space 84992K, 0% used [0x0000000084800000,0x00000000848b40f0,0x0000000089b00000)
 Metaspace       used 6192K, capacity 6384K, committed 6656K, reserved 1056768K
  class space    used 662K, capacity 684K, committed 768K, reserved 1048576K
}

Deoptimization events (1 events):
Event: 0,119 Thread 0x00007fa87400a000 Uncommon trap: reason=unstable_if action=reinterpret pc=0x00007fa865132204 method=java.lang.String.indexOf(II)I @ 49

Internal exceptions (10 events):
Event: 0,078 Thread 0x00007fa87400a000 Exception <a 'java/security/PrivilegedActionException'> (0x00000000d6f7d0c8) thrown at [/build/openjdk-8-YNUxN3/openjdk-8-8u72-b15/src/hotspot/src/share/vm/prims/jvm.cpp, line 1386]
Event: 0,078 Thread 0x00007fa87400a000 Exception <a 'java/security/PrivilegedActionException'> (0x00000000d6f7d2d8) thrown at [/build/openjdk-8-YNUxN3/openjdk-8-8u72-b15/src/hotspot/src/share/vm/prims/jvm.cpp, line 1386]
Event: 0,078 Thread 0x00007fa87400a000 Exception <a 'java/security/PrivilegedActionException'> (0x00000000d6f7f340) thrown at [/build/openjdk-8-YNUxN3/openjdk-8-8u72-b15/src/hotspot/src/share/vm/prims/jvm.cpp, line 1386]
Event: 0,078 Thread 0x00007fa87400a000 Exception <a 'java/security/PrivilegedActionException'> (0x00000000d6f7f550) thrown at [/build/openjdk-8-YNUxN3/openjdk-8-8u72-b15/src/hotspot/src/share/vm/prims/jvm.cpp, line 1386]
Event: 0,079 Thread 0x00007fa87400a000 Exception <a 'java/security/PrivilegedActionException'> (0x00000000d6f80020) thrown at [/build/openjdk-8-YNUxN3/openjdk-8-8u72-b15/src/hotspot/src/share/vm/prims/jvm.cpp, line 1386]
Event: 0,079 Thread 0x00007fa87400a000 Exception <a 'java/security/PrivilegedActionException'> (0x00000000d6f80230) thrown at [/build/openjdk-8-YNUxN3/openjdk-8-8u72-b15/src/hotspot/src/share/vm/prims/jvm.cpp, line 1386]
Event: 0,238 Thread 0x00007fa87400a000 Exception <a 'java/lang/ArrayIndexOutOfBoundsException'> (0x00000000d7371b08) thrown at [/build/openjdk-8-YNUxN3/openjdk-8-8u72-b15/src/hotspot/src/share/vm/runtime/sharedRuntime.cpp, line 605]
Event: 0,239 Thread 0x00007fa87400a000 Exception <a 'java/lang/ArrayIndexOutOfBoundsException'> (0x00000000d73729b0) thrown at [/build/openjdk-8-YNUxN3/openjdk-8-8u72-b15/src/hotspot/src/share/vm/runtime/sharedRuntime.cpp, line 605]
Event: 0,239 Thread 0x00007fa87400a000 Exception <a 'java/lang/ArrayIndexOutOfBoundsException'> (0x00000000d737d340) thrown at [/build/openjdk-8-YNUxN3/openjdk-8-8u72-b15/src/hotspot/src/share/vm/runtime/sharedRuntime.cpp, line 605]
Event: 0,306 Thread 0x00007fa8742fe800 Exception <a 'java/lang/InterruptedException': sleep interrupted> (0x00000000d6ef2668) thrown at [/build/openjdk-8-YNUxN3/openjdk-8-8u72-b15/src/hotspot/src/share/vm/prims/jvm.cpp, line 3215]

Events (10 events):
Event: 0,306 loading class java/util/concurrent/locks/ReentrantReadWriteLock$ReadLock done
Event: 0,306 loading class java/util/concurrent/locks/ReentrantReadWriteLock$WriteLock
Event: 0,306 loading class java/util/concurrent/locks/ReentrantReadWriteLock$WriteLock done
Event: 0,306 Thread 0x00007fa8742fe800 Thread exited: 0x00007fa8742fe800
Event: 0,306 Executing VM operation: ParallelGCSystemGC
Event: 0,320 Executing VM operation: ParallelGCSystemGC done
Event: 0,321 Thread 0x00007fa7e0007800 Thread added: 0x00007fa7e0007800
Event: 0,321 Thread 0x00007fa7e0007800 Thread exited: 0x00007fa7e0007800
Event: 0,321 Thread 0x00007fa87423d800 Thread exited: 0x00007fa87423d800
Event: 0,321 Thread 0x00007fa87400a000 Thread exited: 0x00007fa87400a000


Dynamic libraries:
00400000-00401000 r-xp 00000000 08:05 2002667                            /usr/lib/jvm/java-8-openjdk-amd64/jre/bin/java
00600000-00601000 r--p 00000000 08:05 2002667                            /usr/lib/jvm/java-8-openjdk-amd64/jre/bin/java
00601000-00602000 rw-p 00001000 08:05 2002667                            /usr/lib/jvm/java-8-openjdk-amd64/jre/bin/java
0220e000-0222f000 rw-p 00000000 00:00 0                                  [heap]
84800000-89b00000 rw-p 00000000 00:00 0 
89b00000-d6d80000 ---p 00000000 00:00 0 
d6d80000-d9680000 rw-p 00000000 00:00 0 
d9680000-100000000 ---p 00000000 00:00 0 
100000000-1000c0000 rw-p 00000000 00:00 0 
1000c0000-140000000 ---p 00000000 00:00 0 
7fa7e0000000-7fa7e0036000 rw-p 00000000 00:00 0 
7fa7e0036000-7fa7e4000000 ---p 00000000 00:00 0 
7fa7e4000000-7fa7e4021000 rw-p 00000000 00:00 0 
7fa7e4021000-7fa7e8000000 ---p 00000000 00:00 0 
7fa7e8000000-7fa7e8021000 rw-p 00000000 00:00 0 
7fa7e8021000-7fa7ec000000 ---p 00000000 00:00 0 
7fa7ec000000-7fa7ec022000 rw-p 00000000 00:00 0 
7fa7ec022000-7fa7f0000000 ---p 00000000 00:00 0 
7fa7f0000000-7fa7f0022000 rw-p 00000000 00:00 0 
7fa7f0022000-7fa7f4000000 ---p 00000000 00:00 0 
7fa7f77ff000-7fa7f7800000 ---p 00000000 00:00 0 
7fa7f7800000-7fa7f8000000 rw-p 00000000 00:00 0                          [stack:18794]
7fa7f8000000-7fa7f8022000 rw-p 00000000 00:00 0 
7fa7f8022000-7fa7fc000000 ---p 00000000 00:00 0 
7fa7fc5cf000-7fa7fc5d2000 ---p 00000000 00:00 0 
7fa7fc5d2000-7fa7fc6d0000 rw-p 00000000 00:00 0 
7fa7fc6d0000-7fa7fc6d3000 ---p 00000000 00:00 0 
7fa7fc6d3000-7fa7fc7d1000 rw-p 00000000 00:00 0 
7fa7fc7d1000-7fa7fc7d2000 ---p 00000000 00:00 0 
7fa7fc7d2000-7fa7fcfd2000 rw-p 00000000 00:00 0                          [stack:18793]
7fa7fcfd2000-7fa7fcfd3000 ---p 00000000 00:00 0 
7fa7fcfd3000-7fa7fd7d3000 rw-p 00000000 00:00 0                          [stack:18792]
7fa7fd7d3000-7fa7fd7db000 r-xp 00000000 08:05 266642                     /lib/x86_64-linux-gnu/libnih-dbus.so.1.0.0
7fa7fd7db000-7fa7fd9db000 ---p 00008000 08:05 266642                     /lib/x86_64-linux-gnu/libnih-dbus.so.1.0.0
7fa7fd9db000-7fa7fd9dc000 r--p 00008000 08:05 266642                     /lib/x86_64-linux-gnu/libnih-dbus.so.1.0.0
7fa7fd9dc000-7fa7fd9dd000 rw-p 00009000 08:05 266642                     /lib/x86_64-linux-gnu/libnih-dbus.so.1.0.0
7fa7fd9dd000-7fa7fd9f4000 r-xp 00000000 08:05 266644                     /lib/x86_64-linux-gnu/libnih.so.1.0.0
7fa7fd9f4000-7fa7fdbf3000 ---p 00017000 08:05 266644                     /lib/x86_64-linux-gnu/libnih.so.1.0.0
7fa7fdbf3000-7fa7fdbf4000 r--p 00016000 08:05 266644                     /lib/x86_64-linux-gnu/libnih.so.1.0.0
7fa7fdbf4000-7fa7fdbf5000 rw-p 00017000 08:05 266644                     /lib/x86_64-linux-gnu/libnih.so.1.0.0
7fa7fdbf5000-7fa7fdc0e000 r-xp 00000000 08:05 266694                     /lib/x86_64-linux-gnu/libcgmanager.so.0.0.0
7fa7fdc0e000-7fa7fde0d000 ---p 00019000 08:05 266694                     /lib/x86_64-linux-gnu/libcgmanager.so.0.0.0
7fa7fde0d000-7fa7fde0f000 r--p 00018000 08:05 266694                     /lib/x86_64-linux-gnu/libcgmanager.so.0.0.0
7fa7fde0f000-7fa7fde10000 rw-p 0001a000 08:05 266694                     /lib/x86_64-linux-gnu/libcgmanager.so.0.0.0
7fa7fde10000-7fa7fde20000 r-xp 00000000 08:05 291611                     /lib/x86_64-linux-gnu/libudev.so.1.3.5
7fa7fde20000-7fa7fe01f000 ---p 00010000 08:05 291611                     /lib/x86_64-linux-gnu/libudev.so.1.3.5
7fa7fe01f000-7fa7fe020000 r--p 0000f000 08:05 291611                     /lib/x86_64-linux-gnu/libudev.so.1.3.5
7fa7fe020000-7fa7fe021000 rw-p 00010000 08:05 291611                     /lib/x86_64-linux-gnu/libudev.so.1.3.5
7fa7fe021000-7fa7fe055000 r-xp 00000000 08:05 2229085                    /usr/lib/x86_64-linux-gnu/gvfs/libgvfscommon.so
7fa7fe055000-7fa7fe255000 ---p 00034000 08:05 2229085                    /usr/lib/x86_64-linux-gnu/gvfs/libgvfscommon.so
7fa7fe255000-7fa7fe25a000 r--p 00034000 08:05 2229085                    /usr/lib/x86_64-linux-gnu/gvfs/libgvfscommon.so
7fa7fe25a000-7fa7fe25b000 rw-p 00039000 08:05 2229085                    /usr/lib/x86_64-linux-gnu/gvfs/libgvfscommon.so
7fa7fe25b000-7fa7fe28a000 r-xp 00000000 08:05 2229086                    /usr/lib/x86_64-linux-gnu/gio/modules/libgvfsdbus.so
7fa7fe28a000-7fa7fe48a000 ---p 0002f000 08:05 2229086                    /usr/lib/x86_64-linux-gnu/gio/modules/libgvfsdbus.so
7fa7fe48a000-7fa7fe48b000 r--p 0002f000 08:05 2229086                    /usr/lib/x86_64-linux-gnu/gio/modules/libgvfsdbus.so
7fa7fe48b000-7fa7fe48c000 rw-p 00030000 08:05 2229086                    /usr/lib/x86_64-linux-gnu/gio/modules/libgvfsdbus.so
7fa7fe48c000-7fa7fe48d000 rw-p 00000000 00:00 0 
7fa7fe48d000-7fa7fe4e6000 r-xp 00000000 08:05 1966096                    /usr/lib/x86_64-linux-gnu/libibus-1.0.so.5.0.505
7fa7fe4e6000-7fa7fe6e6000 ---p 00059000 08:05 1966096                    /usr/lib/x86_64-linux-gnu/libibus-1.0.so.5.0.505
7fa7fe6e6000-7fa7fe6e8000 r--p 00059000 08:05 1966096                    /usr/lib/x86_64-linux-gnu/libibus-1.0.so.5.0.505
7fa7fe6e8000-7fa7fe6e9000 rw-p 0005b000 08:05 1966096                    /usr/lib/x86_64-linux-gnu/libibus-1.0.so.5.0.505
7fa7fe6e9000-7fa7fe6ea000 rw-p 00000000 00:00 0 
7fa7fe71e000-7fa7fe724000 r-xp 00000000 08:05 2272368                    /usr/lib/x86_64-linux-gnu/gtk-2.0/2.10.0/immodules/im-ibus.so
7fa7fe724000-7fa7fe924000 ---p 00006000 08:05 2272368                    /usr/lib/x86_64-linux-gnu/gtk-2.0/2.10.0/immodules/im-ibus.so
7fa7fe924000-7fa7fe925000 r--p 00006000 08:05 2272368                    /usr/lib/x86_64-linux-gnu/gtk-2.0/2.10.0/immodules/im-ibus.so
7fa7fe925000-7fa7fe926000 rw-p 00007000 08:05 2272368                    /usr/lib/x86_64-linux-gnu/gtk-2.0/2.10.0/immodules/im-ibus.so
7fa7fe926000-7fa7fe978000 r--p 00000000 08:05 2755111                    /usr/share/fonts/truetype/dejavu/DejaVuSansMono.ttf
7fa7fe978000-7fa7fe97c000 r-xp 00000000 08:05 266613                     /lib/x86_64-linux-gnu/libgpg-error.so.0.10.0
7fa7fe97c000-7fa7feb7b000 ---p 00004000 08:05 266613                     /lib/x86_64-linux-gnu/libgpg-error.so.0.10.0
7fa7feb7b000-7fa7feb7c000 r--p 00003000 08:05 266613                     /lib/x86_64-linux-gnu/libgpg-error.so.0.10.0
7fa7feb7c000-7fa7feb7d000 rw-p 00004000 08:05 266613                     /lib/x86_64-linux-gnu/libgpg-error.so.0.10.0
7fa7feb7d000-7fa7febb8000 r-xp 00000000 08:05 1976261                    /usr/lib/x86_64-linux-gnu/libp11-kit.so.0.0.0
7fa7febb8000-7fa7fedb7000 ---p 0003b000 08:05 1976261                    /usr/lib/x86_64-linux-gnu/libp11-kit.so.0.0.0
7fa7fedb7000-7fa7fedbd000 r--p 0003a000 08:05 1976261                    /usr/lib/x86_64-linux-gnu/libp11-kit.so.0.0.0
7fa7fedbd000-7fa7fedbf000 rw-p 00040000 08:05 1976261                    /usr/lib/x86_64-linux-gnu/libp11-kit.so.0.0.0
7fa7fedbf000-7fa7fedd1000 r-xp 00000000 08:05 1976444                    /usr/lib/x86_64-linux-gnu/libtasn1.so.6.2.0
7fa7fedd1000-7fa7fefd1000 ---p 00012000 08:05 1976444                    /usr/lib/x86_64-linux-gnu/libtasn1.so.6.2.0
7fa7fefd1000-7fa7fefd2000 r--p 00012000 08:05 1976444                    /usr/lib/x86_64-linux-gnu/libtasn1.so.6.2.0
7fa7fefd2000-7fa7fefd3000 rw-p 00013000 08:05 1976444                    /usr/lib/x86_64-linux-gnu/libtasn1.so.6.2.0
7fa7fefd3000-7fa7ff04f000 r-xp 00000000 08:05 262315                     /lib/x86_64-linux-gnu/libgcrypt.so.11.8.2
7fa7ff04f000-7fa7ff24f000 ---p 0007c000 08:05 262315                     /lib/x86_64-linux-gnu/libgcrypt.so.11.8.2
7fa7ff24f000-7fa7ff250000 r--p 0007c000 08:05 262315                     /lib/x86_64-linux-gnu/libgcrypt.so.11.8.2
7fa7ff250000-7fa7ff253000 rw-p 0007d000 08:05 262315                     /lib/x86_64-linux-gnu/libgcrypt.so.11.8.2
7fa7ff253000-7fa7ff274000 r-xp 00000000 08:05 266627                     /lib/x86_64-linux-gnu/liblzma.so.5.0.0
7fa7ff274000-7fa7ff473000 ---p 00021000 08:05 266627                     /lib/x86_64-linux-gnu/liblzma.so.5.0.0
7fa7ff473000-7fa7ff474000 r--p 00020000 08:05 266627                     /lib/x86_64-linux-gnu/liblzma.so.5.0.0
7fa7ff474000-7fa7ff475000 rw-p 00021000 08:05 266627                     /lib/x86_64-linux-gnu/liblzma.so.5.0.0
7fa7ff475000-7fa7ff477000 r-xp 00000000 08:05 291629                     /lib/x86_64-linux-gnu/libutil-2.19.so
7fa7ff477000-7fa7ff676000 ---p 00002000 08:05 291629                     /lib/x86_64-linux-gnu/libutil-2.19.so
7fa7ff676000-7fa7ff677000 r--p 00001000 08:05 291629                     /lib/x86_64-linux-gnu/libutil-2.19.so
7fa7ff677000-7fa7ff678000 rw-p 00002000 08:05 291629                     /lib/x86_64-linux-gnu/libutil-2.19.so
7fa7ff678000-7fa7ff687000 r-xp 00000000 08:05 1975638                    /usr/lib/x86_64-linux-gnu/libavahi-client.so.3.2.9
7fa7ff687000-7fa7ff887000 ---p 0000f000 08:05 1975638                    /usr/lib/x86_64-linux-gnu/libavahi-client.so.3.2.9
7fa7ff887000-7fa7ff888000 r--p 0000f000 08:05 1975638                    /usr/lib/x86_64-linux-gnu/libavahi-client.so.3.2.9
7fa7ff888000-7fa7ff889000 rw-p 00010000 08:05 1975638                    /usr/lib/x86_64-linux-gnu/libavahi-client.so.3.2.9
7fa7ff889000-7fa7ff894000 r-xp 00000000 08:05 1975640                    /usr/lib/x86_64-linux-gnu/libavahi-common.so.3.5.3
7fa7ff894000-7fa7ffa93000 ---p 0000b000 08:05 1975640                    /usr/lib/x86_64-linux-gnu/libavahi-common.so.3.5.3
7fa7ffa93000-7fa7ffa94000 r--p 0000a000 08:05 1975640                    /usr/lib/x86_64-linux-gnu/libavahi-common.so.3.5.3
7fa7ffa94000-7fa7ffa95000 rw-p 0000b000 08:05 1975640                    /usr/lib/x86_64-linux-gnu/libavahi-common.so.3.5.3
7fa7ffa95000-7fa7ffa98000 r-xp 00000000 08:05 1975644                    /usr/lib/x86_64-linux-gnu/libavahi-glib.so.1.0.2
7fa7ffa98000-7fa7ffc97000 ---p 00003000 08:05 1975644                    /usr/lib/x86_64-linux-gnu/libavahi-glib.so.1.0.2
7fa7ffc97000-7fa7ffc98000 r--p 00002000 08:05 1975644                    /usr/lib/x86_64-linux-gnu/libavahi-glib.so.1.0.2
7fa7ffc98000-7fa7ffc99000 rw-p 00003000 08:05 1975644                    /usr/lib/x86_64-linux-gnu/libavahi-glib.so.1.0.2
7fa7ffc99000-7fa7ffdf5000 r-xp 00000000 08:05 1971864                    /usr/lib/x86_64-linux-gnu/libxml2.so.2.9.1
7fa7ffdf5000-7fa7ffff5000 ---p 0015c000 08:05 1971864                    /usr/lib/x86_64-linux-gnu/libxml2.so.2.9.1
7fa7ffff5000-7fa7ffffd000 r--p 0015c000 08:05 1971864                    /usr/lib/x86_64-linux-gnu/libxml2.so.2.9.1
7fa7ffffd000-7fa7fffff000 rw-p 00164000 08:05 1971864                    /usr/lib/x86_64-linux-gnu/libxml2.so.2.9.1
7fa7fffff000-7fa800000000 rw-p 00000000 00:00 0 
7fa800000000-7fa800022000 rw-p 00000000 00:00 0 
7fa800022000-7fa804000000 ---p 00000000 00:00 0 
7fa80402f000-7fa8040e6000 r-xp 00000000 08:05 2041362                    /usr/lib/x86_64-linux-gnu/libgnutls.so.26.22.6
7fa8040e6000-7fa8042e5000 ---p 000b7000 08:05 2041362                    /usr/lib/x86_64-linux-gnu/libgnutls.so.26.22.6
7fa8042e5000-7fa8042eb000 r--p 000b6000 08:05 2041362                    /usr/lib/x86_64-linux-gnu/libgnutls.so.26.22.6
7fa8042eb000-7fa8042ec000 rw-p 000bc000 08:05 2041362                    /usr/lib/x86_64-linux-gnu/libgnutls.so.26.22.6
7fa8042ec000-7fa8042ed000 rw-p 00000000 00:00 0 
7fa8042ed000-7fa804350000 r-xp 00000000 08:05 2002725                    /usr/lib/x86_64-linux-gnu/libgnomevfs-2.so.0.2400.4
7fa804350000-7fa80454f000 ---p 00063000 08:05 2002725                    /usr/lib/x86_64-linux-gnu/libgnomevfs-2.so.0.2400.4
7fa80454f000-7fa804552000 r--p 00062000 08:05 2002725                    /usr/lib/x86_64-linux-gnu/libgnomevfs-2.so.0.2400.4
7fa804552000-7fa804554000 rw-p 00065000 08:05 2002725                    /usr/lib/x86_64-linux-gnu/libgnomevfs-2.so.0.2400.4
7fa804554000-7fa804555000 rw-p 00000000 00:00 0 
7fa804555000-7fa804556000 ---p 00000000 00:00 0 
7fa804556000-7fa804d56000 rw-p 00000000 00:00 0                          [stack:18791]
7fa804d56000-7fa804d57000 ---p 00000000 00:00 0 
7fa804d57000-7fa805557000 rw-p 00000000 00:00 0                          [stack:18790]
7fa805557000-7fa805562000 r-xp 00000000 08:05 2230747                    /usr/lib/x86_64-linux-gnu/gio/modules/libdconfsettings.so
7fa805562000-7fa805762000 ---p 0000b000 08:05 2230747                    /usr/lib/x86_64-linux-gnu/gio/modules/libdconfsettings.so
7fa805762000-7fa805763000 r--p 0000b000 08:05 2230747                    /usr/lib/x86_64-linux-gnu/gio/modules/libdconfsettings.so
7fa805763000-7fa805764000 rw-p 0000c000 08:05 2230747                    /usr/lib/x86_64-linux-gnu/gio/modules/libdconfsettings.so
7fa805764000-7fa80576b000 r-xp 00000000 08:05 1976253                    /usr/lib/x86_64-linux-gnu/libogg.so.0.8.1
7fa80576b000-7fa80596b000 ---p 00007000 08:05 1976253                    /usr/lib/x86_64-linux-gnu/libogg.so.0.8.1
7fa80596b000-7fa80596c000 r--p 00007000 08:05 1976253                    /usr/lib/x86_64-linux-gnu/libogg.so.0.8.1
7fa80596c000-7fa80596d000 rw-p 00008000 08:05 1976253                    /usr/lib/x86_64-linux-gnu/libogg.so.0.8.1
7fa80596d000-7fa805999000 r-xp 00000000 08:05 1976527                    /usr/lib/x86_64-linux-gnu/libvorbis.so.0.4.5
7fa805999000-7fa805b98000 ---p 0002c000 08:05 1976527                    /usr/lib/x86_64-linux-gnu/libvorbis.so.0.4.5
7fa805b98000-7fa805b99000 r--p 0002b000 08:05 1976527                    /usr/lib/x86_64-linux-gnu/libvorbis.so.0.4.5
7fa805b99000-7fa805b9a000 rw-p 0002c000 08:05 1976527                    /usr/lib/x86_64-linux-gnu/libvorbis.so.0.4.5
7fa805b9a000-7fa805ba3000 r-xp 00000000 08:05 1976159                    /usr/lib/x86_64-linux-gnu/libltdl.so.7.3.0
7fa805ba3000-7fa805da2000 ---p 00009000 08:05 1976159                    /usr/lib/x86_64-linux-gnu/libltdl.so.7.3.0
7fa805da2000-7fa805da3000 r--p 00008000 08:05 1976159                    /usr/lib/x86_64-linux-gnu/libltdl.so.7.3.0
7fa805da3000-7fa805da4000 rw-p 00009000 08:05 1976159                    /usr/lib/x86_64-linux-gnu/libltdl.so.7.3.0
7fa805da4000-7fa805db5000 r-xp 00000000 08:05 1976448                    /usr/lib/x86_64-linux-gnu/libtdb.so.1.2.12
7fa805db5000-7fa805fb4000 ---p 00011000 08:05 1976448                    /usr/lib/x86_64-linux-gnu/libtdb.so.1.2.12
7fa805fb4000-7fa805fb5000 r--p 00010000 08:05 1976448                    /usr/lib/x86_64-linux-gnu/libtdb.so.1.2.12
7fa805fb5000-7fa805fb6000 rw-p 00011000 08:05 1976448                    /usr/lib/x86_64-linux-gnu/libtdb.so.1.2.12
7fa805fb6000-7fa805fbd000 r-xp 00000000 08:05 1976531                    /usr/lib/x86_64-linux-gnu/libvorbisfile.so.3.3.4
7fa805fbd000-7fa8061bc000 ---p 00007000 08:05 1976531                    /usr/lib/x86_64-linux-gnu/libvorbisfile.so.3.3.4
7fa8061bc000-7fa8061bd000 r--p 00006000 08:05 1976531                    /usr/lib/x86_64-linux-gnu/libvorbisfile.so.3.3.4
7fa8061bd000-7fa8061be000 rw-p 00007000 08:05 1976531                    /usr/lib/x86_64-linux-gnu/libvorbisfile.so.3.3.4
7fa8061be000-7fa8061cd000 r-xp 00000000 08:05 1975673                    /usr/lib/x86_64-linux-gnu/libcanberra.so.0.2.5
7fa8061cd000-7fa8063cc000 ---p 0000f000 08:05 1975673                    /usr/lib/x86_64-linux-gnu/libcanberra.so.0.2.5
7fa8063cc000-7fa8063cd000 r--p 0000e000 08:05 1975673                    /usr/lib/x86_64-linux-gnu/libcanberra.so.0.2.5
7fa8063cd000-7fa8063ce000 rw-p 0000f000 08:05 1975673                    /usr/lib/x86_64-linux-gnu/libcanberra.so.0.2.5
7fa8063ce000-7fa8063d2000 r-xp 00000000 08:05 1975669                    /usr/lib/x86_64-linux-gnu/libcanberra-gtk.so.0.1.9
7fa8063d2000-7fa8065d1000 ---p 00004000 08:05 1975669                    /usr/lib/x86_64-linux-gnu/libcanberra-gtk.so.0.1.9
7fa8065d1000-7fa8065d2000 r--p 00003000 08:05 1975669                    /usr/lib/x86_64-linux-gnu/libcanberra-gtk.so.0.1.9
7fa8065d2000-7fa8065d3000 rw-p 00004000 08:05 1975669                    /usr/lib/x86_64-linux-gnu/libcanberra-gtk.so.0.1.9
7fa8065d3000-7fa8065d8000 r-xp 00000000 08:05 2231002                    /usr/lib/x86_64-linux-gnu/gtk-2.0/modules/libcanberra-gtk-module.so
7fa8065d8000-7fa8067d7000 ---p 00005000 08:05 2231002                    /usr/lib/x86_64-linux-gnu/gtk-2.0/modules/libcanberra-gtk-module.so
7fa8067d7000-7fa8067d8000 r--p 00004000 08:05 2231002                    /usr/lib/x86_64-linux-gnu/gtk-2.0/modules/libcanberra-gtk-module.so
7fa8067d8000-7fa8067d9000 rw-p 00005000 08:05 2231002                    /usr/lib/x86_64-linux-gnu/gtk-2.0/modules/libcanberra-gtk-module.so
7fa8067d9000-7fa806808000 r-xp 00000000 08:05 2230984                    /usr/lib/x86_64-linux-gnu/gtk-2.0/2.10.0/engines/libmurrine.so
7fa806808000-7fa806a08000 ---p 0002f000 08:05 2230984                    /usr/lib/x86_64-linux-gnu/gtk-2.0/2.10.0/engines/libmurrine.so
7fa806a08000-7fa806a09000 r--p 0002f000 08:05 2230984                    /usr/lib/x86_64-linux-gnu/gtk-2.0/2.10.0/engines/libmurrine.so
7fa806a09000-7fa806a0a000 rw-p 00030000 08:05 2230984                    /usr/lib/x86_64-linux-gnu/gtk-2.0/2.10.0/engines/libmurrine.so
7fa806a0a000-7fa806a1a000 r-xp 00000000 08:05 1976497                    /usr/lib/x86_64-linux-gnu/libunity-gtk2-parser.so.0.0.0
7fa806a1a000-7fa806c19000 ---p 00010000 08:05 1976497                    /usr/lib/x86_64-linux-gnu/libunity-gtk2-parser.so.0.0.0
7fa806c19000-7fa806c1a000 r--p 0000f000 08:05 1976497                    /usr/lib/x86_64-linux-gnu/libunity-gtk2-parser.so.0.0.0
7fa806c1a000-7fa806c1b000 rw-p 00010000 08:05 1976497                    /usr/lib/x86_64-linux-gnu/libunity-gtk2-parser.so.0.0.0
7fa806c1b000-7fa806c20000 r-xp 00000000 08:05 2231006                    /usr/lib/x86_64-linux-gnu/gtk-2.0/modules/libunity-gtk-module.so
7fa806c20000-7fa806e1f000 ---p 00005000 08:05 2231006                    /usr/lib/x86_64-linux-gnu/gtk-2.0/modules/libunity-gtk-module.so
7fa806e1f000-7fa806e20000 r--p 00004000 08:05 2231006                    /usr/lib/x86_64-linux-gnu/gtk-2.0/modules/libunity-gtk-module.so
7fa806e20000-7fa806e21000 rw-p 00005000 08:05 2231006                    /usr/lib/x86_64-linux-gnu/gtk-2.0/modules/libunity-gtk-module.so
7fa806e21000-7fa806e32000 r-xp 00000000 08:05 2231005                    /usr/lib/x86_64-linux-gnu/gtk-2.0/modules/liboverlay-scrollbar.so
7fa806e32000-7fa807031000 ---p 00011000 08:05 2231005                    /usr/lib/x86_64-linux-gnu/gtk-2.0/modules/liboverlay-scrollbar.so
7fa807031000-7fa807032000 r--p 00010000 08:05 2231005                    /usr/lib/x86_64-linux-gnu/gtk-2.0/modules/liboverlay-scrollbar.so
7fa807032000-7fa807033000 rw-p 00011000 08:05 2231005                    /usr/lib/x86_64-linux-gnu/gtk-2.0/modules/liboverlay-scrollbar.so
7fa807033000-7fa807039000 r-xp 00000000 08:05 1975737                    /usr/lib/x86_64-linux-gnu/libdatrie.so.1.3.1
7fa807039000-7fa807238000 ---p 00006000 08:05 1975737                    /usr/lib/x86_64-linux-gnu/libdatrie.so.1.3.1
7fa807238000-7fa807239000 r--p 00005000 08:05 1975737                    /usr/lib/x86_64-linux-gnu/libdatrie.so.1.3.1
7fa807239000-7fa80723a000 rw-p 00006000 08:05 1975737                    /usr/lib/x86_64-linux-gnu/libdatrie.so.1.3.1
7fa80723a000-7fa80725e000 r-xp 00000000 08:05 1967217                    /usr/lib/x86_64-linux-gnu/libgraphite2.so.3.0.1
7fa80725e000-7fa80745d000 ---p 00024000 08:05 1967217                    /usr/lib/x86_64-linux-gnu/libgraphite2.so.3.0.1
7fa80745d000-7fa80745f000 r--p 00023000 08:05 1967217                    /usr/lib/x86_64-linux-gnu/libgraphite2.so.3.0.1
7fa80745f000-7fa807460000 rw-p 00025000 08:05 1967217                    /usr/lib/x86_64-linux-gnu/libgraphite2.so.3.0.1
7fa807460000-7fa807468000 r-xp 00000000 08:05 1976460                    /usr/lib/x86_64-linux-gnu/libthai.so.0.2.0
7fa807468000-7fa807667000 ---p 00008000 08:05 1976460                    /usr/lib/x86_64-linux-gnu/libthai.so.0.2.0
7fa807667000-7fa807668000 r--p 00007000 08:05 1976460                    /usr/lib/x86_64-linux-gnu/libthai.so.0.2.0
7fa807668000-7fa807669000 rw-p 00008000 08:05 1976460                    /usr/lib/x86_64-linux-gnu/libthai.so.0.2.0
7fa807669000-7fa8076bc000 r-xp 00000000 08:05 1976076                    /usr/lib/x86_64-linux-gnu/libharfbuzz.so.0.927.0
7fa8076bc000-7fa8078bc000 ---p 00053000 08:05 1976076                    /usr/lib/x86_64-linux-gnu/libharfbuzz.so.0.927.0
7fa8078bc000-7fa8078bd000 r--p 00053000 08:05 1976076                    /usr/lib/x86_64-linux-gnu/libharfbuzz.so.0.927.0
7fa8078bd000-7fa8078be000 rw-p 00054000 08:05 1976076                    /usr/lib/x86_64-linux-gnu/libharfbuzz.so.0.927.0
7fa8078be000-7fa8078c6000 r-xp 00000000 08:05 1976586                    /usr/lib/x86_64-linux-gnu/libxcb-render.so.0.0.0
7fa8078c6000-7fa807ac5000 ---p 00008000 08:05 1976586                    /usr/lib/x86_64-linux-gnu/libxcb-render.so.0.0.0
7fa807ac5000-7fa807ac6000 r--p 00007000 08:05 1976586                    /usr/lib/x86_64-linux-gnu/libxcb-render.so.0.0.0
7fa807ac6000-7fa807ac7000 rw-p 00008000 08:05 1976586                    /usr/lib/x86_64-linux-gnu/libxcb-render.so.0.0.0
7fa807ac7000-7fa807ac9000 r-xp 00000000 08:05 1976590                    /usr/lib/x86_64-linux-gnu/libxcb-shm.so.0.0.0
7fa807ac9000-7fa807cc8000 ---p 00002000 08:05 1976590                    /usr/lib/x86_64-linux-gnu/libxcb-shm.so.0.0.0
7fa807cc8000-7fa807cc9000 r--p 00001000 08:05 1976590                    /usr/lib/x86_64-linux-gnu/libxcb-shm.so.0.0.0
7fa807cc9000-7fa807cca000 rw-p 00002000 08:05 1976590                    /usr/lib/x86_64-linux-gnu/libxcb-shm.so.0.0.0
7fa807cca000-7fa807d6a000 r-xp 00000000 08:05 1967035                    /usr/lib/x86_64-linux-gnu/libpixman-1.so.0.30.2
7fa807d6a000-7fa807f6a000 ---p 000a0000 08:05 1967035                    /usr/lib/x86_64-linux-gnu/libpixman-1.so.0.30.2
7fa807f6a000-7fa807f71000 r--p 000a0000 08:05 1967035                    /usr/lib/x86_64-linux-gnu/libpixman-1.so.0.30.2
7fa807f71000-7fa807f72000 rw-p 000a7000 08:05 1967035                    /usr/lib/x86_64-linux-gnu/libpixman-1.so.0.30.2
7fa807f72000-7fa807f74000 r-xp 00000000 08:05 1975543                    /usr/lib/x86_64-linux-gnu/libXdamage.so.1.1.0
7fa807f74000-7fa808173000 ---p 00002000 08:05 1975543                    /usr/lib/x86_64-linux-gnu/libXdamage.so.1.1.0
7fa808173000-7fa808174000 r--p 00001000 08:05 1975543                    /usr/lib/x86_64-linux-gnu/libXdamage.so.1.1.0
7fa808174000-7fa808175000 rw-p 00002000 08:05 1975543                    /usr/lib/x86_64-linux-gnu/libXdamage.so.1.1.0
7fa808175000-7fa808177000 r-xp 00000000 08:05 1975539                    /usr/lib/x86_64-linux-gnu/libXcomposite.so.1.0.0
7fa808177000-7fa808376000 ---p 00002000 08:05 1975539                    /usr/lib/x86_64-linux-gnu/libXcomposite.so.1.0.0
7fa808376000-7fa808377000 r--p 00001000 08:05 1975539                    /usr/lib/x86_64-linux-gnu/libXcomposite.so.1.0.0
7fa808377000-7fa808378000 rw-p 00002000 08:05 1975539                    /usr/lib/x86_64-linux-gnu/libXcomposite.so.1.0.0
7fa808378000-7fa8083c2000 r-xp 00000000 08:05 1976269                    /usr/lib/x86_64-linux-gnu/libpango-1.0.so.0.3600.3
7fa8083c2000-7fa8085c2000 ---p 0004a000 08:05 1976269                    /usr/lib/x86_64-linux-gnu/libpango-1.0.so.0.3600.3
7fa8085c2000-7fa8085c4000 r--p 0004a000 08:05 1976269                    /usr/lib/x86_64-linux-gnu/libpango-1.0.so.0.3600.3
7fa8085c4000-7fa8085c5000 rw-p 0004c000 08:05 1976269                    /usr/lib/x86_64-linux-gnu/libpango-1.0.so.0.3600.3
7fa8085c5000-7fa8085d9000 r-xp 00000000 08:05 1976273                    /usr/lib/x86_64-linux-gnu/libpangoft2-1.0.so.0.3600.3
7fa8085d9000-7fa8087d8000 ---p 00014000 08:05 1976273                    /usr/lib/x86_64-linux-gnu/libpangoft2-1.0.so.0.3600.3
7fa8087d8000-7fa8087d9000 r--p 00013000 08:05 1976273                    /usr/lib/x86_64-linux-gnu/libpangoft2-1.0.so.0.3600.3
7fa8087d9000-7fa8087da000 rw-p 00014000 08:05 1976273                    /usr/lib/x86_64-linux-gnu/libpangoft2-1.0.so.0.3600.3
7fa8087da000-7fa8087fa000 r-xp 00000000 08:05 1974780                    /usr/lib/x86_64-linux-gnu/libgdk_pixbuf-2.0.so.0.3000.7
7fa8087fa000-7fa8089f9000 ---p 00020000 08:05 1974780                    /usr/lib/x86_64-linux-gnu/libgdk_pixbuf-2.0.so.0.3000.7
7fa8089f9000-7fa8089fa000 r--p 0001f000 08:05 1974780                    /usr/lib/x86_64-linux-gnu/libgdk_pixbuf-2.0.so.0.3000.7
7fa8089fa000-7fa8089fb000 rw-p 00020000 08:05 1974780                    /usr/lib/x86_64-linux-gnu/libgdk_pixbuf-2.0.so.0.3000.7
7fa8089fb000-7fa808b01000 r-xp 00000000 08:05 1975665                    /usr/lib/x86_64-linux-gnu/libcairo.so.2.11301.0
7fa808b01000-7fa808d00000 ---p 00106000 08:05 1975665                    /usr/lib/x86_64-linux-gnu/libcairo.so.2.11301.0
7fa808d00000-7fa808d03000 r--p 00105000 08:05 1975665                    /usr/lib/x86_64-linux-gnu/libcairo.so.2.11301.0
7fa808d03000-7fa808d04000 rw-p 00108000 08:05 1975665                    /usr/lib/x86_64-linux-gnu/libcairo.so.2.11301.0
7fa808d04000-7fa808d06000 rw-p 00000000 00:00 0 
7fa808d06000-7fa808d25000 r-xp 00000000 08:05 1975626                    /usr/lib/x86_64-linux-gnu/libatk-1.0.so.0.21009.1
7fa808d25000-7fa808f25000 ---p 0001f000 08:05 1975626                    /usr/lib/x86_64-linux-gnu/libatk-1.0.so.0.21009.1
7fa808f25000-7fa808f27000 r--p 0001f000 08:05 1975626                    /usr/lib/x86_64-linux-gnu/libatk-1.0.so.0.21009.1
7fa808f27000-7fa808f28000 rw-p 00021000 08:05 1975626                    /usr/lib/x86_64-linux-gnu/libatk-1.0.so.0.21009.1
7fa808f28000-7fa808f33000 r-xp 00000000 08:05 1976271                    /usr/lib/x86_64-linux-gnu/libpangocairo-1.0.so.0.3600.3
7fa808f33000-7fa809133000 ---p 0000b000 08:05 1976271                    /usr/lib/x86_64-linux-gnu/libpangocairo-1.0.so.0.3600.3
7fa809133000-7fa809134000 r--p 0000b000 08:05 1976271                    /usr/lib/x86_64-linux-gnu/libpangocairo-1.0.so.0.3600.3
7fa809134000-7fa809135000 rw-p 0000c000 08:05 1976271                    /usr/lib/x86_64-linux-gnu/libpangocairo-1.0.so.0.3600.3
7fa809135000-7fa8091e2000 r-xp 00000000 08:05 1966562                    /usr/lib/x86_64-linux-gnu/libgdk-x11-2.0.so.0.2400.23
7fa8091e2000-7fa8093e2000 ---p 000ad000 08:05 1966562                    /usr/lib/x86_64-linux-gnu/libgdk-x11-2.0.so.0.2400.23
7fa8093e2000-7fa8093e6000 r--p 000ad000 08:05 1966562                    /usr/lib/x86_64-linux-gnu/libgdk-x11-2.0.so.0.2400.23
7fa8093e6000-7fa8093e8000 rw-p 000b1000 08:05 1966562                    /usr/lib/x86_64-linux-gnu/libgdk-x11-2.0.so.0.2400.23
7fa8093e8000-7fa809818000 r-xp 00000000 08:05 1974789                    /usr/lib/x86_64-linux-gnu/libgtk-x11-2.0.so.0.2400.23
7fa809818000-7fa809a17000 ---p 00430000 08:05 1974789                    /usr/lib/x86_64-linux-gnu/libgtk-x11-2.0.so.0.2400.23
7fa809a17000-7fa809a1e000 r--p 0042f000 08:05 1974789                    /usr/lib/x86_64-linux-gnu/libgtk-x11-2.0.so.0.2400.23
7fa809a1e000-7fa809a22000 rw-p 00436000 08:05 1974789                    /usr/lib/x86_64-linux-gnu/libgtk-x11-2.0.so.0.2400.23
7fa809a22000-7fa809a25000 rw-p 00000000 00:00 0 
7fa809a25000-7fa809a3c000 r-xp 00000000 08:05 262311                     /lib/x86_64-linux-gnu/libresolv-2.19.so
7fa809a3c000-7fa809c3c000 ---p 00017000 08:05 262311                     /lib/x86_64-linux-gnu/libresolv-2.19.so
7fa809c3c000-7fa809c3d000 r--p 00017000 08:05 262311                     /lib/x86_64-linux-gnu/libresolv-2.19.so
7fa809c3d000-7fa809c3e000 rw-p 00018000 08:05 262311                     /lib/x86_64-linux-gnu/libresolv-2.19.so
7fa809c3e000-7fa809c40000 rw-p 00000000 00:00 0 
7fa809c40000-7fa809c60000 r-xp 00000000 08:05 266710                     /lib/x86_64-linux-gnu/libselinux.so.1
7fa809c60000-7fa809e5f000 ---p 00020000 08:05 266710                     /lib/x86_64-linux-gnu/libselinux.so.1
7fa809e5f000-7fa809e60000 r--p 0001f000 08:05 266710                     /lib/x86_64-linux-gnu/libselinux.so.1
7fa809e60000-7fa809e61000 rw-p 00020000 08:05 266710                     /lib/x86_64-linux-gnu/libselinux.so.1
7fa809e61000-7fa809e63000 rw-p 00000000 00:00 0 
7fa809e63000-7fa809fcf000 r-xp 00000000 08:05 1975917                    /usr/lib/x86_64-linux-gnu/libgio-2.0.so.0.4002.0
7fa809fcf000-7fa80a1ce000 ---p 0016c000 08:05 1975917                    /usr/lib/x86_64-linux-gnu/libgio-2.0.so.0.4002.0
7fa80a1ce000-7fa80a1d2000 r--p 0016b000 08:05 1975917                    /usr/lib/x86_64-linux-gnu/libgio-2.0.so.0.4002.0
7fa80a1d2000-7fa80a1d4000 rw-p 0016f000 08:05 1975917                    /usr/lib/x86_64-linux-gnu/libgio-2.0.so.0.4002.0
7fa80a1d4000-7fa80a1d6000 rw-p 00000000 00:00 0 
7fa80a1d6000-7fa80a21a000 r-xp 00000000 08:05 266594                     /lib/x86_64-linux-gnu/libdbus-1.so.3.7.6
7fa80a21a000-7fa80a419000 ---p 00044000 08:05 266594                     /lib/x86_64-linux-gnu/libdbus-1.so.3.7.6
7fa80a419000-7fa80a41a000 r--p 00043000 08:05 266594                     /lib/x86_64-linux-gnu/libdbus-1.so.3.7.6
7fa80a41a000-7fa80a41b000 rw-p 00044000 08:05 266594                     /lib/x86_64-linux-gnu/libdbus-1.so.3.7.6
7fa80a41b000-7fa80a440000 r-xp 00000000 08:05 1975740                    /usr/lib/x86_64-linux-gnu/libdbus-glib-1.so.2.2.2
7fa80a440000-7fa80a640000 ---p 00025000 08:05 1975740                    /usr/lib/x86_64-linux-gnu/libdbus-glib-1.so.2.2.2
7fa80a640000-7fa80a641000 r--p 00025000 08:05 1975740                    /usr/lib/x86_64-linux-gnu/libdbus-glib-1.so.2.2.2
7fa80a641000-7fa80a642000 rw-p 00026000 08:05 1975740                    /usr/lib/x86_64-linux-gnu/libdbus-glib-1.so.2.2.2
7fa80a642000-7fa80a645000 r-xp 00000000 08:05 1975929                    /usr/lib/x86_64-linux-gnu/libgmodule-2.0.so.0.4002.0
7fa80a645000-7fa80a844000 ---p 00003000 08:05 1975929                    /usr/lib/x86_64-linux-gnu/libgmodule-2.0.so.0.4002.0
7fa80a844000-7fa80a845000 r--p 00002000 08:05 1975929                    /usr/lib/x86_64-linux-gnu/libgmodule-2.0.so.0.4002.0
7fa80a845000-7fa80a846000 rw-p 00003000 08:05 1975929                    /usr/lib/x86_64-linux-gnu/libgmodule-2.0.so.0.4002.0
7fa80a846000-7fa80a874000 r-xp 00000000 08:05 1975877                    /usr/lib/x86_64-linux-gnu/libgconf-2.so.4.1.5
7fa80a874000-7fa80aa73000 ---p 0002e000 08:05 1975877                    /usr/lib/x86_64-linux-gnu/libgconf-2.so.4.1.5
7fa80aa73000-7fa80aa74000 r--p 0002d000 08:05 1975877                    /usr/lib/x86_64-linux-gnu/libgconf-2.so.4.1.5
7fa80aa74000-7fa80aa75000 rw-p 0002e000 08:05 1975877                    /usr/lib/x86_64-linux-gnu/libgconf-2.so.4.1.5
7fa80aa75000-7fa80aa84000 r-xp 00000000 08:05 1975555                    /usr/lib/x86_64-linux-gnu/libXi.so.6.1.0
7fa80aa84000-7fa80ac83000 ---p 0000f000 08:05 1975555                    /usr/lib/x86_64-linux-gnu/libXi.so.6.1.0
7fa80ac83000-7fa80ac84000 r--p 0000e000 08:05 1975555                    /usr/lib/x86_64-linux-gnu/libXi.so.6.1.0
7fa80ac84000-7fa80ac85000 rw-p 0000f000 08:05 1975555                    /usr/lib/x86_64-linux-gnu/libXi.so.6.1.0
7fa80ac85000-7fa80ac87000 r-xp 00000000 08:05 1975557                    /usr/lib/x86_64-linux-gnu/libXinerama.so.1.0.0
7fa80ac87000-7fa80ae86000 ---p 00002000 08:05 1975557                    /usr/lib/x86_64-linux-gnu/libXinerama.so.1.0.0
7fa80ae86000-7fa80ae87000 r--p 00001000 08:05 1975557                    /usr/lib/x86_64-linux-gnu/libXinerama.so.1.0.0
7fa80ae87000-7fa80ae88000 rw-p 00002000 08:05 1975557                    /usr/lib/x86_64-linux-gnu/libXinerama.so.1.0.0
7fa80ae88000-7fa80ae91000 r-xp 00000000 08:05 1975541                    /usr/lib/x86_64-linux-gnu/libXcursor.so.1.0.2
7fa80ae91000-7fa80b090000 ---p 00009000 08:05 1975541                    /usr/lib/x86_64-linux-gnu/libXcursor.so.1.0.2
7fa80b090000-7fa80b091000 r--p 00008000 08:05 1975541                    /usr/lib/x86_64-linux-gnu/libXcursor.so.1.0.2
7fa80b091000-7fa80b092000 rw-p 00009000 08:05 1975541                    /usr/lib/x86_64-linux-gnu/libXcursor.so.1.0.2
7fa80b092000-7fa80b097000 r-xp 00000000 08:05 1975549                    /usr/lib/x86_64-linux-gnu/libXfixes.so.3.1.0
7fa80b097000-7fa80b296000 ---p 00005000 08:05 1975549                    /usr/lib/x86_64-linux-gnu/libXfixes.so.3.1.0
7fa80b296000-7fa80b297000 r--p 00004000 08:05 1975549                    /usr/lib/x86_64-linux-gnu/libXfixes.so.3.1.0
7fa80b297000-7fa80b298000 rw-p 00005000 08:05 1975549                    /usr/lib/x86_64-linux-gnu/libXfixes.so.3.1.0
7fa80b298000-7fa80bd9f000 r-xp 00000000 08:05 1441888                    /tmp/QtJambi_xy_amd64_4.8.7_gcc-20150613-2146/lib/libcom_trolltech_qt_gui.so.1
7fa80bd9f000-7fa80bf9e000 ---p 00b07000 08:05 1441888                    /tmp/QtJambi_xy_amd64_4.8.7_gcc-20150613-2146/lib/libcom_trolltech_qt_gui.so.1
7fa80bf9e000-7fa80bfc4000 r--p 00b06000 08:05 1441888                    /tmp/QtJambi_xy_amd64_4.8.7_gcc-20150613-2146/lib/libcom_trolltech_qt_gui.so.1
7fa80bfc4000-7fa80bff9000 rw-p 00b2c000 08:05 1441888                    /tmp/QtJambi_xy_amd64_4.8.7_gcc-20150613-2146/lib/libcom_trolltech_qt_gui.so.1
7fa80bff9000-7fa80c000000 rw-p 00000000 00:00 0 
7fa80c000000-7fa80c021000 rw-p 00000000 00:00 0 
7fa80c021000-7fa810000000 ---p 00000000 00:00 0 
7fa810000000-7fa810021000 rw-p 00000000 00:00 0 
7fa810021000-7fa814000000 ---p 00000000 00:00 0 
7fa814030000-7fa814087000 r--p 00000000 08:05 2755274                    /usr/share/fonts/truetype/ubuntu-font-family/Ubuntu-R.ttf
7fa814087000-7fa8140c8000 r--p 00000000 08:05 2365784                    /usr/share/glib-2.0/schemas/gschemas.compiled
7fa8140c8000-7fa8140e2000 r--p 00000000 08:05 2375351                    /usr/share/locale-langpack/de/LC_MESSAGES/glib20.mo
7fa8140e2000-7fa81410b000 r--p 00000000 08:05 2375439                    /usr/share/locale-langpack/de/LC_MESSAGES/gtk20-properties.mo
7fa81410b000-7fa814114000 r-xp 00000000 08:05 1975567                    /usr/lib/x86_64-linux-gnu/libXrandr.so.2.2.0
7fa814114000-7fa814313000 ---p 00009000 08:05 1975567                    /usr/lib/x86_64-linux-gnu/libXrandr.so.2.2.0
7fa814313000-7fa814314000 r--p 00008000 08:05 1975567                    /usr/lib/x86_64-linux-gnu/libXrandr.so.2.2.0
7fa814314000-7fa814315000 rw-p 00009000 08:05 1975567                    /usr/lib/x86_64-linux-gnu/libXrandr.so.2.2.0
7fa814323000-7fa814349000 r--p 00000000 08:05 2375139                    /usr/share/locale-langpack/de/LC_MESSAGES/libc.mo
7fa814349000-7fa81434c000 r-xp 00000000 08:05 2272458                    /usr/lib/x86_64-linux-gnu/gconv/UTF-16.so
7fa81434c000-7fa81454b000 ---p 00003000 08:05 2272458                    /usr/lib/x86_64-linux-gnu/gconv/UTF-16.so
7fa81454b000-7fa81454c000 r--p 00002000 08:05 2272458                    /usr/lib/x86_64-linux-gnu/gconv/UTF-16.so
7fa81454c000-7fa81454d000 rw-p 00003000 08:05 2272458                    /usr/lib/x86_64-linux-gnu/gconv/UTF-16.so
7fa81454d000-7fa814552000 r-xp 00000000 08:05 1975545                    /usr/lib/x86_64-linux-gnu/libXdmcp.so.6.0.0
7fa814552000-7fa814751000 ---p 00005000 08:05 1975545                    /usr/lib/x86_64-linux-gnu/libXdmcp.so.6.0.0
7fa814751000-7fa814752000 r--p 00004000 08:05 1975545                    /usr/lib/x86_64-linux-gnu/libXdmcp.so.6.0.0
7fa814752000-7fa814753000 rw-p 00005000 08:05 1975545                    /usr/lib/x86_64-linux-gnu/libXdmcp.so.6.0.0
7fa814753000-7fa814755000 r-xp 00000000 08:05 1975534                    /usr/lib/x86_64-linux-gnu/libXau.so.6.0.0
7fa814755000-7fa814955000 ---p 00002000 08:05 1975534                    /usr/lib/x86_64-linux-gnu/libXau.so.6.0.0
7fa814955000-7fa814956000 r--p 00002000 08:05 1975534                    /usr/lib/x86_64-linux-gnu/libXau.so.6.0.0
7fa814956000-7fa814957000 rw-p 00003000 08:05 1975534                    /usr/lib/x86_64-linux-gnu/libXau.so.6.0.0
7fa814957000-7fa814974000 r-xp 00000000 08:05 1976600                    /usr/lib/x86_64-linux-gnu/libxcb.so.1.1.0
7fa814974000-7fa814b74000 ---p 0001d000 08:05 1976600                    /usr/lib/x86_64-linux-gnu/libxcb.so.1.1.0
7fa814b74000-7fa814b75000 r--p 0001d000 08:05 1976600                    /usr/lib/x86_64-linux-gnu/libxcb.so.1.1.0
7fa814b75000-7fa814b76000 rw-p 0001e000 08:05 1976600                    /usr/lib/x86_64-linux-gnu/libxcb.so.1.1.0
7fa814b76000-7fa814b9d000 r-xp 00000000 08:05 266714                     /lib/x86_64-linux-gnu/libexpat.so.1.6.0
7fa814b9d000-7fa814d9d000 ---p 00027000 08:05 266714                     /lib/x86_64-linux-gnu/libexpat.so.1.6.0
7fa814d9d000-7fa814d9f000 r--p 00027000 08:05 266714                     /lib/x86_64-linux-gnu/libexpat.so.1.6.0
7fa814d9f000-7fa814da0000 rw-p 00029000 08:05 266714                     /lib/x86_64-linux-gnu/libexpat.so.1.6.0
7fa814da0000-7fa814da4000 r-xp 00000000 08:05 266599                     /lib/x86_64-linux-gnu/libuuid.so.1.3.0
7fa814da4000-7fa814fa3000 ---p 00004000 08:05 266599                     /lib/x86_64-linux-gnu/libuuid.so.1.3.0
7fa814fa3000-7fa814fa4000 r--p 00003000 08:05 266599                     /lib/x86_64-linux-gnu/libuuid.so.1.3.0
7fa814fa4000-7fa814fa5000 rw-p 00004000 08:05 266599                     /lib/x86_64-linux-gnu/libuuid.so.1.3.0
7fa814fa5000-7fa814fac000 r-xp 00000000 08:05 1966620                    /usr/lib/x86_64-linux-gnu/libffi.so.6.0.1
7fa814fac000-7fa8151ab000 ---p 00007000 08:05 1966620                    /usr/lib/x86_64-linux-gnu/libffi.so.6.0.1
7fa8151ab000-7fa8151ac000 r--p 00006000 08:05 1966620                    /usr/lib/x86_64-linux-gnu/libffi.so.6.0.1
7fa8151ac000-7fa8151ad000 rw-p 00007000 08:05 1966620                    /usr/lib/x86_64-linux-gnu/libffi.so.6.0.1
7fa8151ad000-7fa8151d2000 r-xp 00000000 08:05 262316                     /lib/x86_64-linux-gnu/libpng12.so.0.50.0
7fa8151d2000-7fa8153d1000 ---p 00025000 08:05 262316                     /lib/x86_64-linux-gnu/libpng12.so.0.50.0
7fa8153d1000-7fa8153d2000 r--p 00024000 08:05 262316                     /lib/x86_64-linux-gnu/libpng12.so.0.50.0
7fa8153d2000-7fa8153d3000 rw-p 00025000 08:05 262316                     /lib/x86_64-linux-gnu/libpng12.so.0.50.0
7fa8153d3000-7fa815503000 r-xp 00000000 08:05 1975530                    /usr/lib/x86_64-linux-gnu/libX11.so.6.3.0
7fa815503000-7fa815703000 ---p 00130000 08:05 1975530                    /usr/lib/x86_64-linux-gnu/libX11.so.6.3.0
7fa815703000-7fa815704000 r--p 00130000 08:05 1975530                    /usr/lib/x86_64-linux-gnu/libX11.so.6.3.0
7fa815704000-7fa815708000 rw-p 00131000 08:05 1975530                    /usr/lib/x86_64-linux-gnu/libX11.so.6.3.0
7fa815708000-7fa815719000 r-xp 00000000 08:05 1975547                    /usr/lib/x86_64-linux-gnu/libXext.so.6.4.0
7fa815719000-7fa815918000 ---p 00011000 08:05 1975547                    /usr/lib/x86_64-linux-gnu/libXext.so.6.4.0
7fa815918000-7fa815919000 r--p 00010000 08:05 1975547                    /usr/lib/x86_64-linux-gnu/libXext.so.6.4.0
7fa815919000-7fa81591a000 rw-p 00011000 08:05 1975547                    /usr/lib/x86_64-linux-gnu/libXext.so.6.4.0
7fa81591a000-7fa815954000 r-xp 00000000 08:05 1975830                    /usr/lib/x86_64-linux-gnu/libfontconfig.so.1.8.0
7fa815954000-7fa815b53000 ---p 0003a000 08:05 1975830                    /usr/lib/x86_64-linux-gnu/libfontconfig.so.1.8.0
7fa815b53000-7fa815b55000 r--p 00039000 08:05 1975830                    /usr/lib/x86_64-linux-gnu/libfontconfig.so.1.8.0
7fa815b55000-7fa815b56000 rw-p 0003b000 08:05 1975830                    /usr/lib/x86_64-linux-gnu/libfontconfig.so.1.8.0
7fa815b56000-7fa815b5f000 r-xp 00000000 08:05 1975569                    /usr/lib/x86_64-linux-gnu/libXrender.so.1.3.0
7fa815b5f000-7fa815d5e000 ---p 00009000 08:05 1975569                    /usr/lib/x86_64-linux-gnu/libXrender.so.1.3.0
7fa815d5e000-7fa815d5f000 r--p 00008000 08:05 1975569                    /usr/lib/x86_64-linux-gnu/libXrender.so.1.3.0
7fa815d5f000-7fa815d60000 rw-p 00009000 08:05 1975569                    /usr/lib/x86_64-linux-gnu/libXrender.so.1.3.0
7fa815d60000-7fa815d77000 r-xp 00000000 08:05 1975404                    /usr/lib/x86_64-linux-gnu/libICE.so.6.3.0
7fa815d77000-7fa815f76000 ---p 00017000 08:05 1975404                    /usr/lib/x86_64-linux-gnu/libICE.so.6.3.0
7fa815f76000-7fa815f77000 r--p 00016000 08:05 1975404                    /usr/lib/x86_64-linux-gnu/libICE.so.6.3.0
7fa815f77000-7fa815f78000 rw-p 00017000 08:05 1975404                    /usr/lib/x86_64-linux-gnu/libICE.so.6.3.0
7fa815f78000-7fa815f7c000 rw-p 00000000 00:00 0 
7fa815f7c000-7fa815f83000 r-xp 00000000 08:05 1975526                    /usr/lib/x86_64-linux-gnu/libSM.so.6.0.1
7fa815f83000-7fa816182000 ---p 00007000 08:05 1975526                    /usr/lib/x86_64-linux-gnu/libSM.so.6.0.1
7fa816182000-7fa816183000 r--p 00006000 08:05 1975526                    /usr/lib/x86_64-linux-gnu/libSM.so.6.0.1
7fa816183000-7fa816184000 rw-p 00007000 08:05 1975526                    /usr/lib/x86_64-linux-gnu/libSM.so.6.0.1
7fa816184000-7fa8161d3000 r-xp 00000000 08:05 1975945                    /usr/lib/x86_64-linux-gnu/libgobject-2.0.so.0.4002.0
7fa8161d3000-7fa8163d3000 ---p 0004f000 08:05 1975945                    /usr/lib/x86_64-linux-gnu/libgobject-2.0.so.0.4002.0
7fa8163d3000-7fa8163d4000 r--p 0004f000 08:05 1975945                    /usr/lib/x86_64-linux-gnu/libgobject-2.0.so.0.4002.0
7fa8163d4000-7fa8163d5000 rw-p 00050000 08:05 1975945                    /usr/lib/x86_64-linux-gnu/libgobject-2.0.so.0.4002.0
7fa8163d5000-7fa816472000 r-xp 00000000 08:05 1974776                    /usr/lib/x86_64-linux-gnu/libfreetype.so.6.11.1
7fa816472000-7fa816671000 ---p 0009d000 08:05 1974776                    /usr/lib/x86_64-linux-gnu/libfreetype.so.6.11.1
7fa816671000-7fa816677000 r--p 0009c000 08:05 1974776                    /usr/lib/x86_64-linux-gnu/libfreetype.so.6.11.1
7fa816677000-7fa816678000 rw-p 000a2000 08:05 1974776                    /usr/lib/x86_64-linux-gnu/libfreetype.so.6.11.1
7fa816678000-7fa817123000 r-xp 00000000 08:05 1441826                    /tmp/QtJambi_xy_amd64_4.8.7_gcc-20150613-2146/lib/libQtGui.so.4
7fa817123000-7fa817322000 ---p 00aab000 08:05 1441826                    /tmp/QtJambi_xy_amd64_4.8.7_gcc-20150613-2146/lib/libQtGui.so.4
7fa817322000-7fa817364000 r--p 00aaa000 08:05 1441826                    /tmp/QtJambi_xy_amd64_4.8.7_gcc-20150613-2146/lib/libQtGui.so.4
7fa817364000-7fa817378000 rw-p 00aec000 08:05 1441826                    /tmp/QtJambi_xy_amd64_4.8.7_gcc-20150613-2146/lib/libQtGui.so.4
7fa817378000-7fa81737b000 rw-p 00000000 00:00 0 
7fa81737b000-7fa81755a000 r-xp 00000000 08:05 1441887                    /tmp/QtJambi_xy_amd64_4.8.7_gcc-20150613-2146/lib/libcom_trolltech_qt_core.so.1
7fa81755a000-7fa817759000 ---p 001df000 08:05 1441887                    /tmp/QtJambi_xy_amd64_4.8.7_gcc-20150613-2146/lib/libcom_trolltech_qt_core.so.1
7fa817759000-7fa817764000 r--p 001de000 08:05 1441887                    /tmp/QtJambi_xy_amd64_4.8.7_gcc-20150613-2146/lib/libcom_trolltech_qt_core.so.1
7fa817764000-7fa81776d000 rw-p 001e9000 08:05 1441887                    /tmp/QtJambi_xy_amd64_4.8.7_gcc-20150613-2146/lib/libcom_trolltech_qt_core.so.1
7fa81776d000-7fa817770000 ---p 00000000 00:00 0 
7fa817770000-7fa81786e000 rw-p 00000000 00:00 0 
7fa81786e000-7fa8178b7000 r-xp 00000000 08:05 1441886                    /tmp/QtJambi_xy_amd64_4.8.7_gcc-20150613-2146/lib/libqtjambi.so.1
7fa8178b7000-7fa817ab7000 ---p 00049000 08:05 1441886                    /tmp/QtJambi_xy_amd64_4.8.7_gcc-20150613-2146/lib/libqtjambi.so.1
7fa817ab7000-7fa817ab8000 r--p 00049000 08:05 1441886                    /tmp/QtJambi_xy_amd64_4.8.7_gcc-20150613-2146/lib/libqtjambi.so.1
7fa817ab8000-7fa817ab9000 rw-p 0004a000 08:05 1441886                    /tmp/QtJambi_xy_amd64_4.8.7_gcc-20150613-2146/lib/libqtjambi.so.1
7fa817ab9000-7fa817aba000 rw-p 00000000 00:00 0 
7fa817aba000-7fa817af7000 r-xp 00000000 08:05 262321                     /lib/x86_64-linux-gnu/libpcre.so.3.13.1
7fa817af7000-7fa817cf6000 ---p 0003d000 08:05 262321                     /lib/x86_64-linux-gnu/libpcre.so.3.13.1
7fa817cf6000-7fa817cf7000 r--p 0003c000 08:05 262321                     /lib/x86_64-linux-gnu/libpcre.so.3.13.1
7fa817cf7000-7fa817cf8000 rw-p 0003d000 08:05 262321                     /lib/x86_64-linux-gnu/libpcre.so.3.13.1
7fa817cf8000-7fa817dfe000 r-xp 00000000 08:05 266611                     /lib/x86_64-linux-gnu/libglib-2.0.so.0.4002.0
7fa817dfe000-7fa817ffd000 ---p 00106000 08:05 266611                     /lib/x86_64-linux-gnu/libglib-2.0.so.0.4002.0
7fa817ffd000-7fa817ffe000 r--p 00105000 08:05 266611                     /lib/x86_64-linux-gnu/libglib-2.0.so.0.4002.0
7fa817ffe000-7fa817fff000 rw-p 00106000 08:05 266611                     /lib/x86_64-linux-gnu/libglib-2.0.so.0.4002.0
7fa817fff000-7fa818000000 rw-p 00000000 00:00 0 
7fa818000000-7fa8181a1000 rw-p 00000000 00:00 0 
7fa8181a1000-7fa81c000000 ---p 00000000 00:00 0 
7fa81c000000-7fa81c021000 rw-p 00000000 00:00 0 
7fa81c021000-7fa820000000 ---p 00000000 00:00 0 
7fa820000000-7fa820021000 rw-p 00000000 00:00 0 
7fa820021000-7fa824000000 ---p 00000000 00:00 0 
7fa824000000-7fa824026000 rw-p 00000000 00:00 0 
7fa824026000-7fa828000000 ---p 00000000 00:00 0 
7fa828000000-7fa828021000 rw-p 00000000 00:00 0 
7fa828021000-7fa82c000000 ---p 00000000 00:00 0 
7fa82c000000-7fa82c077000 rw-p 00000000 00:00 0 
7fa82c077000-7fa830000000 ---p 00000000 00:00 0 
7fa830000000-7fa830021000 rw-p 00000000 00:00 0 
7fa830021000-7fa834000000 ---p 00000000 00:00 0 
7fa834000000-7fa834021000 rw-p 00000000 00:00 0 
7fa834021000-7fa838000000 ---p 00000000 00:00 0 
7fa838000000-7fa838021000 rw-p 00000000 00:00 0 
7fa838021000-7fa83c000000 ---p 00000000 00:00 0 
7fa83c005000-7fa83c008000 r--p 00000000 08:05 2375374                    /usr/share/locale-langpack/de/LC_MESSAGES/atk10.mo
7fa83c008000-7fa83c00f000 r--p 00000000 00:1c 1790340                    /home/xy/.config/dconf/user
7fa83c00f000-7fa83c010000 r--s 00000000 00:17 257144                     /run/user/1000/dconf/user
7fa83c010000-7fa83c01f000 r--p 00000000 08:05 2375312                    /usr/share/locale-langpack/de/LC_MESSAGES/gtk20.mo
7fa83c01f000-7fa83c020000 r--s 00000000 08:05 132036                     /var/cache/fontconfig/087e1975ba9a574b140bb1df193bf770-le64.cache-4
7fa83c020000-7fa83c021000 r--s 00000000 08:05 136382                     /var/cache/fontconfig/c05880de57d1f5e948fdfacc138775d9-le64.cache-4
7fa83c021000-7fa83c02c000 r--s 00000000 08:05 136376                     /var/cache/fontconfig/945677eb7aeaf62f1d50efc3fb3ec7d8-le64.cache-4
7fa83c02c000-7fa83c032000 r--s 00000000 08:05 136362                     /var/cache/fontconfig/2cd17615ca594fa2959ae173292e504c-le64.cache-4
7fa83c032000-7fa83c033000 r--s 00000000 08:05 136392                     /var/cache/fontconfig/e7071f4a29fa870f4323321c154eba04-le64.cache-4
7fa83c033000-7fa83c034000 r--s 00000000 08:05 136359                     /var/cache/fontconfig/0d8c3b2ac0904cb8a57a757ad11a4a08-le64.cache-4
7fa83c034000-7fa83c03b000 r--s 00000000 08:05 136379                     /var/cache/fontconfig/a755afe4a08bf5b97852ceb7400b47bc-le64.cache-4
7fa83c03b000-7fa83c047000 r--s 00000000 08:05 132780                     /var/cache/fontconfig/6d41288fd70b0be22e8c3a91e032eec0-le64.cache-4
7fa83c047000-7fa83c05b000 r--s 00000000 08:05 136357                     /var/cache/fontconfig/04aabc0a78ac019cf9454389977116d2-le64.cache-4
7fa83c05b000-7fa83c05c000 r--s 00000000 08:05 136361                     /var/cache/fontconfig/1ac9eb803944fde146138c791f5cc56a-le64.cache-4
7fa83c05c000-7fa83c060000 r--s 00000000 08:05 136365                     /var/cache/fontconfig/385c0604a188198f04d133e54aba7fe7-le64.cache-4
7fa83c060000-7fa83c061000 r--s 00000000 08:05 136389                     /var/cache/fontconfig/dc05db6664285cc2f12bf69c139ae4c3-le64.cache-4
7fa83c061000-7fa83c063000 r--s 00000000 08:05 136373                     /var/cache/fontconfig/767a8244fc0220cfb567a839d0392e0b-le64.cache-4
7fa83c063000-7fa83c064000 r--s 00000000 08:05 132081                     /var/cache/fontconfig/4794a0821666d79190d59a36cb4f44b5-le64.cache-4
7fa83c064000-7fa83c069000 r--s 00000000 08:05 136375                     /var/cache/fontconfig/8801497958630a81b71ace7c5f9b32a8-le64.cache-4
7fa83c069000-7fa83c06d000 r--s 00000000 08:05 131984                     /var/cache/fontconfig/c57959a16110560c8d0fcea73374aeeb-le64.cache-4
7fa83c06d000-7fa83c074000 r--s 00000000 08:05 136363                     /var/cache/fontconfig/3047814df9a2f067bd2d96a2b9c36e5a-le64.cache-4
7fa83c074000-7fa83c075000 r--s 00000000 08:05 136369                     /var/cache/fontconfig/56cf4f4769d0f4abc89a4895d7bd3ae1-le64.cache-4
7fa83c075000-7fa83c07b000 r--s 00000000 08:05 136380                     /var/cache/fontconfig/b47c4e1ecd0709278f4910c18777a504-le64.cache-4
7fa83c07b000-7fa83c08e000 r--s 00000000 08:05 136386                     /var/cache/fontconfig/d52a8644073d54c13679302ca1180695-le64.cache-4
7fa83c08e000-7fa83c097000 r--s 00000000 08:05 136366                     /var/cache/fontconfig/3f7329c5293ffd510edef78f73874cfd-le64.cache-4
7fa83c097000-7fa83c0a2000 r--s 00000000 08:05 132132                     /var/cache/fontconfig/d589a48862398ed80a3d6066f4f56f4c-le64.cache-4
7fa83c0a2000-7fa83c0ab000 r--s 00000000 08:05 131983                     /var/cache/fontconfig/d0972c3d32f097851eb916381fc38920-le64.cache-4
7fa83c0ab000-7fa83c0ae000 r--s 00000000 08:05 131608                     /var/cache/fontconfig/e13b20fdb08344e0e664864cc2ede53d-le64.cache-4
7fa83c0ae000-7fa83c0b2000 r--s 00000000 08:05 131875                     /var/cache/fontconfig/7ef2298fde41cc6eeb7af42e48b7d293-le64.cache-4
7fa83c0b2000-7fa83c392000 r-xp 00000000 08:05 1441825                    /tmp/QtJambi_xy_amd64_4.8.7_gcc-20150613-2146/lib/libQtCore.so.4
7fa83c392000-7fa83c592000 ---p 002e0000 08:05 1441825                    /tmp/QtJambi_xy_amd64_4.8.7_gcc-20150613-2146/lib/libQtCore.so.4
7fa83c592000-7fa83c59d000 r--p 002e0000 08:05 1441825                    /tmp/QtJambi_xy_amd64_4.8.7_gcc-20150613-2146/lib/libQtCore.so.4
7fa83c59d000-7fa83c5a2000 rw-p 002eb000 08:05 1441825                    /tmp/QtJambi_xy_amd64_4.8.7_gcc-20150613-2146/lib/libQtCore.so.4
7fa83c5a2000-7fa83c5a3000 rw-p 00000000 00:00 0 
7fa83c5a3000-7fa83c5cf000 r--s 002ff000 08:05 2323893                    /usr/local/lib/qtjambi-linux64-community-4.8.7/qtjambi-4.8.7.jar
7fa83c5cf000-7fa83c5dd000 r--s 00474000 08:05 2323895                    /usr/local/lib/qtjambi-linux64-community-4.8.7/qtjambi-examples-4.8.7.jar
7fa83c5dd000-7fa83c5f9000 r--s 00393000 08:05 2014530                    /usr/lib/jvm/java-8-openjdk-amd64/jre/lib/ext/cldrdata.jar
7fa83c5f9000-7fa83c614000 r--s 001d7000 08:05 2014528                    /usr/lib/jvm/java-8-openjdk-amd64/jre/lib/ext/nashorn.jar
7fa83c614000-7fa83c615000 ---p 00000000 00:00 0 
7fa83c615000-7fa83c715000 rw-p 00000000 00:00 0 
7fa83c715000-7fa83c718000 ---p 00000000 00:00 0 
7fa83c718000-7fa83c816000 rw-p 00000000 00:00 0                          [stack:18787]
7fa83c816000-7fa83c819000 ---p 00000000 00:00 0 
7fa83c819000-7fa83c917000 rw-p 00000000 00:00 0                          [stack:18786]
7fa83c917000-7fa83c91a000 ---p 00000000 00:00 0 
7fa83c91a000-7fa83ca18000 rw-p 00000000 00:00 0                          [stack:18785]
7fa83ca18000-7fa83ca1b000 ---p 00000000 00:00 0 
7fa83ca1b000-7fa83cb19000 rw-p 00000000 00:00 0                          [stack:18784]
7fa83cb19000-7fa83cb1c000 ---p 00000000 00:00 0 
7fa83cb1c000-7fa83cc1a000 rw-p 00000000 00:00 0                          [stack:18783]
7fa83cc1a000-7fa83cc1d000 ---p 00000000 00:00 0 
7fa83cc1d000-7fa83cd1b000 rw-p 00000000 00:00 0                          [stack:18782]
7fa83cd1b000-7fa83d571000 r--p 00000000 08:05 1974234                    /usr/lib/locale/locale-archive
7fa83d571000-7fa83d574000 ---p 00000000 00:00 0 
7fa83d574000-7fa83d672000 rw-p 00000000 00:00 0                          [stack:18781]
7fa83d672000-7fa83d675000 ---p 00000000 00:00 0 
7fa83d675000-7fa83d773000 rw-p 00000000 00:00 0                          [stack:18780]
7fa83d773000-7fa83d774000 ---p 00000000 00:00 0 
7fa83d774000-7fa83f497000 rw-p 00000000 00:00 0 
7fa83f497000-7fa83f664000 r--s 03be5000 08:05 2014519                    /usr/lib/jvm/java-8-openjdk-amd64/jre/lib/rt.jar
7fa83f664000-7fa83fc24000 rw-p 00000000 00:00 0 
7fa83fc24000-7fa83fe64000 ---p 00000000 00:00 0 
7fa83fe64000-7fa844000000 rw-p 00000000 00:00 0 
7fa844000000-7fa844021000 rw-p 00000000 00:00 0 
7fa844021000-7fa848000000 ---p 00000000 00:00 0 
7fa848000000-7fa848021000 rw-p 00000000 00:00 0 
7fa848021000-7fa84c000000 ---p 00000000 00:00 0 
7fa84c000000-7fa84c021000 rw-p 00000000 00:00 0 
7fa84c021000-7fa850000000 ---p 00000000 00:00 0 
7fa850000000-7fa850021000 rw-p 00000000 00:00 0 
7fa850021000-7fa854000000 ---p 00000000 00:00 0 
7fa854000000-7fa854021000 rw-p 00000000 00:00 0 
7fa854021000-7fa858000000 ---p 00000000 00:00 0 
7fa858000000-7fa858021000 rw-p 00000000 00:00 0 
7fa858021000-7fa85c000000 ---p 00000000 00:00 0 
7fa85c000000-7fa85c021000 rw-p 00000000 00:00 0 
7fa85c021000-7fa860000000 ---p 00000000 00:00 0 
7fa860000000-7fa860021000 rw-p 00000000 00:00 0 
7fa860021000-7fa864000000 ---p 00000000 00:00 0 
7fa864000000-7fa864001000 r--s 00000000 08:05 136381                     /var/cache/fontconfig/b9d506c9ac06c20b433354fa67a72993-le64.cache-4
7fa864001000-7fa864002000 r--s 00000000 08:05 132035                     /var/cache/fontconfig/8a687c406b77f27d99abfeeba937fcce-le64.cache-4
7fa864002000-7fa86400e000 r--s 00437000 08:05 2323896                    /usr/local/lib/qtjambi-linux64-community-4.8.7/qtjambi-examples-src.jar
7fa86400e000-7fa86405b000 rw-p 00000000 00:00 0 
7fa86405b000-7fa86405c000 ---p 00000000 00:00 0 
7fa86405c000-7fa86415c000 rw-p 00000000 00:00 0                          [stack:18778]
7fa86415c000-7fa86415d000 ---p 00000000 00:00 0 
7fa86415d000-7fa86425d000 rw-p 00000000 00:00 0                          [stack:18777]
7fa86425d000-7fa86425e000 ---p 00000000 00:00 0 
7fa86425e000-7fa86435e000 rw-p 00000000 00:00 0                          [stack:18776]
7fa86435e000-7fa86435f000 ---p 00000000 00:00 0 
7fa86435f000-7fa86445f000 rw-p 00000000 00:00 0                          [stack:18775]
7fa86445f000-7fa864460000 ---p 00000000 00:00 0 
7fa864460000-7fa864560000 rw-p 00000000 00:00 0                          [stack:18774]
7fa864560000-7fa864561000 ---p 00000000 00:00 0 
7fa864561000-7fa864661000 rw-p 00000000 00:00 0                          [stack:18773]
7fa864661000-7fa864662000 ---p 00000000 00:00 0 
7fa864662000-7fa864762000 rw-p 00000000 00:00 0                          [stack:18772]
7fa864762000-7fa864763000 ---p 00000000 00:00 0 
7fa864763000-7fa86488d000 rw-p 00000000 00:00 0                          [stack:18771]
7fa86488d000-7fa864af5000 ---p 00000000 00:00 0 
7fa864af5000-7fa864b0b000 rw-p 00000000 00:00 0 
7fa864b0b000-7fa864c3f000 ---p 00000000 00:00 0 
7fa864c3f000-7fa864c4a000 rw-p 00000000 00:00 0 
7fa864c4a000-7fa865000000 ---p 00000000 00:00 0 
7fa865000000-7fa865270000 rwxp 00000000 00:00 0 
7fa865270000-7fa874000000 ---p 00000000 00:00 0 
7fa874000000-7fa8747f7000 rw-p 00000000 00:00 0 
7fa8747f7000-7fa878000000 ---p 00000000 00:00 0 
7fa878000000-7fa878001000 r--s 00000000 08:05 136358                     /var/cache/fontconfig/0c9eb80ebd1c36541ebe2852d3bb0c49-le64.cache-4
7fa878001000-7fa878008000 r--s 00000000 08:05 2272386                    /usr/lib/x86_64-linux-gnu/gconv/gconv-modules.cache
7fa878008000-7fa87800a000 r--s 00008000 08:05 2323894                    /usr/local/lib/qtjambi-linux64-community-4.8.7/qtjambi-designer-4.8.7.jar
7fa87800a000-7fa8780aa000 rw-p 00000000 00:00 0 
7fa8780aa000-7fa878313000 ---p 00000000 00:00 0 
7fa878313000-7fa87831b000 r-xp 00000000 08:05 2014490                    /usr/lib/jvm/java-8-openjdk-amd64/jre/lib/amd64/libzip.so
7fa87831b000-7fa87851a000 ---p 00008000 08:05 2014490                    /usr/lib/jvm/java-8-openjdk-amd64/jre/lib/amd64/libzip.so
7fa87851a000-7fa87851b000 r--p 00007000 08:05 2014490                    /usr/lib/jvm/java-8-openjdk-amd64/jre/lib/amd64/libzip.so
7fa87851b000-7fa87851c000 rw-p 00008000 08:05 2014490                    /usr/lib/jvm/java-8-openjdk-amd64/jre/lib/amd64/libzip.so
7fa87851c000-7fa878527000 r-xp 00000000 08:05 291630                     /lib/x86_64-linux-gnu/libnss_files-2.19.so
7fa878527000-7fa878726000 ---p 0000b000 08:05 291630                     /lib/x86_64-linux-gnu/libnss_files-2.19.so
7fa878726000-7fa878727000 r--p 0000a000 08:05 291630                     /lib/x86_64-linux-gnu/libnss_files-2.19.so
7fa878727000-7fa878728000 rw-p 0000b000 08:05 291630                     /lib/x86_64-linux-gnu/libnss_files-2.19.so
7fa878728000-7fa878733000 r-xp 00000000 08:05 291622                     /lib/x86_64-linux-gnu/libnss_nis-2.19.so
7fa878733000-7fa878932000 ---p 0000b000 08:05 291622                     /lib/x86_64-linux-gnu/libnss_nis-2.19.so
7fa878932000-7fa878933000 r--p 0000a000 08:05 291622                     /lib/x86_64-linux-gnu/libnss_nis-2.19.so
7fa878933000-7fa878934000 rw-p 0000b000 08:05 291622                     /lib/x86_64-linux-gnu/libnss_nis-2.19.so
7fa878934000-7fa87894b000 r-xp 00000000 08:05 269782                     /lib/x86_64-linux-gnu/libnsl-2.19.so
7fa87894b000-7fa878b4a000 ---p 00017000 08:05 269782                     /lib/x86_64-linux-gnu/libnsl-2.19.so
7fa878b4a000-7fa878b4b000 r--p 00016000 08:05 269782                     /lib/x86_64-linux-gnu/libnsl-2.19.so
7fa878b4b000-7fa878b4c000 rw-p 00017000 08:05 269782                     /lib/x86_64-linux-gnu/libnsl-2.19.so
7fa878b4c000-7fa878b4e000 rw-p 00000000 00:00 0 
7fa878b4e000-7fa878b57000 r-xp 00000000 08:05 269781                     /lib/x86_64-linux-gnu/libnss_compat-2.19.so
7fa878b57000-7fa878d56000 ---p 00009000 08:05 269781                     /lib/x86_64-linux-gnu/libnss_compat-2.19.so
7fa878d56000-7fa878d57000 r--p 00008000 08:05 269781                     /lib/x86_64-linux-gnu/libnss_compat-2.19.so
7fa878d57000-7fa878d58000 rw-p 00009000 08:05 269781                     /lib/x86_64-linux-gnu/libnss_compat-2.19.so
7fa878d58000-7fa878d84000 r-xp 00000000 08:05 2014476                    /usr/lib/jvm/java-8-openjdk-amd64/jre/lib/amd64/libjava.so
7fa878d84000-7fa878f84000 ---p 0002c000 08:05 2014476                    /usr/lib/jvm/java-8-openjdk-amd64/jre/lib/amd64/libjava.so
7fa878f84000-7fa878f85000 r--p 0002c000 08:05 2014476                    /usr/lib/jvm/java-8-openjdk-amd64/jre/lib/amd64/libjava.so
7fa878f85000-7fa878f87000 rw-p 0002d000 08:05 2014476                    /usr/lib/jvm/java-8-openjdk-amd64/jre/lib/amd64/libjava.so
7fa878f87000-7fa878f97000 r-xp 00000000 08:05 2014477                    /usr/lib/jvm/java-8-openjdk-amd64/jre/lib/amd64/libverify.so
7fa878f97000-7fa879196000 ---p 00010000 08:05 2014477                    /usr/lib/jvm/java-8-openjdk-amd64/jre/lib/amd64/libverify.so
7fa879196000-7fa879198000 r--p 0000f000 08:05 2014477                    /usr/lib/jvm/java-8-openjdk-amd64/jre/lib/amd64/libverify.so
7fa879198000-7fa879199000 rw-p 00011000 08:05 2014477                    /usr/lib/jvm/java-8-openjdk-amd64/jre/lib/amd64/libverify.so
7fa879199000-7fa8791a0000 r-xp 00000000 08:05 291626                     /lib/x86_64-linux-gnu/librt-2.19.so
7fa8791a0000-7fa87939f000 ---p 00007000 08:05 291626                     /lib/x86_64-linux-gnu/librt-2.19.so
7fa87939f000-7fa8793a0000 r--p 00006000 08:05 291626                     /lib/x86_64-linux-gnu/librt-2.19.so
7fa8793a0000-7fa8793a1000 rw-p 00007000 08:05 291626                     /lib/x86_64-linux-gnu/librt-2.19.so
7fa8793a1000-7fa8793b7000 r-xp 00000000 08:05 266601                     /lib/x86_64-linux-gnu/libgcc_s.so.1
7fa8793b7000-7fa8795b6000 ---p 00016000 08:05 266601                     /lib/x86_64-linux-gnu/libgcc_s.so.1
7fa8795b6000-7fa8795b7000 rw-p 00015000 08:05 266601                     /lib/x86_64-linux-gnu/libgcc_s.so.1
7fa8795b7000-7fa8796bc000 r-xp 00000000 08:05 266608                     /lib/x86_64-linux-gnu/libm-2.19.so
7fa8796bc000-7fa8798bb000 ---p 00105000 08:05 266608                     /lib/x86_64-linux-gnu/libm-2.19.so
7fa8798bb000-7fa8798bc000 r--p 00104000 08:05 266608                     /lib/x86_64-linux-gnu/libm-2.19.so
7fa8798bc000-7fa8798bd000 rw-p 00105000 08:05 266608                     /lib/x86_64-linux-gnu/libm-2.19.so
7fa8798bd000-7fa8799a3000 r-xp 00000000 08:05 1970404                    /usr/lib/x86_64-linux-gnu/libstdc++.so.6.0.19
7fa8799a3000-7fa879ba2000 ---p 000e6000 08:05 1970404                    /usr/lib/x86_64-linux-gnu/libstdc++.so.6.0.19
7fa879ba2000-7fa879baa000 r--p 000e5000 08:05 1970404                    /usr/lib/x86_64-linux-gnu/libstdc++.so.6.0.19
7fa879baa000-7fa879bac000 rw-p 000ed000 08:05 1970404                    /usr/lib/x86_64-linux-gnu/libstdc++.so.6.0.19
7fa879bac000-7fa879bc1000 rw-p 00000000 00:00 0 
7fa879bc1000-7fa87a7ad000 r-xp 00000000 08:05 2014488                    /usr/lib/jvm/java-8-openjdk-amd64/jre/lib/amd64/server/libjvm.so
7fa87a7ad000-7fa87a9ad000 ---p 00bec000 08:05 2014488                    /usr/lib/jvm/java-8-openjdk-amd64/jre/lib/amd64/server/libjvm.so
7fa87a9ad000-7fa87aa4b000 r--p 00bec000 08:05 2014488                    /usr/lib/jvm/java-8-openjdk-amd64/jre/lib/amd64/server/libjvm.so
7fa87aa4b000-7fa87aa74000 rw-p 00c8a000 08:05 2014488                    /usr/lib/jvm/java-8-openjdk-amd64/jre/lib/amd64/server/libjvm.so
7fa87aa74000-7fa87aaa4000 rw-p 00000000 00:00 0 
7fa87aaa4000-7fa87aabd000 r-xp 00000000 08:05 269783                     /lib/x86_64-linux-gnu/libpthread-2.19.so
7fa87aabd000-7fa87acbc000 ---p 00019000 08:05 269783                     /lib/x86_64-linux-gnu/libpthread-2.19.so
7fa87acbc000-7fa87acbd000 r--p 00018000 08:05 269783                     /lib/x86_64-linux-gnu/libpthread-2.19.so
7fa87acbd000-7fa87acbe000 rw-p 00019000 08:05 269783                     /lib/x86_64-linux-gnu/libpthread-2.19.so
7fa87acbe000-7fa87acc2000 rw-p 00000000 00:00 0 
7fa87acc2000-7fa87acc5000 r-xp 00000000 08:05 266679                     /lib/x86_64-linux-gnu/libdl-2.19.so
7fa87acc5000-7fa87aec4000 ---p 00003000 08:05 266679                     /lib/x86_64-linux-gnu/libdl-2.19.so
7fa87aec4000-7fa87aec5000 r--p 00002000 08:05 266679                     /lib/x86_64-linux-gnu/libdl-2.19.so
7fa87aec5000-7fa87aec6000 rw-p 00003000 08:05 266679                     /lib/x86_64-linux-gnu/libdl-2.19.so
7fa87aec6000-7fa87aede000 r-xp 00000000 08:05 266743                     /lib/x86_64-linux-gnu/libz.so.1.2.8
7fa87aede000-7fa87b0dd000 ---p 00018000 08:05 266743                     /lib/x86_64-linux-gnu/libz.so.1.2.8
7fa87b0dd000-7fa87b0de000 r--p 00017000 08:05 266743                     /lib/x86_64-linux-gnu/libz.so.1.2.8
7fa87b0de000-7fa87b0df000 rw-p 00018000 08:05 266743                     /lib/x86_64-linux-gnu/libz.so.1.2.8
7fa87b0df000-7fa87b29a000 r-xp 00000000 08:05 291627                     /lib/x86_64-linux-gnu/libc-2.19.so
7fa87b29a000-7fa87b499000 ---p 001bb000 08:05 291627                     /lib/x86_64-linux-gnu/libc-2.19.so
7fa87b499000-7fa87b49d000 r--p 001ba000 08:05 291627                     /lib/x86_64-linux-gnu/libc-2.19.so
7fa87b49d000-7fa87b49f000 rw-p 001be000 08:05 291627                     /lib/x86_64-linux-gnu/libc-2.19.so
7fa87b49f000-7fa87b4a4000 rw-p 00000000 00:00 0 
7fa87b4a4000-7fa87b4b1000 r-xp 00000000 08:05 2014503                    /usr/lib/jvm/java-8-openjdk-amd64/jre/lib/amd64/jli/libjli.so
7fa87b4b1000-7fa87b6b1000 ---p 0000d000 08:05 2014503                    /usr/lib/jvm/java-8-openjdk-amd64/jre/lib/amd64/jli/libjli.so
7fa87b6b1000-7fa87b6b2000 r--p 0000d000 08:05 2014503                    /usr/lib/jvm/java-8-openjdk-amd64/jre/lib/amd64/jli/libjli.so
7fa87b6b2000-7fa87b6b3000 rw-p 0000e000 08:05 2014503                    /usr/lib/jvm/java-8-openjdk-amd64/jre/lib/amd64/jli/libjli.so
7fa87b6b3000-7fa87b6d6000 r-xp 00000000 08:05 291610                     /lib/x86_64-linux-gnu/ld-2.19.so
7fa87b6d6000-7fa87b6d7000 r--s 00000000 08:05 132033                     /var/cache/fontconfig/c277e94e32b20404286a1ddafa5a80f0-le64.cache-4
7fa87b6d7000-7fa87b6da000 r--s 01f3b000 08:05 2323897                    /usr/local/lib/qtjambi-linux64-community-4.8.7/qtjambi-native-linux64-gcc-4.8.7.jar
7fa87b6da000-7fa87b6e4000 r--s 00116000 08:05 2014536                    /usr/lib/jvm/java-8-openjdk-amd64/jre/lib/ext/localedata.jar
7fa87b6e4000-7fa87b6e5000 r--s 0000a000 08:05 2014532                    /usr/lib/jvm/java-8-openjdk-amd64/jre/lib/ext/jaccess.jar
7fa87b6e5000-7fa87b6e8000 r--s 0000f000 08:05 2014535                    /usr/lib/jvm/java-8-openjdk-amd64/jre/lib/ext/icedtea-sound.jar
7fa87b6e8000-7fa87b6ee000 r--s 0003a000 08:05 2014534                    /usr/lib/jvm/java-8-openjdk-amd64/jre/lib/ext/sunjce_provider.jar
7fa87b6ee000-7fa87b6f0000 r--s 00001000 08:05 2014529                    /usr/lib/jvm/java-8-openjdk-amd64/jre/lib/ext/dnsns.jar
7fa87b6f0000-7fa87b6f1000 r--s 00010000 08:05 2014533                    /usr/lib/jvm/java-8-openjdk-amd64/jre/lib/ext/zipfs.jar
7fa87b6f1000-7fa87b6f5000 r--s 00037000 08:05 2014537                    /usr/lib/jvm/java-8-openjdk-amd64/jre/lib/ext/sunpkcs11.jar
7fa87b6f5000-7fa87b799000 rw-p 00000000 00:00 0 
7fa87b799000-7fa87b79c000 ---p 00000000 00:00 0 
7fa87b79c000-7fa87b89f000 rw-p 00000000 00:00 0                          [stack:18770]
7fa87b89f000-7fa87b8a0000 r--s 00008000 08:05 2014531                    /usr/lib/jvm/java-8-openjdk-amd64/jre/lib/ext/sunec.jar
7fa87b8a0000-7fa87b8a2000 r--s 00006000 08:05 2373239                    /usr/share/java/java-atk-wrapper.jar
7fa87b8a2000-7fa87b8c9000 rw-p 00000000 00:00 0 
7fa87b8c9000-7fa87b8d1000 rw-s 00000000 08:05 1441906                    /tmp/hsperfdata_xy/18765 (deleted)
7fa87b8d1000-7fa87b8d2000 rw-p 00000000 00:00 0 
7fa87b8d2000-7fa87b8d3000 ---p 00000000 00:00 0 
7fa87b8d3000-7fa87b8d5000 rw-p 00000000 00:00 0 
7fa87b8d5000-7fa87b8d6000 r--p 00022000 08:05 291610                     /lib/x86_64-linux-gnu/ld-2.19.so
7fa87b8d6000-7fa87b8d7000 rw-p 00023000 08:05 291610                     /lib/x86_64-linux-gnu/ld-2.19.so
7fa87b8d7000-7fa87b8d8000 rw-p 00000000 00:00 0 
7ffc160cb000-7ffc160ec000 rw-p 00000000 00:00 0                          [stack]
7ffc160f1000-7ffc160f3000 r--p 00000000 00:00 0                          [vvar]
7ffc160f3000-7ffc160f5000 r-xp 00000000 00:00 0                          [vdso]
ffffffffff600000-ffffffffff601000 r-xp 00000000 00:00 0                  [vsyscall]

VM Arguments:
jvm_args: -Dfile.encoding=UTF-8 
java_command: de.dide.audioPlayer.app.AppAudioPlayer
java_class_path (initial): /home/xy/PROG/workspaces/java/AudioPlayerReally/bin:/usr/local/lib/qtjambi-linux64-community-4.8.7/qtjambi-native-linux64-gcc-4.8.7.jar:/usr/local/lib/qtjambi-linux64-community-4.8.7/qtjambi-examples-src.jar:/usr/local/lib/qtjambi-linux64-community-4.8.7/qtjambi-examples-4.8.7.jar:/usr/local/lib/qtjambi-linux64-community-4.8.7/qtjambi-designer-4.8.7.jar:/usr/local/lib/qtjambi-linux64-community-4.8.7/qtjambi-4.8.7.jar
Launcher Type: SUN_STANDARD

Environment Variables:
JAVA_HOME=/usr/lib/jvm/java-8-openjdk-amd64
PATH=/usr/local/sbin:/usr/local/bin:/usr/sbin:/usr/bin:/sbin:/bin:/usr/games:/usr/local/games:/opt/pychrom-2012/
LD_LIBRARY_PATH=/opt/qt-4.8.7//lib
SHELL=/bin/bash
DISPLAY=:0.0

Signal Handlers:
SIGSEGV: [libjvm.so+0x9f42a0], sa_mask[0]=11111111011111111101111111111110, sa_flags=SA_RESTART|SA_SIGINFO
SIGBUS: [libjvm.so+0x9f42a0], sa_mask[0]=11111111011111111101111111111110, sa_flags=SA_RESTART|SA_SIGINFO
SIGFPE: [libjvm.so+0x8558d0], sa_mask[0]=11111111011111111101111111111110, sa_flags=SA_RESTART|SA_SIGINFO
SIGPIPE: SIG_IGN, sa_mask[0]=00000000000010000000000000000000, sa_flags=SA_RESTART
SIGXFSZ: [libjvm.so+0x8558d0], sa_mask[0]=11111111011111111101111111111110, sa_flags=SA_RESTART|SA_SIGINFO
SIGILL: [libjvm.so+0x8558d0], sa_mask[0]=11111111011111111101111111111110, sa_flags=SA_RESTART|SA_SIGINFO
SIGUSR1: SIG_DFL, sa_mask[0]=00000000000000000000000000000000, sa_flags=none
SIGUSR2: [libjvm.so+0x8557a0], sa_mask[0]=00100000000000000000000000000000, sa_flags=SA_RESTART|SA_SIGINFO
SIGHUP: [libjvm.so+0x855990], sa_mask[0]=11111111011111111101111111111110, sa_flags=SA_RESTART|SA_SIGINFO
SIGINT: [libjvm.so+0x855990], sa_mask[0]=11111111011111111101111111111110, sa_flags=SA_RESTART|SA_SIGINFO
SIGTERM: [libjvm.so+0x855990], sa_mask[0]=11111111011111111101111111111110, sa_flags=SA_RESTART|SA_SIGINFO
SIGQUIT: [libjvm.so+0x855990], sa_mask[0]=11111111011111111101111111111110, sa_flags=SA_RESTART|SA_SIGINFO


---------------  S Y S T E M  ---------------

OS:DISTRIB_ID=Ubuntu
DISTRIB_RELEASE=14.04
DISTRIB_CODENAME=trusty
DISTRIB_DESCRIPTION="Ubuntu 14.04.4 LTS"

uname:Linux 3.19.0-58-generic #64~14.04.1-Ubuntu SMP Fri Mar 18 19:05:43 UTC 2016 x86_64
libc:glibc 2.19 NPTL 2.19 
rlimit: STACK 8192k, CORE 0k, NPROC 31482, NOFILE 4096, AS infinity
load average:0,16 0,26 0,35

/proc/meminfo:
MemTotal:        8090244 kB
MemFree:          524932 kB
MemAvailable:    3822688 kB
Buffers:          216736 kB
Cached:          3973856 kB
SwapCached:            0 kB
Active:          4549520 kB
Inactive:        2647656 kB
Active(anon):    3018020 kB
Inactive(anon):   804992 kB
Active(file):    1531500 kB
Inactive(file):  1842664 kB
Unevictable:        5292 kB
Mlocked:            5292 kB
SwapTotal:             0 kB
SwapFree:              0 kB
Dirty:               696 kB
Writeback:             0 kB
AnonPages:       3011912 kB
Mapped:           637700 kB
Shmem:            812932 kB
Slab:             250600 kB
SReclaimable:     177008 kB
SUnreclaim:        73592 kB
KernelStack:       11248 kB
PageTables:        38300 kB
NFS_Unstable:          0 kB
Bounce:                0 kB
WritebackTmp:          0 kB
CommitLimit:     4045120 kB
Committed_AS:    8002188 kB
VmallocTotal:   34359738367 kB
VmallocUsed:      576668 kB
VmallocChunk:   34359051996 kB
HardwareCorrupted:     0 kB
AnonHugePages:   1363968 kB
CmaTotal:              0 kB
CmaFree:               0 kB
HugePages_Total:       0
HugePages_Free:        0
HugePages_Rsvd:        0
HugePages_Surp:        0
Hugepagesize:       2048 kB
DirectMap4k:      123648 kB
DirectMap2M:     5033984 kB
DirectMap1G:     4194304 kB


CPU:total 8 (4 cores per cpu, 2 threads per core) family 6 model 60 stepping 3, cmov, cx8, fxsr, mmx, sse, sse2, sse3, ssse3, sse4.1, sse4.2, popcnt, avx, avx2, aes, clmul, erms, lzcnt, ht, tsc, tscinvbit, bmi1, bmi2

/proc/cpuinfo:
processor	: 0
vendor_id	: GenuineIntel
cpu family	: 6
model		: 60
model name	: Intel(R) Core(TM) i7-4710HQ CPU @ 2.50GHz
stepping	: 3
microcode	: 0x1c
cpu MHz		: 3381.640
cache size	: 6144 KB
physical id	: 0
siblings	: 8
core id		: 0
cpu cores	: 4
apicid		: 0
initial apicid	: 0
fpu		: yes
fpu_exception	: yes
cpuid level	: 13
wp		: yes
flags		: fpu vme de pse tsc msr pae mce cx8 apic sep mtrr pge mca cmov pat pse36 clflush dts acpi mmx fxsr sse sse2 ss ht tm pbe syscall nx pdpe1gb rdtscp lm constant_tsc arch_perfmon pebs bts rep_good nopl xtopology nonstop_tsc aperfmperf eagerfpu pni pclmulqdq dtes64 monitor ds_cpl vmx est tm2 ssse3 fma cx16 xtpr pdcm pcid sse4_1 sse4_2 x2apic movbe popcnt tsc_deadline_timer aes xsave avx f16c rdrand lahf_lm abm ida arat epb pln pts dtherm tpr_shadow vnmi flexpriority ept vpid fsgsbase tsc_adjust bmi1 avx2 smep bmi2 erms invpcid xsaveopt
bugs		:
bogomips	: 4988.88
clflush size	: 64
cache_alignment	: 64
address sizes	: 39 bits physical, 48 bits virtual
power management:

processor	: 1
vendor_id	: GenuineIntel
cpu family	: 6
model		: 60
model name	: Intel(R) Core(TM) i7-4710HQ CPU @ 2.50GHz
stepping	: 3
microcode	: 0x1c
cpu MHz		: 3300.000
cache size	: 6144 KB
physical id	: 0
siblings	: 8
core id		: 0
cpu cores	: 4
apicid		: 1
initial apicid	: 1
fpu		: yes
fpu_exception	: yes
cpuid level	: 13
wp		: yes
flags		: fpu vme de pse tsc msr pae mce cx8 apic sep mtrr pge mca cmov pat pse36 clflush dts acpi mmx fxsr sse sse2 ss ht tm pbe syscall nx pdpe1gb rdtscp lm constant_tsc arch_perfmon pebs bts rep_good nopl xtopology nonstop_tsc aperfmperf eagerfpu pni pclmulqdq dtes64 monitor ds_cpl vmx est tm2 ssse3 fma cx16 xtpr pdcm pcid sse4_1 sse4_2 x2apic movbe popcnt tsc_deadline_timer aes xsave avx f16c rdrand lahf_lm abm ida arat epb pln pts dtherm tpr_shadow vnmi flexpriority ept vpid fsgsbase tsc_adjust bmi1 avx2 smep bmi2 erms invpcid xsaveopt
bugs		:
bogomips	: 4988.88
clflush size	: 64
cache_alignment	: 64
address sizes	: 39 bits physical, 48 bits virtual
power management:

processor	: 2
vendor_id	: GenuineIntel
cpu family	: 6
model		: 60
model name	: Intel(R) Core(TM) i7-4710HQ CPU @ 2.50GHz
stepping	: 3
microcode	: 0x1c
cpu MHz		: 3378.125
cache size	: 6144 KB
physical id	: 0
siblings	: 8
core id		: 1
cpu cores	: 4
apicid		: 2
initial apicid	: 2
fpu		: yes
fpu_exception	: yes
cpuid level	: 13
wp		: yes
flags		: fpu vme de pse tsc msr pae mce cx8 apic sep mtrr pge mca cmov pat pse36 clflush dts acpi mmx fxsr sse sse2 ss ht tm pbe syscall nx pdpe1gb rdtscp lm constant_tsc arch_perfmon pebs bts rep_good nopl xtopology nonstop_tsc aperfmperf eagerfpu pni pclmulqdq dtes64 monitor ds_cpl vmx est tm2 ssse3 fma cx16 xtpr pdcm pcid sse4_1 sse4_2 x2apic movbe popcnt tsc_deadline_timer aes xsave avx f16c rdrand lahf_lm abm ida arat epb pln pts dtherm tpr_shadow vnmi flexpriority ept vpid fsgsbase tsc_adjust bmi1 avx2 smep bmi2 erms invpcid xsaveopt
bugs		:
bogomips	: 4988.88
clflush size	: 64
cache_alignment	: 64
address sizes	: 39 bits physical, 48 bits virtual
power management:

processor	: 3
vendor_id	: GenuineIntel
cpu family	: 6
model		: 60
model name	: Intel(R) Core(TM) i7-4710HQ CPU @ 2.50GHz
stepping	: 3
microcode	: 0x1c
cpu MHz		: 3313.476
cache size	: 6144 KB
physical id	: 0
siblings	: 8
core id		: 1
cpu cores	: 4
apicid		: 3
initial apicid	: 3
fpu		: yes
fpu_exception	: yes
cpuid level	: 13
wp		: yes
flags		: fpu vme de pse tsc msr pae mce cx8 apic sep mtrr pge mca cmov pat pse36 clflush dts acpi mmx fxsr sse sse2 ss ht tm pbe syscall nx pdpe1gb rdtscp lm constant_tsc arch_perfmon pebs bts rep_good nopl xtopology nonstop_tsc aperfmperf eagerfpu pni pclmulqdq dtes64 monitor ds_cpl vmx est tm2 ssse3 fma cx16 xtpr pdcm pcid sse4_1 sse4_2 x2apic movbe popcnt tsc_deadline_timer aes xsave avx f16c rdrand lahf_lm abm ida arat epb pln pts dtherm tpr_shadow vnmi flexpriority ept vpid fsgsbase tsc_adjust bmi1 avx2 smep bmi2 erms invpcid xsaveopt
bugs		:
bogomips	: 4988.88
clflush size	: 64
cache_alignment	: 64
address sizes	: 39 bits physical, 48 bits virtual
power management:

processor	: 4
vendor_id	: GenuineIntel
cpu family	: 6
model		: 60
model name	: Intel(R) Core(TM) i7-4710HQ CPU @ 2.50GHz
stepping	: 3
microcode	: 0x1c
cpu MHz		: 3300.195
cache size	: 6144 KB
physical id	: 0
siblings	: 8
core id		: 2
cpu cores	: 4
apicid		: 4
initial apicid	: 4
fpu		: yes
fpu_exception	: yes
cpuid level	: 13
wp		: yes
flags		: fpu vme de pse tsc msr pae mce cx8 apic sep mtrr pge mca cmov pat pse36 clflush dts acpi mmx fxsr sse sse2 ss ht tm pbe syscall nx pdpe1gb rdtscp lm constant_tsc arch_perfmon pebs bts rep_good nopl xtopology nonstop_tsc aperfmperf eagerfpu pni pclmulqdq dtes64 monitor ds_cpl vmx est tm2 ssse3 fma cx16 xtpr pdcm pcid sse4_1 sse4_2 x2apic movbe popcnt tsc_deadline_timer aes xsave avx f16c rdrand lahf_lm abm ida arat epb pln pts dtherm tpr_shadow vnmi flexpriority ept vpid fsgsbase tsc_adjust bmi1 avx2 smep bmi2 erms invpcid xsaveopt
bugs		:
bogomips	: 4988.88
clflush size	: 64
cache_alignment	: 64
address sizes	: 39 bits physical, 48 bits virtual
power management:

processor	: 5
vendor_id	: GenuineIntel
cpu family	: 6
model		: 60
model name	: Intel(R) Core(TM) i7-4710HQ CPU @ 2.50GHz
stepping	: 3
microcode	: 0x1c
cpu MHz		: 3303.515
cache size	: 6144 KB
physical id	: 0
siblings	: 8
core id		: 2
cpu cores	: 4
apicid		: 5
initial apicid	: 5
fpu		: yes
fpu_exception	: yes
cpuid level	: 13
wp		: yes
flags		: fpu vme de pse tsc msr pae mce cx8 apic sep mtrr pge mca cmov pat pse36 clflush dts acpi mmx fxsr sse sse2 ss ht tm pbe syscall nx pdpe1gb rdtscp lm constant_tsc arch_perfmon pebs bts rep_good nopl xtopology nonstop_tsc aperfmperf eagerfpu pni pclmulqdq dtes64 monitor ds_cpl vmx est tm2 ssse3 fma cx16 xtpr pdcm pcid sse4_1 sse4_2 x2apic movbe popcnt tsc_deadline_timer aes xsave avx f16c rdrand lahf_lm abm ida arat epb pln pts dtherm tpr_shadow vnmi flexpriority ept vpid fsgsbase tsc_adjust bmi1 avx2 smep bmi2 erms invpcid xsaveopt
bugs		:
bogomips	: 4988.88
clflush size	: 64
cache_alignment	: 64
address sizes	: 39 bits physical, 48 bits virtual
power management:

processor	: 6
vendor_id	: GenuineIntel
cpu family	: 6
model		: 60
model name	: Intel(R) Core(TM) i7-4710HQ CPU @ 2.50GHz
stepping	: 3
microcode	: 0x1c
cpu MHz		: 3300.000
cache size	: 6144 KB
physical id	: 0
siblings	: 8
core id		: 3
cpu cores	: 4
apicid		: 6
initial apicid	: 6
fpu		: yes
fpu_exception	: yes
cpuid level	: 13
wp		: yes
flags		: fpu vme de pse tsc msr pae mce cx8 apic sep mtrr pge mca cmov pat pse36 clflush dts acpi mmx fxsr sse sse2 ss ht tm pbe syscall nx pdpe1gb rdtscp lm constant_tsc arch_perfmon pebs bts rep_good nopl xtopology nonstop_tsc aperfmperf eagerfpu pni pclmulqdq dtes64 monitor ds_cpl vmx est tm2 ssse3 fma cx16 xtpr pdcm pcid sse4_1 sse4_2 x2apic movbe popcnt tsc_deadline_timer aes xsave avx f16c rdrand lahf_lm abm ida arat epb pln pts dtherm tpr_shadow vnmi flexpriority ept vpid fsgsbase tsc_adjust bmi1 avx2 smep bmi2 erms invpcid xsaveopt
bugs		:
bogomips	: 4988.88
clflush size	: 64
cache_alignment	: 64
address sizes	: 39 bits physical, 48 bits virtual
power management:

processor	: 7
vendor_id	: GenuineIntel
cpu family	: 6
model		: 60
model name	: Intel(R) Core(TM) i7-4710HQ CPU @ 2.50GHz
stepping	: 3
microcode	: 0x1c
cpu MHz		: 3300.000
cache size	: 6144 KB
physical id	: 0
siblings	: 8
core id		: 3
cpu cores	: 4
apicid		: 7
initial apicid	: 7
fpu		: yes
fpu_exception	: yes
cpuid level	: 13
wp		: yes
flags		: fpu vme de pse tsc msr pae mce cx8 apic sep mtrr pge mca cmov pat pse36 clflush dts acpi mmx fxsr sse sse2 ss ht tm pbe syscall nx pdpe1gb rdtscp lm constant_tsc arch_perfmon pebs bts rep_good nopl xtopology nonstop_tsc aperfmperf eagerfpu pni pclmulqdq dtes64 monitor ds_cpl vmx est tm2 ssse3 fma cx16 xtpr pdcm pcid sse4_1 sse4_2 x2apic movbe popcnt tsc_deadline_timer aes xsave avx f16c rdrand lahf_lm abm ida arat epb pln pts dtherm tpr_shadow vnmi flexpriority ept vpid fsgsbase tsc_adjust bmi1 avx2 smep bmi2 erms invpcid xsaveopt
bugs		:
bogomips	: 4988.88
clflush size	: 64
cache_alignment	: 64
address sizes	: 39 bits physical, 48 bits virtual
power management:



Memory: 4k page, physical 8090244k(524948k free), swap 0k(0k free)

vm_info: OpenJDK 64-Bit Server VM (25.72-b15) for linux-amd64 JRE (1.8.0_72-internal-b15), built on Jan 28 2016 23:42:34 by "buildd" with gcc 4.8.2

time: Sun Apr 17 02:14:07 2016
elapsed time: 0 seconds (0d 0h 0m 0s)

